<?xml version="1.0" encoding="UTF-8"?>
<testsuite name="com.epam.esm.controller.api.impl.UserControllerImplTest" tests="2" skipped="0" failures="0" errors="0" timestamp="2022-05-14T21:39:12" hostname="DESKTOP-US0M6L4" time="0.035">
  <properties/>
  <testcase name="createUser()" classname="com.epam.esm.controller.api.impl.UserControllerImplTest" time="0.02"/>
  <testcase name="getUsers()" classname="com.epam.esm.controller.api.impl.UserControllerImplTest" time="0.015"/>
  <system-out><![CDATA[2022-05-15 00:39:12.468  INFO 7972 --- [    Test worker] o.s.mock.web.MockServletContext          : Initializing Spring TestDispatcherServlet ''
2022-05-15 00:39:12.468  INFO 7972 --- [    Test worker] o.s.t.web.servlet.TestDispatcherServlet  : Initializing Servlet ''
2022-05-15 00:39:12.469  INFO 7972 --- [    Test worker] o.s.t.web.servlet.TestDispatcherServlet  : Completed initialization in 1 ms
2022-05-15 00:39:12.478  INFO 7972 --- [    Test worker] o.s.mock.web.MockServletContext          : Initializing Spring TestDispatcherServlet ''
2022-05-15 00:39:12.478  INFO 7972 --- [    Test worker] o.s.t.web.servlet.TestDispatcherServlet  : Initializing Servlet ''
2022-05-15 00:39:12.478  INFO 7972 --- [    Test worker] o.s.t.web.servlet.TestDispatcherServlet  : Completed initialization in 0 ms
]]></system-out>
  <system-err><![CDATA[]]></system-err>
</testsuite>
