<?xml version="1.0" encoding="UTF-8"?>
<testsuite name="com.epam.esm.service.impl.UserServiceImplTest" tests="1" skipped="0" failures="0" errors="0" timestamp="2022-05-17T22:35:14" hostname="DESKTOP-US0M6L4" time="0.66">
  <properties/>
  <testcase name="createUser()" classname="com.epam.esm.service.impl.UserServiceImplTest" time="0.66"/>
  <system-out><![CDATA[]]></system-out>
  <system-err><![CDATA[]]></system-err>
</testsuite>
