<?xml version="1.0" encoding="UTF-8"?>
<testsuite name="com.epam.esm.controller.api.impl.PurchaseControllerImplTest" tests="14" skipped="0" failures="0" errors="0" timestamp="2022-05-14T21:38:58" hostname="DESKTOP-US0M6L4" time="1.685">
  <properties/>
  <testcase name="getUserPrimaryTags_success()" classname="com.epam.esm.controller.api.impl.PurchaseControllerImplTest" time="1.402"/>
  <testcase name="deletePurchase_success()" classname="com.epam.esm.controller.api.impl.PurchaseControllerImplTest" time="0.027"/>
  <testcase name="getPurchaseById_fail_notFound()" classname="com.epam.esm.controller.api.impl.PurchaseControllerImplTest" time="0.029"/>
  <testcase name="getPurchaseById_fail_badIdParam()" classname="com.epam.esm.controller.api.impl.PurchaseControllerImplTest" time="0.031"/>
  <testcase name="getPrimaryTags()" classname="com.epam.esm.controller.api.impl.PurchaseControllerImplTest" time="0.028"/>
  <testcase name="getUserPurchases_fail_userNotFound()" classname="com.epam.esm.controller.api.impl.PurchaseControllerImplTest" time="0.026"/>
  <testcase name="getUserPurchases_success()" classname="com.epam.esm.controller.api.impl.PurchaseControllerImplTest" time="0.028"/>
  <testcase name="getPurchaseById_success()" classname="com.epam.esm.controller.api.impl.PurchaseControllerImplTest" time="0.013"/>
  <testcase name="purchaseCertificate_fail_userNotFound()" classname="com.epam.esm.controller.api.impl.PurchaseControllerImplTest" time="0.016"/>
  <testcase name="getAllPurchases()" classname="com.epam.esm.controller.api.impl.PurchaseControllerImplTest" time="0.019"/>
  <testcase name="purchaseCertificate_fail_certificateNotFound()" classname="com.epam.esm.controller.api.impl.PurchaseControllerImplTest" time="0.011"/>
  <testcase name="getUserPrimaryTags_fail_userNotFound()" classname="com.epam.esm.controller.api.impl.PurchaseControllerImplTest" time="0.017"/>
  <testcase name="purchaseCertificate_success()" classname="com.epam.esm.controller.api.impl.PurchaseControllerImplTest" time="0.017"/>
  <testcase name="deletePurchase_fail_certificateNotFound()" classname="com.epam.esm.controller.api.impl.PurchaseControllerImplTest" time="0.013"/>
  <system-out><![CDATA[00:38:59.398 [Test worker] DEBUG _org.springframework.web.servlet.HandlerMapping.Mappings - 
	c.e.e.c.a.i.PurchaseControllerImpl:
	{GET [/purchases/primary-tags/user/{userId}], produces [application/json]}: getUserPrimaryTags(long,int,int)
	{POST [/purchases], produces [application/json]}: purchaseCertificate(long,long)
	{GET [/purchases/user/{userId}], produces [application/json]}: getUserPurchases(long,int,int)
	{DELETE [/purchases/{id}], produces [application/json]}: deletePurchase(long)
	{GET [/purchases/all], produces [application/json]}: getAllPurchases(int,int)
	{GET [/purchases/primary-tags/], produces [application/json]}: getPrimaryTags(int,int)
	{GET [/purchases/{id}], produces [application/json]}: getPurchaseById(long)
	{PATCH [/purchases/{id}], produces [application/json]}: updatePurchase(long,HttpServletResponse)
00:38:59.432 [Test worker] DEBUG org.springframework.web.servlet.mvc.method.annotation.RequestMappingHandlerMapping - 8 mappings in org.springframework.web.servlet.mvc.method.annotation.RequestMappingHandlerMapping
00:38:59.653 [Test worker] DEBUG org.springframework.web.servlet.mvc.method.annotation.RequestMappingHandlerAdapter - ControllerAdvice beans: 0 @ModelAttribute, 0 @InitBinder, 1 RequestBodyAdvice, 1 ResponseBodyAdvice
00:38:59.692 [Test worker] DEBUG org.springframework.web.servlet.mvc.method.annotation.ExceptionHandlerExceptionResolver - ControllerAdvice beans: 0 @ExceptionHandler, 1 ResponseBodyAdvice
00:38:59.709 [Test worker] INFO org.springframework.mock.web.MockServletContext - Initializing Spring TestDispatcherServlet ''
00:38:59.709 [Test worker] INFO org.springframework.test.web.servlet.TestDispatcherServlet - Initializing Servlet ''
00:38:59.711 [Test worker] DEBUG org.springframework.test.web.servlet.TestDispatcherServlet - Detected AcceptHeaderLocaleResolver
00:38:59.711 [Test worker] DEBUG org.springframework.test.web.servlet.TestDispatcherServlet - Detected FixedThemeResolver
00:38:59.712 [Test worker] DEBUG org.springframework.test.web.servlet.TestDispatcherServlet - Detected org.springframework.web.servlet.view.DefaultRequestToViewNameTranslator@11484c9a
00:38:59.712 [Test worker] DEBUG org.springframework.test.web.servlet.TestDispatcherServlet - Detected org.springframework.web.servlet.support.SessionFlashMapManager@2262f7b
00:38:59.712 [Test worker] DEBUG org.springframework.test.web.servlet.TestDispatcherServlet - enableLoggingRequestDetails='false': request parameters and headers will be masked to prevent unsafe logging of potentially sensitive data
00:38:59.712 [Test worker] INFO org.springframework.test.web.servlet.TestDispatcherServlet - Completed initialization in 3 ms
00:38:59.766 [Test worker] DEBUG org.springframework.test.web.servlet.TestDispatcherServlet - GET "/purchases/primary-tags/user/2", parameters={}
00:38:59.771 [Test worker] DEBUG org.springframework.web.servlet.mvc.method.annotation.RequestMappingHandlerMapping - Mapped to com.epam.esm.controller.api.impl.PurchaseControllerImpl#getUserPrimaryTags(long, int, int)
00:39:00.021 [Test worker] DEBUG org.springframework.web.servlet.mvc.method.annotation.RequestResponseBodyMethodProcessor - Using 'application/json', given [*/*] and supported [application/json]
00:39:00.059 [Test worker] DEBUG org.springframework.web.servlet.mvc.method.annotation.RequestResponseBodyMethodProcessor - Writing [links: [<http://localhost/purchases/primary-tags/user/2?page=1&limit=10>;rel="self", <http://localho (truncated)...]
00:39:00.099 [Test worker] DEBUG org.springframework.test.web.servlet.TestDispatcherServlet - Completed 200 OK
00:39:00.142 [Test worker] DEBUG com.jayway.jsonpath.internal.path.CompiledPath - Evaluating path: $['elements_on_current_page']
00:39:00.162 [Test worker] DEBUG _org.springframework.web.servlet.HandlerMapping.Mappings - 
	c.e.e.c.a.i.PurchaseControllerImpl:
	{GET [/purchases/primary-tags/user/{userId}], produces [application/json]}: getUserPrimaryTags(long,int,int)
	{POST [/purchases], produces [application/json]}: purchaseCertificate(long,long)
	{GET [/purchases/user/{userId}], produces [application/json]}: getUserPurchases(long,int,int)
	{DELETE [/purchases/{id}], produces [application/json]}: deletePurchase(long)
	{GET [/purchases/all], produces [application/json]}: getAllPurchases(int,int)
	{GET [/purchases/primary-tags/], produces [application/json]}: getPrimaryTags(int,int)
	{GET [/purchases/{id}], produces [application/json]}: getPurchaseById(long)
	{PATCH [/purchases/{id}], produces [application/json]}: updatePurchase(long,HttpServletResponse)
00:39:00.164 [Test worker] DEBUG org.springframework.web.servlet.mvc.method.annotation.RequestMappingHandlerMapping - 8 mappings in org.springframework.web.servlet.mvc.method.annotation.RequestMappingHandlerMapping
00:39:00.169 [Test worker] DEBUG org.springframework.web.servlet.mvc.method.annotation.RequestMappingHandlerAdapter - ControllerAdvice beans: 0 @ModelAttribute, 0 @InitBinder, 1 RequestBodyAdvice, 1 ResponseBodyAdvice
00:39:00.171 [Test worker] DEBUG org.springframework.web.servlet.mvc.method.annotation.ExceptionHandlerExceptionResolver - ControllerAdvice beans: 0 @ExceptionHandler, 1 ResponseBodyAdvice
00:39:00.172 [Test worker] INFO org.springframework.mock.web.MockServletContext - Initializing Spring TestDispatcherServlet ''
00:39:00.172 [Test worker] INFO org.springframework.test.web.servlet.TestDispatcherServlet - Initializing Servlet ''
00:39:00.172 [Test worker] DEBUG org.springframework.test.web.servlet.TestDispatcherServlet - Detected AcceptHeaderLocaleResolver
00:39:00.172 [Test worker] DEBUG org.springframework.test.web.servlet.TestDispatcherServlet - Detected FixedThemeResolver
00:39:00.173 [Test worker] DEBUG org.springframework.test.web.servlet.TestDispatcherServlet - Detected org.springframework.web.servlet.view.DefaultRequestToViewNameTranslator@5a142a2b
00:39:00.173 [Test worker] DEBUG org.springframework.test.web.servlet.TestDispatcherServlet - Detected org.springframework.web.servlet.support.SessionFlashMapManager@6de82053
00:39:00.173 [Test worker] DEBUG org.springframework.test.web.servlet.TestDispatcherServlet - enableLoggingRequestDetails='false': request parameters and headers will be masked to prevent unsafe logging of potentially sensitive data
00:39:00.173 [Test worker] INFO org.springframework.test.web.servlet.TestDispatcherServlet - Completed initialization in 1 ms
00:39:00.174 [Test worker] DEBUG org.springframework.test.web.servlet.TestDispatcherServlet - DELETE "/purchases/3", parameters={}
00:39:00.174 [Test worker] DEBUG org.springframework.web.servlet.mvc.method.annotation.RequestMappingHandlerMapping - Mapped to com.epam.esm.controller.api.impl.PurchaseControllerImpl#deletePurchase(long)
00:39:00.177 [Test worker] DEBUG org.springframework.web.servlet.mvc.method.annotation.RequestResponseBodyMethodProcessor - Using 'application/json', given [*/*] and supported [application/json]
00:39:00.178 [Test worker] DEBUG org.springframework.web.servlet.mvc.method.annotation.RequestResponseBodyMethodProcessor - Writing [com.epam.esm.controller.util.Message@40edae5]
00:39:00.178 [Test worker] DEBUG org.springframework.test.web.servlet.TestDispatcherServlet - Completed 200 OK
00:39:00.179 [Test worker] DEBUG com.jayway.jsonpath.internal.path.CompiledPath - Evaluating path: $['code']
00:39:00.186 [Test worker] DEBUG _org.springframework.web.servlet.HandlerMapping.Mappings - 
	c.e.e.c.a.i.PurchaseControllerImpl:
	{GET [/purchases/primary-tags/user/{userId}], produces [application/json]}: getUserPrimaryTags(long,int,int)
	{POST [/purchases], produces [application/json]}: purchaseCertificate(long,long)
	{GET [/purchases/user/{userId}], produces [application/json]}: getUserPurchases(long,int,int)
	{DELETE [/purchases/{id}], produces [application/json]}: deletePurchase(long)
	{GET [/purchases/all], produces [application/json]}: getAllPurchases(int,int)
	{GET [/purchases/primary-tags/], produces [application/json]}: getPrimaryTags(int,int)
	{GET [/purchases/{id}], produces [application/json]}: getPurchaseById(long)
	{PATCH [/purchases/{id}], produces [application/json]}: updatePurchase(long,HttpServletResponse)
00:39:00.189 [Test worker] DEBUG org.springframework.web.servlet.mvc.method.annotation.RequestMappingHandlerMapping - 8 mappings in org.springframework.web.servlet.mvc.method.annotation.RequestMappingHandlerMapping
00:39:00.194 [Test worker] DEBUG org.springframework.web.servlet.mvc.method.annotation.RequestMappingHandlerAdapter - ControllerAdvice beans: 0 @ModelAttribute, 0 @InitBinder, 1 RequestBodyAdvice, 1 ResponseBodyAdvice
00:39:00.196 [Test worker] DEBUG org.springframework.web.servlet.mvc.method.annotation.ExceptionHandlerExceptionResolver - ControllerAdvice beans: 0 @ExceptionHandler, 1 ResponseBodyAdvice
00:39:00.197 [Test worker] INFO org.springframework.mock.web.MockServletContext - Initializing Spring TestDispatcherServlet ''
00:39:00.197 [Test worker] INFO org.springframework.test.web.servlet.TestDispatcherServlet - Initializing Servlet ''
00:39:00.197 [Test worker] DEBUG org.springframework.test.web.servlet.TestDispatcherServlet - Detected AcceptHeaderLocaleResolver
00:39:00.197 [Test worker] DEBUG org.springframework.test.web.servlet.TestDispatcherServlet - Detected FixedThemeResolver
00:39:00.197 [Test worker] DEBUG org.springframework.test.web.servlet.TestDispatcherServlet - Detected org.springframework.web.servlet.view.DefaultRequestToViewNameTranslator@274805ae
00:39:00.197 [Test worker] DEBUG org.springframework.test.web.servlet.TestDispatcherServlet - Detected org.springframework.web.servlet.support.SessionFlashMapManager@1aac2357
00:39:00.197 [Test worker] DEBUG org.springframework.test.web.servlet.TestDispatcherServlet - enableLoggingRequestDetails='false': request parameters and headers will be masked to prevent unsafe logging of potentially sensitive data
00:39:00.197 [Test worker] INFO org.springframework.test.web.servlet.TestDispatcherServlet - Completed initialization in 0 ms
00:39:00.199 [Test worker] DEBUG org.springframework.test.web.servlet.TestDispatcherServlet - GET "/purchases/3", parameters={}
00:39:00.199 [Test worker] DEBUG org.springframework.web.servlet.mvc.method.annotation.RequestMappingHandlerMapping - Mapped to com.epam.esm.controller.api.impl.PurchaseControllerImpl#getPurchaseById(long)
00:39:00.205 [Test worker] DEBUG org.springframework.web.servlet.mvc.method.annotation.ExceptionHandlerExceptionResolver - Using @ExceptionHandler com.epam.esm.controller.api.impl.PurchaseControllerImpl#purchaseNotFound(PurchaseNotFoundException)
00:39:00.207 [Test worker] DEBUG org.springframework.web.servlet.mvc.method.annotation.RequestResponseBodyMethodProcessor - Using 'application/json', given [*/*] and supported [application/json, application/*+json]
00:39:00.208 [Test worker] DEBUG org.springframework.web.servlet.mvc.method.annotation.RequestResponseBodyMethodProcessor - Writing [com.epam.esm.controller.util.Message@5830363d]
00:39:00.208 [Test worker] DEBUG org.springframework.web.servlet.mvc.method.annotation.ExceptionHandlerExceptionResolver - Resolved [com.epam.esm.controller.api.exception.PurchaseNotFoundException]
00:39:00.209 [Test worker] DEBUG org.springframework.test.web.servlet.TestDispatcherServlet - Completed 404 NOT_FOUND
00:39:00.215 [Test worker] DEBUG _org.springframework.web.servlet.HandlerMapping.Mappings - 
	c.e.e.c.a.i.PurchaseControllerImpl:
	{GET [/purchases/primary-tags/user/{userId}], produces [application/json]}: getUserPrimaryTags(long,int,int)
	{POST [/purchases], produces [application/json]}: purchaseCertificate(long,long)
	{GET [/purchases/user/{userId}], produces [application/json]}: getUserPurchases(long,int,int)
	{DELETE [/purchases/{id}], produces [application/json]}: deletePurchase(long)
	{GET [/purchases/all], produces [application/json]}: getAllPurchases(int,int)
	{GET [/purchases/primary-tags/], produces [application/json]}: getPrimaryTags(int,int)
	{GET [/purchases/{id}], produces [application/json]}: getPurchaseById(long)
	{PATCH [/purchases/{id}], produces [application/json]}: updatePurchase(long,HttpServletResponse)
00:39:00.217 [Test worker] DEBUG org.springframework.web.servlet.mvc.method.annotation.RequestMappingHandlerMapping - 8 mappings in org.springframework.web.servlet.mvc.method.annotation.RequestMappingHandlerMapping
00:39:00.221 [Test worker] DEBUG org.springframework.web.servlet.mvc.method.annotation.RequestMappingHandlerAdapter - ControllerAdvice beans: 0 @ModelAttribute, 0 @InitBinder, 1 RequestBodyAdvice, 1 ResponseBodyAdvice
00:39:00.224 [Test worker] DEBUG org.springframework.web.servlet.mvc.method.annotation.ExceptionHandlerExceptionResolver - ControllerAdvice beans: 0 @ExceptionHandler, 1 ResponseBodyAdvice
00:39:00.224 [Test worker] INFO org.springframework.mock.web.MockServletContext - Initializing Spring TestDispatcherServlet ''
00:39:00.224 [Test worker] INFO org.springframework.test.web.servlet.TestDispatcherServlet - Initializing Servlet ''
00:39:00.225 [Test worker] DEBUG org.springframework.test.web.servlet.TestDispatcherServlet - Detected AcceptHeaderLocaleResolver
00:39:00.225 [Test worker] DEBUG org.springframework.test.web.servlet.TestDispatcherServlet - Detected FixedThemeResolver
00:39:00.225 [Test worker] DEBUG org.springframework.test.web.servlet.TestDispatcherServlet - Detected org.springframework.web.servlet.view.DefaultRequestToViewNameTranslator@2d8c3a4f
00:39:00.225 [Test worker] DEBUG org.springframework.test.web.servlet.TestDispatcherServlet - Detected org.springframework.web.servlet.support.SessionFlashMapManager@1c12c12
00:39:00.225 [Test worker] DEBUG org.springframework.test.web.servlet.TestDispatcherServlet - enableLoggingRequestDetails='false': request parameters and headers will be masked to prevent unsafe logging of potentially sensitive data
00:39:00.225 [Test worker] INFO org.springframework.test.web.servlet.TestDispatcherServlet - Completed initialization in 1 ms
00:39:00.226 [Test worker] DEBUG org.springframework.test.web.servlet.TestDispatcherServlet - GET "/purchases/badToTheBone", parameters={}
00:39:00.227 [Test worker] DEBUG org.springframework.web.servlet.mvc.method.annotation.RequestMappingHandlerMapping - Mapped to com.epam.esm.controller.api.impl.PurchaseControllerImpl#getPurchaseById(long)
00:39:00.238 [Test worker] DEBUG org.springframework.web.method.HandlerMethod - Could not resolve parameter [0] in public com.epam.esm.model.Purchase com.epam.esm.controller.api.impl.PurchaseControllerImpl.getPurchaseById(long): Failed to convert value of type 'java.lang.String' to required type 'long'; nested exception is java.lang.NumberFormatException: For input string: "badToTheBone"
00:39:00.239 [Test worker] WARN org.springframework.web.servlet.mvc.support.DefaultHandlerExceptionResolver - Resolved [org.springframework.web.method.annotation.MethodArgumentTypeMismatchException: Failed to convert value of type 'java.lang.String' to required type 'long'; nested exception is java.lang.NumberFormatException: For input string: "badToTheBone"]
00:39:00.240 [Test worker] DEBUG org.springframework.test.web.servlet.TestDispatcherServlet - Completed 400 BAD_REQUEST
00:39:00.245 [Test worker] DEBUG _org.springframework.web.servlet.HandlerMapping.Mappings - 
	c.e.e.c.a.i.PurchaseControllerImpl:
	{GET [/purchases/primary-tags/user/{userId}], produces [application/json]}: getUserPrimaryTags(long,int,int)
	{POST [/purchases], produces [application/json]}: purchaseCertificate(long,long)
	{GET [/purchases/user/{userId}], produces [application/json]}: getUserPurchases(long,int,int)
	{DELETE [/purchases/{id}], produces [application/json]}: deletePurchase(long)
	{GET [/purchases/all], produces [application/json]}: getAllPurchases(int,int)
	{GET [/purchases/primary-tags/], produces [application/json]}: getPrimaryTags(int,int)
	{GET [/purchases/{id}], produces [application/json]}: getPurchaseById(long)
	{PATCH [/purchases/{id}], produces [application/json]}: updatePurchase(long,HttpServletResponse)
00:39:00.248 [Test worker] DEBUG org.springframework.web.servlet.mvc.method.annotation.RequestMappingHandlerMapping - 8 mappings in org.springframework.web.servlet.mvc.method.annotation.RequestMappingHandlerMapping
00:39:00.254 [Test worker] DEBUG org.springframework.web.servlet.mvc.method.annotation.RequestMappingHandlerAdapter - ControllerAdvice beans: 0 @ModelAttribute, 0 @InitBinder, 1 RequestBodyAdvice, 1 ResponseBodyAdvice
00:39:00.255 [Test worker] DEBUG org.springframework.web.servlet.mvc.method.annotation.ExceptionHandlerExceptionResolver - ControllerAdvice beans: 0 @ExceptionHandler, 1 ResponseBodyAdvice
00:39:00.256 [Test worker] INFO org.springframework.mock.web.MockServletContext - Initializing Spring TestDispatcherServlet ''
00:39:00.256 [Test worker] INFO org.springframework.test.web.servlet.TestDispatcherServlet - Initializing Servlet ''
00:39:00.256 [Test worker] DEBUG org.springframework.test.web.servlet.TestDispatcherServlet - Detected AcceptHeaderLocaleResolver
00:39:00.256 [Test worker] DEBUG org.springframework.test.web.servlet.TestDispatcherServlet - Detected FixedThemeResolver
00:39:00.256 [Test worker] DEBUG org.springframework.test.web.servlet.TestDispatcherServlet - Detected org.springframework.web.servlet.view.DefaultRequestToViewNameTranslator@243a855d
00:39:00.256 [Test worker] DEBUG org.springframework.test.web.servlet.TestDispatcherServlet - Detected org.springframework.web.servlet.support.SessionFlashMapManager@5dc6f48c
00:39:00.256 [Test worker] DEBUG org.springframework.test.web.servlet.TestDispatcherServlet - enableLoggingRequestDetails='false': request parameters and headers will be masked to prevent unsafe logging of potentially sensitive data
00:39:00.256 [Test worker] INFO org.springframework.test.web.servlet.TestDispatcherServlet - Completed initialization in 0 ms
00:39:00.257 [Test worker] DEBUG org.springframework.test.web.servlet.TestDispatcherServlet - GET "/purchases/primary-tags/", parameters={}
00:39:00.257 [Test worker] DEBUG org.springframework.web.servlet.mvc.method.annotation.RequestMappingHandlerMapping - Mapped to com.epam.esm.controller.api.impl.PurchaseControllerImpl#getPrimaryTags(int, int)
00:39:00.261 [Test worker] DEBUG org.springframework.web.servlet.mvc.method.annotation.RequestResponseBodyMethodProcessor - Using 'application/json', given [*/*] and supported [application/json]
00:39:00.263 [Test worker] DEBUG org.springframework.web.servlet.mvc.method.annotation.RequestResponseBodyMethodProcessor - Writing [links: [<http://localhost/purchases/primary-tags/?page=1&limit=10>;rel="self", <http://localhost/pur (truncated)...]
00:39:00.267 [Test worker] DEBUG org.springframework.test.web.servlet.TestDispatcherServlet - Completed 200 OK
00:39:00.268 [Test worker] DEBUG com.jayway.jsonpath.internal.path.CompiledPath - Evaluating path: $['elements_on_current_page']
00:39:00.274 [Test worker] DEBUG _org.springframework.web.servlet.HandlerMapping.Mappings - 
	c.e.e.c.a.i.PurchaseControllerImpl:
	{GET [/purchases/primary-tags/user/{userId}], produces [application/json]}: getUserPrimaryTags(long,int,int)
	{POST [/purchases], produces [application/json]}: purchaseCertificate(long,long)
	{GET [/purchases/user/{userId}], produces [application/json]}: getUserPurchases(long,int,int)
	{DELETE [/purchases/{id}], produces [application/json]}: deletePurchase(long)
	{GET [/purchases/all], produces [application/json]}: getAllPurchases(int,int)
	{GET [/purchases/primary-tags/], produces [application/json]}: getPrimaryTags(int,int)
	{GET [/purchases/{id}], produces [application/json]}: getPurchaseById(long)
	{PATCH [/purchases/{id}], produces [application/json]}: updatePurchase(long,HttpServletResponse)
00:39:00.276 [Test worker] DEBUG org.springframework.web.servlet.mvc.method.annotation.RequestMappingHandlerMapping - 8 mappings in org.springframework.web.servlet.mvc.method.annotation.RequestMappingHandlerMapping
00:39:00.282 [Test worker] DEBUG org.springframework.web.servlet.mvc.method.annotation.RequestMappingHandlerAdapter - ControllerAdvice beans: 0 @ModelAttribute, 0 @InitBinder, 1 RequestBodyAdvice, 1 ResponseBodyAdvice
00:39:00.285 [Test worker] DEBUG org.springframework.web.servlet.mvc.method.annotation.ExceptionHandlerExceptionResolver - ControllerAdvice beans: 0 @ExceptionHandler, 1 ResponseBodyAdvice
00:39:00.285 [Test worker] INFO org.springframework.mock.web.MockServletContext - Initializing Spring TestDispatcherServlet ''
00:39:00.285 [Test worker] INFO org.springframework.test.web.servlet.TestDispatcherServlet - Initializing Servlet ''
00:39:00.285 [Test worker] DEBUG org.springframework.test.web.servlet.TestDispatcherServlet - Detected AcceptHeaderLocaleResolver
00:39:00.285 [Test worker] DEBUG org.springframework.test.web.servlet.TestDispatcherServlet - Detected FixedThemeResolver
00:39:00.286 [Test worker] DEBUG org.springframework.test.web.servlet.TestDispatcherServlet - Detected org.springframework.web.servlet.view.DefaultRequestToViewNameTranslator@6ce42606
00:39:00.286 [Test worker] DEBUG org.springframework.test.web.servlet.TestDispatcherServlet - Detected org.springframework.web.servlet.support.SessionFlashMapManager@719ec2cf
00:39:00.286 [Test worker] DEBUG org.springframework.test.web.servlet.TestDispatcherServlet - enableLoggingRequestDetails='false': request parameters and headers will be masked to prevent unsafe logging of potentially sensitive data
00:39:00.286 [Test worker] INFO org.springframework.test.web.servlet.TestDispatcherServlet - Completed initialization in 1 ms
00:39:00.289 [Test worker] DEBUG org.springframework.test.web.servlet.TestDispatcherServlet - GET "/purchases/user/2", parameters={}
00:39:00.290 [Test worker] DEBUG org.springframework.web.servlet.mvc.method.annotation.RequestMappingHandlerMapping - Mapped to com.epam.esm.controller.api.impl.PurchaseControllerImpl#getUserPurchases(long, int, int)
00:39:00.293 [Test worker] DEBUG org.springframework.web.servlet.mvc.method.annotation.ExceptionHandlerExceptionResolver - Using @ExceptionHandler com.epam.esm.controller.api.impl.PurchaseControllerImpl#userNotFound(UserNotFoundException)
00:39:00.294 [Test worker] DEBUG org.springframework.web.servlet.mvc.method.annotation.RequestResponseBodyMethodProcessor - Using 'application/json', given [*/*] and supported [application/json, application/*+json]
00:39:00.294 [Test worker] DEBUG org.springframework.web.servlet.mvc.method.annotation.RequestResponseBodyMethodProcessor - Writing [com.epam.esm.controller.util.Message@177de46]
00:39:00.295 [Test worker] DEBUG org.springframework.web.servlet.mvc.method.annotation.ExceptionHandlerExceptionResolver - Resolved [com.epam.esm.controller.api.exception.UserNotFoundException]
00:39:00.295 [Test worker] DEBUG org.springframework.test.web.servlet.TestDispatcherServlet - Completed 404 NOT_FOUND
00:39:00.299 [Test worker] DEBUG _org.springframework.web.servlet.HandlerMapping.Mappings - 
	c.e.e.c.a.i.PurchaseControllerImpl:
	{GET [/purchases/primary-tags/user/{userId}], produces [application/json]}: getUserPrimaryTags(long,int,int)
	{POST [/purchases], produces [application/json]}: purchaseCertificate(long,long)
	{GET [/purchases/user/{userId}], produces [application/json]}: getUserPurchases(long,int,int)
	{DELETE [/purchases/{id}], produces [application/json]}: deletePurchase(long)
	{GET [/purchases/all], produces [application/json]}: getAllPurchases(int,int)
	{GET [/purchases/primary-tags/], produces [application/json]}: getPrimaryTags(int,int)
	{GET [/purchases/{id}], produces [application/json]}: getPurchaseById(long)
	{PATCH [/purchases/{id}], produces [application/json]}: updatePurchase(long,HttpServletResponse)
00:39:00.301 [Test worker] DEBUG org.springframework.web.servlet.mvc.method.annotation.RequestMappingHandlerMapping - 8 mappings in org.springframework.web.servlet.mvc.method.annotation.RequestMappingHandlerMapping
00:39:00.307 [Test worker] DEBUG org.springframework.web.servlet.mvc.method.annotation.RequestMappingHandlerAdapter - ControllerAdvice beans: 0 @ModelAttribute, 0 @InitBinder, 1 RequestBodyAdvice, 1 ResponseBodyAdvice
00:39:00.309 [Test worker] DEBUG org.springframework.web.servlet.mvc.method.annotation.ExceptionHandlerExceptionResolver - ControllerAdvice beans: 0 @ExceptionHandler, 1 ResponseBodyAdvice
00:39:00.310 [Test worker] INFO org.springframework.mock.web.MockServletContext - Initializing Spring TestDispatcherServlet ''
00:39:00.310 [Test worker] INFO org.springframework.test.web.servlet.TestDispatcherServlet - Initializing Servlet ''
00:39:00.310 [Test worker] DEBUG org.springframework.test.web.servlet.TestDispatcherServlet - Detected AcceptHeaderLocaleResolver
00:39:00.310 [Test worker] DEBUG org.springframework.test.web.servlet.TestDispatcherServlet - Detected FixedThemeResolver
00:39:00.310 [Test worker] DEBUG org.springframework.test.web.servlet.TestDispatcherServlet - Detected org.springframework.web.servlet.view.DefaultRequestToViewNameTranslator@53d5d234
00:39:00.311 [Test worker] DEBUG org.springframework.test.web.servlet.TestDispatcherServlet - Detected org.springframework.web.servlet.support.SessionFlashMapManager@21217fbf
00:39:00.311 [Test worker] DEBUG org.springframework.test.web.servlet.TestDispatcherServlet - enableLoggingRequestDetails='false': request parameters and headers will be masked to prevent unsafe logging of potentially sensitive data
00:39:00.311 [Test worker] INFO org.springframework.test.web.servlet.TestDispatcherServlet - Completed initialization in 1 ms
00:39:00.312 [Test worker] DEBUG org.springframework.test.web.servlet.TestDispatcherServlet - GET "/purchases/user/2", parameters={}
00:39:00.313 [Test worker] DEBUG org.springframework.web.servlet.mvc.method.annotation.RequestMappingHandlerMapping - Mapped to com.epam.esm.controller.api.impl.PurchaseControllerImpl#getUserPurchases(long, int, int)
00:39:00.316 [Test worker] DEBUG org.springframework.web.servlet.mvc.method.annotation.RequestResponseBodyMethodProcessor - Using 'application/json', given [*/*] and supported [application/json]
00:39:00.318 [Test worker] DEBUG org.springframework.web.servlet.mvc.method.annotation.RequestResponseBodyMethodProcessor - Writing [links: [<http://localhost/purchases/user/2?page=1&limit=10>;rel="self", <http://localhost/purchases/ (truncated)...]
00:39:00.323 [Test worker] DEBUG org.springframework.test.web.servlet.TestDispatcherServlet - Completed 200 OK
00:39:00.324 [Test worker] DEBUG com.jayway.jsonpath.internal.path.CompiledPath - Evaluating path: $['elements_on_current_page']
00:39:00.329 [Test worker] DEBUG _org.springframework.web.servlet.HandlerMapping.Mappings - 
	c.e.e.c.a.i.PurchaseControllerImpl:
	{GET [/purchases/primary-tags/user/{userId}], produces [application/json]}: getUserPrimaryTags(long,int,int)
	{POST [/purchases], produces [application/json]}: purchaseCertificate(long,long)
	{GET [/purchases/user/{userId}], produces [application/json]}: getUserPurchases(long,int,int)
	{DELETE [/purchases/{id}], produces [application/json]}: deletePurchase(long)
	{GET [/purchases/all], produces [application/json]}: getAllPurchases(int,int)
	{GET [/purchases/primary-tags/], produces [application/json]}: getPrimaryTags(int,int)
	{GET [/purchases/{id}], produces [application/json]}: getPurchaseById(long)
	{PATCH [/purchases/{id}], produces [application/json]}: updatePurchase(long,HttpServletResponse)
00:39:00.330 [Test worker] DEBUG org.springframework.web.servlet.mvc.method.annotation.RequestMappingHandlerMapping - 8 mappings in org.springframework.web.servlet.mvc.method.annotation.RequestMappingHandlerMapping
00:39:00.333 [Test worker] DEBUG org.springframework.web.servlet.mvc.method.annotation.RequestMappingHandlerAdapter - ControllerAdvice beans: 0 @ModelAttribute, 0 @InitBinder, 1 RequestBodyAdvice, 1 ResponseBodyAdvice
00:39:00.334 [Test worker] DEBUG org.springframework.web.servlet.mvc.method.annotation.ExceptionHandlerExceptionResolver - ControllerAdvice beans: 0 @ExceptionHandler, 1 ResponseBodyAdvice
00:39:00.334 [Test worker] INFO org.springframework.mock.web.MockServletContext - Initializing Spring TestDispatcherServlet ''
00:39:00.334 [Test worker] INFO org.springframework.test.web.servlet.TestDispatcherServlet - Initializing Servlet ''
00:39:00.335 [Test worker] DEBUG org.springframework.test.web.servlet.TestDispatcherServlet - Detected AcceptHeaderLocaleResolver
00:39:00.335 [Test worker] DEBUG org.springframework.test.web.servlet.TestDispatcherServlet - Detected FixedThemeResolver
00:39:00.335 [Test worker] DEBUG org.springframework.test.web.servlet.TestDispatcherServlet - Detected org.springframework.web.servlet.view.DefaultRequestToViewNameTranslator@36ff91d7
00:39:00.335 [Test worker] DEBUG org.springframework.test.web.servlet.TestDispatcherServlet - Detected org.springframework.web.servlet.support.SessionFlashMapManager@16056fe4
00:39:00.335 [Test worker] DEBUG org.springframework.test.web.servlet.TestDispatcherServlet - enableLoggingRequestDetails='false': request parameters and headers will be masked to prevent unsafe logging of potentially sensitive data
00:39:00.335 [Test worker] INFO org.springframework.test.web.servlet.TestDispatcherServlet - Completed initialization in 1 ms
00:39:00.335 [Test worker] DEBUG org.springframework.test.web.servlet.TestDispatcherServlet - GET "/purchases/3", parameters={}
00:39:00.336 [Test worker] DEBUG org.springframework.web.servlet.mvc.method.annotation.RequestMappingHandlerMapping - Mapped to com.epam.esm.controller.api.impl.PurchaseControllerImpl#getPurchaseById(long)
00:39:00.336 [Test worker] DEBUG org.springframework.web.servlet.mvc.method.annotation.RequestResponseBodyMethodProcessor - Using 'application/json', given [*/*] and supported [application/json]
00:39:00.337 [Test worker] DEBUG org.springframework.web.servlet.mvc.method.annotation.RequestResponseBodyMethodProcessor - Writing [com.epam.esm.model.Purchase@62bd93ec]
00:39:00.338 [Test worker] DEBUG org.springframework.test.web.servlet.TestDispatcherServlet - Completed 200 OK
00:39:00.341 [Test worker] DEBUG _org.springframework.web.servlet.HandlerMapping.Mappings - 
	c.e.e.c.a.i.PurchaseControllerImpl:
	{GET [/purchases/primary-tags/user/{userId}], produces [application/json]}: getUserPrimaryTags(long,int,int)
	{POST [/purchases], produces [application/json]}: purchaseCertificate(long,long)
	{GET [/purchases/user/{userId}], produces [application/json]}: getUserPurchases(long,int,int)
	{DELETE [/purchases/{id}], produces [application/json]}: deletePurchase(long)
	{GET [/purchases/all], produces [application/json]}: getAllPurchases(int,int)
	{GET [/purchases/primary-tags/], produces [application/json]}: getPrimaryTags(int,int)
	{GET [/purchases/{id}], produces [application/json]}: getPurchaseById(long)
	{PATCH [/purchases/{id}], produces [application/json]}: updatePurchase(long,HttpServletResponse)
00:39:00.342 [Test worker] DEBUG org.springframework.web.servlet.mvc.method.annotation.RequestMappingHandlerMapping - 8 mappings in org.springframework.web.servlet.mvc.method.annotation.RequestMappingHandlerMapping
00:39:00.346 [Test worker] DEBUG org.springframework.web.servlet.mvc.method.annotation.RequestMappingHandlerAdapter - ControllerAdvice beans: 0 @ModelAttribute, 0 @InitBinder, 1 RequestBodyAdvice, 1 ResponseBodyAdvice
00:39:00.348 [Test worker] DEBUG org.springframework.web.servlet.mvc.method.annotation.ExceptionHandlerExceptionResolver - ControllerAdvice beans: 0 @ExceptionHandler, 1 ResponseBodyAdvice
00:39:00.348 [Test worker] INFO org.springframework.mock.web.MockServletContext - Initializing Spring TestDispatcherServlet ''
00:39:00.348 [Test worker] INFO org.springframework.test.web.servlet.TestDispatcherServlet - Initializing Servlet ''
00:39:00.348 [Test worker] DEBUG org.springframework.test.web.servlet.TestDispatcherServlet - Detected AcceptHeaderLocaleResolver
00:39:00.348 [Test worker] DEBUG org.springframework.test.web.servlet.TestDispatcherServlet - Detected FixedThemeResolver
00:39:00.349 [Test worker] DEBUG org.springframework.test.web.servlet.TestDispatcherServlet - Detected org.springframework.web.servlet.view.DefaultRequestToViewNameTranslator@40a6d641
00:39:00.349 [Test worker] DEBUG org.springframework.test.web.servlet.TestDispatcherServlet - Detected org.springframework.web.servlet.support.SessionFlashMapManager@b82acfd
00:39:00.349 [Test worker] DEBUG org.springframework.test.web.servlet.TestDispatcherServlet - enableLoggingRequestDetails='false': request parameters and headers will be masked to prevent unsafe logging of potentially sensitive data
00:39:00.349 [Test worker] INFO org.springframework.test.web.servlet.TestDispatcherServlet - Completed initialization in 1 ms
00:39:00.350 [Test worker] DEBUG org.springframework.test.web.servlet.TestDispatcherServlet - POST "/purchases", parameters={masked}
00:39:00.350 [Test worker] DEBUG org.springframework.web.servlet.mvc.method.annotation.RequestMappingHandlerMapping - Mapped to com.epam.esm.controller.api.impl.PurchaseControllerImpl#purchaseCertificate(long, long)
00:39:00.353 [Test worker] DEBUG org.springframework.web.servlet.mvc.method.annotation.ExceptionHandlerExceptionResolver - Using @ExceptionHandler com.epam.esm.controller.api.impl.PurchaseControllerImpl#userNotFound(UserNotFoundException)
00:39:00.354 [Test worker] DEBUG org.springframework.web.servlet.mvc.method.annotation.RequestResponseBodyMethodProcessor - Using 'application/json', given [*/*] and supported [application/json, application/*+json]
00:39:00.354 [Test worker] DEBUG org.springframework.web.servlet.mvc.method.annotation.RequestResponseBodyMethodProcessor - Writing [com.epam.esm.controller.util.Message@6c70844f]
00:39:00.354 [Test worker] DEBUG org.springframework.web.servlet.mvc.method.annotation.ExceptionHandlerExceptionResolver - Resolved [com.epam.esm.controller.api.exception.UserNotFoundException]
00:39:00.354 [Test worker] DEBUG org.springframework.test.web.servlet.TestDispatcherServlet - Completed 404 NOT_FOUND
00:39:00.357 [Test worker] DEBUG _org.springframework.web.servlet.HandlerMapping.Mappings - 
	c.e.e.c.a.i.PurchaseControllerImpl:
	{GET [/purchases/primary-tags/user/{userId}], produces [application/json]}: getUserPrimaryTags(long,int,int)
	{POST [/purchases], produces [application/json]}: purchaseCertificate(long,long)
	{GET [/purchases/user/{userId}], produces [application/json]}: getUserPurchases(long,int,int)
	{DELETE [/purchases/{id}], produces [application/json]}: deletePurchase(long)
	{GET [/purchases/all], produces [application/json]}: getAllPurchases(int,int)
	{GET [/purchases/primary-tags/], produces [application/json]}: getPrimaryTags(int,int)
	{GET [/purchases/{id}], produces [application/json]}: getPurchaseById(long)
	{PATCH [/purchases/{id}], produces [application/json]}: updatePurchase(long,HttpServletResponse)
00:39:00.358 [Test worker] DEBUG org.springframework.web.servlet.mvc.method.annotation.RequestMappingHandlerMapping - 8 mappings in org.springframework.web.servlet.mvc.method.annotation.RequestMappingHandlerMapping
00:39:00.361 [Test worker] DEBUG org.springframework.web.servlet.mvc.method.annotation.RequestMappingHandlerAdapter - ControllerAdvice beans: 0 @ModelAttribute, 0 @InitBinder, 1 RequestBodyAdvice, 1 ResponseBodyAdvice
00:39:00.362 [Test worker] DEBUG org.springframework.web.servlet.mvc.method.annotation.ExceptionHandlerExceptionResolver - ControllerAdvice beans: 0 @ExceptionHandler, 1 ResponseBodyAdvice
00:39:00.363 [Test worker] INFO org.springframework.mock.web.MockServletContext - Initializing Spring TestDispatcherServlet ''
00:39:00.363 [Test worker] INFO org.springframework.test.web.servlet.TestDispatcherServlet - Initializing Servlet ''
00:39:00.363 [Test worker] DEBUG org.springframework.test.web.servlet.TestDispatcherServlet - Detected AcceptHeaderLocaleResolver
00:39:00.363 [Test worker] DEBUG org.springframework.test.web.servlet.TestDispatcherServlet - Detected FixedThemeResolver
00:39:00.363 [Test worker] DEBUG org.springframework.test.web.servlet.TestDispatcherServlet - Detected org.springframework.web.servlet.view.DefaultRequestToViewNameTranslator@70d28f75
00:39:00.363 [Test worker] DEBUG org.springframework.test.web.servlet.TestDispatcherServlet - Detected org.springframework.web.servlet.support.SessionFlashMapManager@3666adf4
00:39:00.363 [Test worker] DEBUG org.springframework.test.web.servlet.TestDispatcherServlet - enableLoggingRequestDetails='false': request parameters and headers will be masked to prevent unsafe logging of potentially sensitive data
00:39:00.363 [Test worker] INFO org.springframework.test.web.servlet.TestDispatcherServlet - Completed initialization in 0 ms
00:39:00.365 [Test worker] DEBUG org.springframework.test.web.servlet.TestDispatcherServlet - GET "/purchases/all", parameters={}
00:39:00.365 [Test worker] DEBUG org.springframework.web.servlet.mvc.method.annotation.RequestMappingHandlerMapping - Mapped to com.epam.esm.controller.api.impl.PurchaseControllerImpl#getAllPurchases(int, int)
00:39:00.369 [Test worker] DEBUG org.springframework.web.servlet.mvc.method.annotation.RequestResponseBodyMethodProcessor - Using 'application/json', given [*/*] and supported [application/json]
00:39:00.370 [Test worker] DEBUG org.springframework.web.servlet.mvc.method.annotation.RequestResponseBodyMethodProcessor - Writing [links: [<http://localhost/purchases/all?page=1&limit=10>;rel="self", <http://localhost/purchases/all (truncated)...]
00:39:00.374 [Test worker] DEBUG org.springframework.test.web.servlet.TestDispatcherServlet - Completed 200 OK
00:39:00.374 [Test worker] DEBUG com.jayway.jsonpath.internal.path.CompiledPath - Evaluating path: $['elements_on_current_page']
00:39:00.377 [Test worker] DEBUG _org.springframework.web.servlet.HandlerMapping.Mappings - 
	c.e.e.c.a.i.PurchaseControllerImpl:
	{GET [/purchases/primary-tags/user/{userId}], produces [application/json]}: getUserPrimaryTags(long,int,int)
	{POST [/purchases], produces [application/json]}: purchaseCertificate(long,long)
	{GET [/purchases/user/{userId}], produces [application/json]}: getUserPurchases(long,int,int)
	{DELETE [/purchases/{id}], produces [application/json]}: deletePurchase(long)
	{GET [/purchases/all], produces [application/json]}: getAllPurchases(int,int)
	{GET [/purchases/primary-tags/], produces [application/json]}: getPrimaryTags(int,int)
	{GET [/purchases/{id}], produces [application/json]}: getPurchaseById(long)
	{PATCH [/purchases/{id}], produces [application/json]}: updatePurchase(long,HttpServletResponse)
00:39:00.378 [Test worker] DEBUG org.springframework.web.servlet.mvc.method.annotation.RequestMappingHandlerMapping - 8 mappings in org.springframework.web.servlet.mvc.method.annotation.RequestMappingHandlerMapping
00:39:00.381 [Test worker] DEBUG org.springframework.web.servlet.mvc.method.annotation.RequestMappingHandlerAdapter - ControllerAdvice beans: 0 @ModelAttribute, 0 @InitBinder, 1 RequestBodyAdvice, 1 ResponseBodyAdvice
00:39:00.382 [Test worker] DEBUG org.springframework.web.servlet.mvc.method.annotation.ExceptionHandlerExceptionResolver - ControllerAdvice beans: 0 @ExceptionHandler, 1 ResponseBodyAdvice
00:39:00.383 [Test worker] INFO org.springframework.mock.web.MockServletContext - Initializing Spring TestDispatcherServlet ''
00:39:00.383 [Test worker] INFO org.springframework.test.web.servlet.TestDispatcherServlet - Initializing Servlet ''
00:39:00.383 [Test worker] DEBUG org.springframework.test.web.servlet.TestDispatcherServlet - Detected AcceptHeaderLocaleResolver
00:39:00.383 [Test worker] DEBUG org.springframework.test.web.servlet.TestDispatcherServlet - Detected FixedThemeResolver
00:39:00.383 [Test worker] DEBUG org.springframework.test.web.servlet.TestDispatcherServlet - Detected org.springframework.web.servlet.view.DefaultRequestToViewNameTranslator@785b3d70
00:39:00.383 [Test worker] DEBUG org.springframework.test.web.servlet.TestDispatcherServlet - Detected org.springframework.web.servlet.support.SessionFlashMapManager@5b25b76d
00:39:00.383 [Test worker] DEBUG org.springframework.test.web.servlet.TestDispatcherServlet - enableLoggingRequestDetails='false': request parameters and headers will be masked to prevent unsafe logging of potentially sensitive data
00:39:00.383 [Test worker] INFO org.springframework.test.web.servlet.TestDispatcherServlet - Completed initialization in 0 ms
00:39:00.384 [Test worker] DEBUG org.springframework.test.web.servlet.TestDispatcherServlet - POST "/purchases", parameters={masked}
00:39:00.384 [Test worker] DEBUG org.springframework.web.servlet.mvc.method.annotation.RequestMappingHandlerMapping - Mapped to com.epam.esm.controller.api.impl.PurchaseControllerImpl#purchaseCertificate(long, long)
00:39:00.385 [Test worker] DEBUG org.springframework.web.servlet.mvc.method.annotation.ExceptionHandlerExceptionResolver - Using @ExceptionHandler com.epam.esm.controller.api.impl.PurchaseControllerImpl#certificateNotFound(CertificateNotFoundException)
00:39:00.385 [Test worker] DEBUG org.springframework.web.servlet.mvc.method.annotation.RequestResponseBodyMethodProcessor - Using 'application/json', given [*/*] and supported [application/json, application/*+json]
00:39:00.385 [Test worker] DEBUG org.springframework.web.servlet.mvc.method.annotation.RequestResponseBodyMethodProcessor - Writing [com.epam.esm.controller.util.Message@28c0964f]
00:39:00.386 [Test worker] DEBUG org.springframework.web.servlet.mvc.method.annotation.ExceptionHandlerExceptionResolver - Resolved [com.epam.esm.controller.api.exception.CertificateNotFoundException]
00:39:00.386 [Test worker] DEBUG org.springframework.test.web.servlet.TestDispatcherServlet - Completed 404 NOT_FOUND
00:39:00.389 [Test worker] DEBUG _org.springframework.web.servlet.HandlerMapping.Mappings - 
	c.e.e.c.a.i.PurchaseControllerImpl:
	{GET [/purchases/primary-tags/user/{userId}], produces [application/json]}: getUserPrimaryTags(long,int,int)
	{POST [/purchases], produces [application/json]}: purchaseCertificate(long,long)
	{GET [/purchases/user/{userId}], produces [application/json]}: getUserPurchases(long,int,int)
	{DELETE [/purchases/{id}], produces [application/json]}: deletePurchase(long)
	{GET [/purchases/all], produces [application/json]}: getAllPurchases(int,int)
	{GET [/purchases/primary-tags/], produces [application/json]}: getPrimaryTags(int,int)
	{GET [/purchases/{id}], produces [application/json]}: getPurchaseById(long)
	{PATCH [/purchases/{id}], produces [application/json]}: updatePurchase(long,HttpServletResponse)
00:39:00.390 [Test worker] DEBUG org.springframework.web.servlet.mvc.method.annotation.RequestMappingHandlerMapping - 8 mappings in org.springframework.web.servlet.mvc.method.annotation.RequestMappingHandlerMapping
00:39:00.394 [Test worker] DEBUG org.springframework.web.servlet.mvc.method.annotation.RequestMappingHandlerAdapter - ControllerAdvice beans: 0 @ModelAttribute, 0 @InitBinder, 1 RequestBodyAdvice, 1 ResponseBodyAdvice
00:39:00.397 [Test worker] DEBUG org.springframework.web.servlet.mvc.method.annotation.ExceptionHandlerExceptionResolver - ControllerAdvice beans: 0 @ExceptionHandler, 1 ResponseBodyAdvice
00:39:00.398 [Test worker] INFO org.springframework.mock.web.MockServletContext - Initializing Spring TestDispatcherServlet ''
00:39:00.398 [Test worker] INFO org.springframework.test.web.servlet.TestDispatcherServlet - Initializing Servlet ''
00:39:00.398 [Test worker] DEBUG org.springframework.test.web.servlet.TestDispatcherServlet - Detected AcceptHeaderLocaleResolver
00:39:00.398 [Test worker] DEBUG org.springframework.test.web.servlet.TestDispatcherServlet - Detected FixedThemeResolver
00:39:00.398 [Test worker] DEBUG org.springframework.test.web.servlet.TestDispatcherServlet - Detected org.springframework.web.servlet.view.DefaultRequestToViewNameTranslator@46b1524b
00:39:00.398 [Test worker] DEBUG org.springframework.test.web.servlet.TestDispatcherServlet - Detected org.springframework.web.servlet.support.SessionFlashMapManager@1d49598e
00:39:00.398 [Test worker] DEBUG org.springframework.test.web.servlet.TestDispatcherServlet - enableLoggingRequestDetails='false': request parameters and headers will be masked to prevent unsafe logging of potentially sensitive data
00:39:00.398 [Test worker] INFO org.springframework.test.web.servlet.TestDispatcherServlet - Completed initialization in 0 ms
00:39:00.400 [Test worker] DEBUG org.springframework.test.web.servlet.TestDispatcherServlet - GET "/purchases/primary-tags/user/2", parameters={}
00:39:00.400 [Test worker] DEBUG org.springframework.web.servlet.mvc.method.annotation.RequestMappingHandlerMapping - Mapped to com.epam.esm.controller.api.impl.PurchaseControllerImpl#getUserPrimaryTags(long, int, int)
00:39:00.403 [Test worker] DEBUG org.springframework.web.servlet.mvc.method.annotation.ExceptionHandlerExceptionResolver - Using @ExceptionHandler com.epam.esm.controller.api.impl.PurchaseControllerImpl#userNotFound(UserNotFoundException)
00:39:00.404 [Test worker] DEBUG org.springframework.web.servlet.mvc.method.annotation.RequestResponseBodyMethodProcessor - Using 'application/json', given [*/*] and supported [application/json, application/*+json]
00:39:00.404 [Test worker] DEBUG org.springframework.web.servlet.mvc.method.annotation.RequestResponseBodyMethodProcessor - Writing [com.epam.esm.controller.util.Message@720e6e66]
00:39:00.404 [Test worker] DEBUG org.springframework.web.servlet.mvc.method.annotation.ExceptionHandlerExceptionResolver - Resolved [com.epam.esm.controller.api.exception.UserNotFoundException]
00:39:00.404 [Test worker] DEBUG org.springframework.test.web.servlet.TestDispatcherServlet - Completed 404 NOT_FOUND
00:39:00.407 [Test worker] DEBUG _org.springframework.web.servlet.HandlerMapping.Mappings - 
	c.e.e.c.a.i.PurchaseControllerImpl:
	{GET [/purchases/primary-tags/user/{userId}], produces [application/json]}: getUserPrimaryTags(long,int,int)
	{POST [/purchases], produces [application/json]}: purchaseCertificate(long,long)
	{GET [/purchases/user/{userId}], produces [application/json]}: getUserPurchases(long,int,int)
	{DELETE [/purchases/{id}], produces [application/json]}: deletePurchase(long)
	{GET [/purchases/all], produces [application/json]}: getAllPurchases(int,int)
	{GET [/purchases/primary-tags/], produces [application/json]}: getPrimaryTags(int,int)
	{GET [/purchases/{id}], produces [application/json]}: getPurchaseById(long)
	{PATCH [/purchases/{id}], produces [application/json]}: updatePurchase(long,HttpServletResponse)
00:39:00.408 [Test worker] DEBUG org.springframework.web.servlet.mvc.method.annotation.RequestMappingHandlerMapping - 8 mappings in org.springframework.web.servlet.mvc.method.annotation.RequestMappingHandlerMapping
00:39:00.411 [Test worker] DEBUG org.springframework.web.servlet.mvc.method.annotation.RequestMappingHandlerAdapter - ControllerAdvice beans: 0 @ModelAttribute, 0 @InitBinder, 1 RequestBodyAdvice, 1 ResponseBodyAdvice
00:39:00.413 [Test worker] DEBUG org.springframework.web.servlet.mvc.method.annotation.ExceptionHandlerExceptionResolver - ControllerAdvice beans: 0 @ExceptionHandler, 1 ResponseBodyAdvice
00:39:00.413 [Test worker] INFO org.springframework.mock.web.MockServletContext - Initializing Spring TestDispatcherServlet ''
00:39:00.413 [Test worker] INFO org.springframework.test.web.servlet.TestDispatcherServlet - Initializing Servlet ''
00:39:00.413 [Test worker] DEBUG org.springframework.test.web.servlet.TestDispatcherServlet - Detected AcceptHeaderLocaleResolver
00:39:00.413 [Test worker] DEBUG org.springframework.test.web.servlet.TestDispatcherServlet - Detected FixedThemeResolver
00:39:00.413 [Test worker] DEBUG org.springframework.test.web.servlet.TestDispatcherServlet - Detected org.springframework.web.servlet.view.DefaultRequestToViewNameTranslator@9d193dc
00:39:00.413 [Test worker] DEBUG org.springframework.test.web.servlet.TestDispatcherServlet - Detected org.springframework.web.servlet.support.SessionFlashMapManager@6aa63ff1
00:39:00.413 [Test worker] DEBUG org.springframework.test.web.servlet.TestDispatcherServlet - enableLoggingRequestDetails='false': request parameters and headers will be masked to prevent unsafe logging of potentially sensitive data
00:39:00.413 [Test worker] INFO org.springframework.test.web.servlet.TestDispatcherServlet - Completed initialization in 0 ms
00:39:00.414 [Test worker] DEBUG org.springframework.test.web.servlet.TestDispatcherServlet - POST "/purchases", parameters={masked}
00:39:00.414 [Test worker] DEBUG org.springframework.web.servlet.mvc.method.annotation.RequestMappingHandlerMapping - Mapped to com.epam.esm.controller.api.impl.PurchaseControllerImpl#purchaseCertificate(long, long)
00:39:00.415 [Test worker] DEBUG org.springframework.web.servlet.mvc.method.annotation.RequestResponseBodyMethodProcessor - Using 'application/json', given [*/*] and supported [application/json]
00:39:00.416 [Test worker] DEBUG org.springframework.web.servlet.mvc.method.annotation.RequestResponseBodyMethodProcessor - Writing [com.epam.esm.model.Purchase@4badfc63]
00:39:00.421 [Test worker] DEBUG org.springframework.test.web.servlet.TestDispatcherServlet - Completed 201 CREATED
00:39:00.425 [Test worker] DEBUG _org.springframework.web.servlet.HandlerMapping.Mappings - 
	c.e.e.c.a.i.PurchaseControllerImpl:
	{GET [/purchases/primary-tags/user/{userId}], produces [application/json]}: getUserPrimaryTags(long,int,int)
	{POST [/purchases], produces [application/json]}: purchaseCertificate(long,long)
	{GET [/purchases/user/{userId}], produces [application/json]}: getUserPurchases(long,int,int)
	{DELETE [/purchases/{id}], produces [application/json]}: deletePurchase(long)
	{GET [/purchases/all], produces [application/json]}: getAllPurchases(int,int)
	{GET [/purchases/primary-tags/], produces [application/json]}: getPrimaryTags(int,int)
	{GET [/purchases/{id}], produces [application/json]}: getPurchaseById(long)
	{PATCH [/purchases/{id}], produces [application/json]}: updatePurchase(long,HttpServletResponse)
00:39:00.425 [Test worker] DEBUG org.springframework.web.servlet.mvc.method.annotation.RequestMappingHandlerMapping - 8 mappings in org.springframework.web.servlet.mvc.method.annotation.RequestMappingHandlerMapping
00:39:00.429 [Test worker] DEBUG org.springframework.web.servlet.mvc.method.annotation.RequestMappingHandlerAdapter - ControllerAdvice beans: 0 @ModelAttribute, 0 @InitBinder, 1 RequestBodyAdvice, 1 ResponseBodyAdvice
00:39:00.431 [Test worker] DEBUG org.springframework.web.servlet.mvc.method.annotation.ExceptionHandlerExceptionResolver - ControllerAdvice beans: 0 @ExceptionHandler, 1 ResponseBodyAdvice
00:39:00.431 [Test worker] INFO org.springframework.mock.web.MockServletContext - Initializing Spring TestDispatcherServlet ''
00:39:00.431 [Test worker] INFO org.springframework.test.web.servlet.TestDispatcherServlet - Initializing Servlet ''
00:39:00.431 [Test worker] DEBUG org.springframework.test.web.servlet.TestDispatcherServlet - Detected AcceptHeaderLocaleResolver
00:39:00.431 [Test worker] DEBUG org.springframework.test.web.servlet.TestDispatcherServlet - Detected FixedThemeResolver
00:39:00.431 [Test worker] DEBUG org.springframework.test.web.servlet.TestDispatcherServlet - Detected org.springframework.web.servlet.view.DefaultRequestToViewNameTranslator@b57cb0c
00:39:00.431 [Test worker] DEBUG org.springframework.test.web.servlet.TestDispatcherServlet - Detected org.springframework.web.servlet.support.SessionFlashMapManager@50554a91
00:39:00.431 [Test worker] DEBUG org.springframework.test.web.servlet.TestDispatcherServlet - enableLoggingRequestDetails='false': request parameters and headers will be masked to prevent unsafe logging of potentially sensitive data
00:39:00.431 [Test worker] INFO org.springframework.test.web.servlet.TestDispatcherServlet - Completed initialization in 0 ms
00:39:00.432 [Test worker] DEBUG org.springframework.test.web.servlet.TestDispatcherServlet - DELETE "/purchases/3", parameters={}
00:39:00.432 [Test worker] DEBUG org.springframework.web.servlet.mvc.method.annotation.RequestMappingHandlerMapping - Mapped to com.epam.esm.controller.api.impl.PurchaseControllerImpl#deletePurchase(long)
00:39:00.433 [Test worker] DEBUG org.springframework.web.servlet.mvc.method.annotation.ExceptionHandlerExceptionResolver - Using @ExceptionHandler com.epam.esm.controller.api.impl.PurchaseControllerImpl#certificateNotFound(CertificateNotFoundException)
00:39:00.434 [Test worker] DEBUG org.springframework.web.servlet.mvc.method.annotation.RequestResponseBodyMethodProcessor - Using 'application/json', given [*/*] and supported [application/json, application/*+json]
00:39:00.434 [Test worker] DEBUG org.springframework.web.servlet.mvc.method.annotation.RequestResponseBodyMethodProcessor - Writing [com.epam.esm.controller.util.Message@7d01d89e]
00:39:00.434 [Test worker] DEBUG org.springframework.web.servlet.mvc.method.annotation.ExceptionHandlerExceptionResolver - Resolved [com.epam.esm.controller.api.exception.CertificateNotFoundException]
00:39:00.434 [Test worker] DEBUG org.springframework.test.web.servlet.TestDispatcherServlet - Completed 404 NOT_FOUND
]]></system-out>
  <system-err><![CDATA[]]></system-err>
</testsuite>
