<?xml version="1.0" encoding="UTF-8"?>
<testsuite name="com.epam.esm.model.representation.HateoasViewTest" tests="44" skipped="0" failures="0" errors="0" timestamp="2022-05-21T14:34:17" hostname="DESKTOP-US0M6L4" time="0.093">
  <properties/>
  <testcase name="[1] view=links: [&lt;localhost:8080&gt;;rel=&quot;self&quot;, &lt;localhost:8080&gt;;rel=&quot;first&quot;, &lt;localhost:8080&gt;;rel=&quot;previous&quot;], linkIsPresent=true" classname="com.epam.esm.model.representation.HateoasViewTest" time="0.013"/>
  <testcase name="[2] view=links: [&lt;localhost:8080&gt;;rel=&quot;self&quot;, &lt;localhost:8080&gt;;rel=&quot;first&quot;, &lt;localhost:8080&gt;;rel=&quot;previous&quot;], linkIsPresent=true" classname="com.epam.esm.model.representation.HateoasViewTest" time="0.0"/>
  <testcase name="[3] view=links: [&lt;localhost:8080&gt;;rel=&quot;self&quot;, &lt;localhost:8080&gt;;rel=&quot;first&quot;, &lt;localhost:8080&gt;;rel=&quot;next&quot;, &lt;localhost:8080&gt;;rel=&quot;previous&quot;], linkIsPresent=true" classname="com.epam.esm.model.representation.HateoasViewTest" time="0.0"/>
  <testcase name="[4] view=links: [&lt;localhost:8080&gt;;rel=&quot;self&quot;, &lt;localhost:8080&gt;;rel=&quot;first&quot;, &lt;localhost:8080&gt;;rel=&quot;next&quot;, &lt;localhost:8080&gt;;rel=&quot;previous&quot;], linkIsPresent=true" classname="com.epam.esm.model.representation.HateoasViewTest" time="0.001"/>
  <testcase name="[5] view=links: [&lt;localhost:8080&gt;;rel=&quot;self&quot;, &lt;localhost:8080&gt;;rel=&quot;first&quot;, &lt;localhost:8080&gt;;rel=&quot;previous&quot;], linkIsPresent=true" classname="com.epam.esm.model.representation.HateoasViewTest" time="0.0"/>
  <testcase name="[6] view=links: [&lt;localhost:8080&gt;;rel=&quot;self&quot;, &lt;localhost:8080&gt;;rel=&quot;first&quot;, &lt;localhost:8080&gt;;rel=&quot;previous&quot;], linkIsPresent=true" classname="com.epam.esm.model.representation.HateoasViewTest" time="0.0"/>
  <testcase name="[7] view=links: [&lt;localhost:8080&gt;;rel=&quot;self&quot;], linkIsPresent=false" classname="com.epam.esm.model.representation.HateoasViewTest" time="0.0"/>
  <testcase name="[8] view=links: [&lt;localhost:8080&gt;;rel=&quot;self&quot;], linkIsPresent=false" classname="com.epam.esm.model.representation.HateoasViewTest" time="0.0"/>
  <testcase name="[9] view=links: [&lt;localhost:8080&gt;;rel=&quot;self&quot;], linkIsPresent=false" classname="com.epam.esm.model.representation.HateoasViewTest" time="0.001"/>
  <testcase name="[10] view=links: [&lt;localhost:8080&gt;;rel=&quot;self&quot;, &lt;localhost:8080&gt;;rel=&quot;next&quot;], linkIsPresent=false" classname="com.epam.esm.model.representation.HateoasViewTest" time="0.0"/>
  <testcase name="[11] view=links: [&lt;localhost:8080&gt;;rel=&quot;self&quot;, &lt;localhost:8080&gt;;rel=&quot;next&quot;], linkIsPresent=false" classname="com.epam.esm.model.representation.HateoasViewTest" time="0.001"/>
  <testcase name="[1] view=links: [&lt;localhost:8080&gt;;rel=&quot;self&quot;, &lt;localhost:8080&gt;;rel=&quot;first&quot;, &lt;localhost:8080&gt;;rel=&quot;previous&quot;], linkIsPresent=true" classname="com.epam.esm.model.representation.HateoasViewTest" time="0.0"/>
  <testcase name="[2] view=links: [&lt;localhost:8080&gt;;rel=&quot;self&quot;, &lt;localhost:8080&gt;;rel=&quot;first&quot;, &lt;localhost:8080&gt;;rel=&quot;previous&quot;], linkIsPresent=true" classname="com.epam.esm.model.representation.HateoasViewTest" time="0.001"/>
  <testcase name="[3] view=links: [&lt;localhost:8080&gt;;rel=&quot;self&quot;, &lt;localhost:8080&gt;;rel=&quot;first&quot;, &lt;localhost:8080&gt;;rel=&quot;next&quot;, &lt;localhost:8080&gt;;rel=&quot;previous&quot;], linkIsPresent=true" classname="com.epam.esm.model.representation.HateoasViewTest" time="0.001"/>
  <testcase name="[4] view=links: [&lt;localhost:8080&gt;;rel=&quot;self&quot;, &lt;localhost:8080&gt;;rel=&quot;first&quot;, &lt;localhost:8080&gt;;rel=&quot;next&quot;, &lt;localhost:8080&gt;;rel=&quot;previous&quot;], linkIsPresent=true" classname="com.epam.esm.model.representation.HateoasViewTest" time="0.0"/>
  <testcase name="[5] view=links: [&lt;localhost:8080&gt;;rel=&quot;self&quot;, &lt;localhost:8080&gt;;rel=&quot;first&quot;, &lt;localhost:8080&gt;;rel=&quot;previous&quot;], linkIsPresent=true" classname="com.epam.esm.model.representation.HateoasViewTest" time="0.0"/>
  <testcase name="[6] view=links: [&lt;localhost:8080&gt;;rel=&quot;self&quot;, &lt;localhost:8080&gt;;rel=&quot;first&quot;, &lt;localhost:8080&gt;;rel=&quot;previous&quot;], linkIsPresent=true" classname="com.epam.esm.model.representation.HateoasViewTest" time="0.001"/>
  <testcase name="[7] view=links: [&lt;localhost:8080&gt;;rel=&quot;self&quot;], linkIsPresent=false" classname="com.epam.esm.model.representation.HateoasViewTest" time="0.0"/>
  <testcase name="[8] view=links: [&lt;localhost:8080&gt;;rel=&quot;self&quot;], linkIsPresent=false" classname="com.epam.esm.model.representation.HateoasViewTest" time="0.0"/>
  <testcase name="[9] view=links: [&lt;localhost:8080&gt;;rel=&quot;self&quot;], linkIsPresent=false" classname="com.epam.esm.model.representation.HateoasViewTest" time="0.001"/>
  <testcase name="[10] view=links: [&lt;localhost:8080&gt;;rel=&quot;self&quot;, &lt;localhost:8080&gt;;rel=&quot;next&quot;], linkIsPresent=false" classname="com.epam.esm.model.representation.HateoasViewTest" time="0.0"/>
  <testcase name="[11] view=links: [&lt;localhost:8080&gt;;rel=&quot;self&quot;, &lt;localhost:8080&gt;;rel=&quot;next&quot;], linkIsPresent=false" classname="com.epam.esm.model.representation.HateoasViewTest" time="0.0"/>
  <testcase name="[1] view=links: [&lt;localhost:8080&gt;;rel=&quot;self&quot;, &lt;localhost:8080&gt;;rel=&quot;next&quot;], linkIsPresent=true" classname="com.epam.esm.model.representation.HateoasViewTest" time="0.001"/>
  <testcase name="[2] view=links: [&lt;localhost:8080&gt;;rel=&quot;self&quot;, &lt;localhost:8080&gt;;rel=&quot;next&quot;], linkIsPresent=true" classname="com.epam.esm.model.representation.HateoasViewTest" time="0.001"/>
  <testcase name="[3] view=links: [&lt;localhost:8080&gt;;rel=&quot;self&quot;, &lt;localhost:8080&gt;;rel=&quot;first&quot;, &lt;localhost:8080&gt;;rel=&quot;next&quot;, &lt;localhost:8080&gt;;rel=&quot;previous&quot;], linkIsPresent=true" classname="com.epam.esm.model.representation.HateoasViewTest" time="0.001"/>
  <testcase name="[4] view=links: [&lt;localhost:8080&gt;;rel=&quot;self&quot;, &lt;localhost:8080&gt;;rel=&quot;first&quot;, &lt;localhost:8080&gt;;rel=&quot;next&quot;, &lt;localhost:8080&gt;;rel=&quot;previous&quot;], linkIsPresent=true" classname="com.epam.esm.model.representation.HateoasViewTest" time="0.002"/>
  <testcase name="[5] view=links: [&lt;localhost:8080&gt;;rel=&quot;self&quot;], linkIsPresent=false" classname="com.epam.esm.model.representation.HateoasViewTest" time="0.0"/>
  <testcase name="[6] view=links: [&lt;localhost:8080&gt;;rel=&quot;self&quot;], linkIsPresent=false" classname="com.epam.esm.model.representation.HateoasViewTest" time="0.001"/>
  <testcase name="[7] view=links: [&lt;localhost:8080&gt;;rel=&quot;self&quot;], linkIsPresent=false" classname="com.epam.esm.model.representation.HateoasViewTest" time="0.0"/>
  <testcase name="[8] view=links: [&lt;localhost:8080&gt;;rel=&quot;self&quot;, &lt;localhost:8080&gt;;rel=&quot;first&quot;, &lt;localhost:8080&gt;;rel=&quot;previous&quot;], linkIsPresent=false" classname="com.epam.esm.model.representation.HateoasViewTest" time="0.001"/>
  <testcase name="[9] view=links: [&lt;localhost:8080&gt;;rel=&quot;self&quot;, &lt;localhost:8080&gt;;rel=&quot;first&quot;, &lt;localhost:8080&gt;;rel=&quot;previous&quot;], linkIsPresent=false" classname="com.epam.esm.model.representation.HateoasViewTest" time="0.0"/>
  <testcase name="[10] view=links: [&lt;localhost:8080&gt;;rel=&quot;self&quot;, &lt;localhost:8080&gt;;rel=&quot;first&quot;, &lt;localhost:8080&gt;;rel=&quot;previous&quot;], linkIsPresent=false" classname="com.epam.esm.model.representation.HateoasViewTest" time="0.0"/>
  <testcase name="[11] view=links: [&lt;localhost:8080&gt;;rel=&quot;self&quot;, &lt;localhost:8080&gt;;rel=&quot;first&quot;, &lt;localhost:8080&gt;;rel=&quot;previous&quot;], linkIsPresent=false" classname="com.epam.esm.model.representation.HateoasViewTest" time="0.001"/>
  <testcase name="[1] view=links: [&lt;localhost:8080&gt;;rel=&quot;self&quot;], linkIsPresent=true" classname="com.epam.esm.model.representation.HateoasViewTest" time="0.0"/>
  <testcase name="[2] view=links: [&lt;localhost:8080&gt;;rel=&quot;self&quot;], linkIsPresent=true" classname="com.epam.esm.model.representation.HateoasViewTest" time="0.0"/>
  <testcase name="[3] view=links: [&lt;localhost:8080&gt;;rel=&quot;self&quot;], linkIsPresent=true" classname="com.epam.esm.model.representation.HateoasViewTest" time="0.0"/>
  <testcase name="[4] view=links: [&lt;localhost:8080&gt;;rel=&quot;self&quot;, &lt;localhost:8080&gt;;rel=&quot;next&quot;], linkIsPresent=true" classname="com.epam.esm.model.representation.HateoasViewTest" time="0.0"/>
  <testcase name="[5] view=links: [&lt;localhost:8080&gt;;rel=&quot;self&quot;, &lt;localhost:8080&gt;;rel=&quot;next&quot;], linkIsPresent=true" classname="com.epam.esm.model.representation.HateoasViewTest" time="0.0"/>
  <testcase name="[6] view=links: [&lt;localhost:8080&gt;;rel=&quot;self&quot;, &lt;localhost:8080&gt;;rel=&quot;first&quot;, &lt;localhost:8080&gt;;rel=&quot;previous&quot;], linkIsPresent=true" classname="com.epam.esm.model.representation.HateoasViewTest" time="0.0"/>
  <testcase name="[7] view=links: [&lt;localhost:8080&gt;;rel=&quot;self&quot;, &lt;localhost:8080&gt;;rel=&quot;first&quot;, &lt;localhost:8080&gt;;rel=&quot;previous&quot;], linkIsPresent=true" classname="com.epam.esm.model.representation.HateoasViewTest" time="0.0"/>
  <testcase name="[8] view=links: [&lt;localhost:8080&gt;;rel=&quot;self&quot;, &lt;localhost:8080&gt;;rel=&quot;first&quot;, &lt;localhost:8080&gt;;rel=&quot;next&quot;, &lt;localhost:8080&gt;;rel=&quot;previous&quot;], linkIsPresent=true" classname="com.epam.esm.model.representation.HateoasViewTest" time="0.0"/>
  <testcase name="[9] view=links: [&lt;localhost:8080&gt;;rel=&quot;self&quot;, &lt;localhost:8080&gt;;rel=&quot;first&quot;, &lt;localhost:8080&gt;;rel=&quot;next&quot;, &lt;localhost:8080&gt;;rel=&quot;previous&quot;], linkIsPresent=true" classname="com.epam.esm.model.representation.HateoasViewTest" time="0.001"/>
  <testcase name="[10] view=links: [&lt;localhost:8080&gt;;rel=&quot;self&quot;, &lt;localhost:8080&gt;;rel=&quot;first&quot;, &lt;localhost:8080&gt;;rel=&quot;previous&quot;], linkIsPresent=true" classname="com.epam.esm.model.representation.HateoasViewTest" time="0.001"/>
  <testcase name="[11] view=links: [&lt;localhost:8080&gt;;rel=&quot;self&quot;, &lt;localhost:8080&gt;;rel=&quot;first&quot;, &lt;localhost:8080&gt;;rel=&quot;previous&quot;], linkIsPresent=true" classname="com.epam.esm.model.representation.HateoasViewTest" time="0.001"/>
  <system-out><![CDATA[]]></system-out>
  <system-err><![CDATA[]]></system-err>
</testsuite>
