<?xml version="1.0" encoding="UTF-8"?>
<testsuite name="com.epam.esm.service.impl.TagsServiceImplTest" tests="6" skipped="0" failures="0" errors="0" timestamp="2022-05-21T14:34:17" hostname="DESKTOP-US0M6L4" time="0.033">
  <properties/>
  <testcase name="getTag_success()" classname="com.epam.esm.service.impl.TagsServiceImplTest" time="0.026"/>
  <testcase name="getTag_fail_tagNotFound()" classname="com.epam.esm.service.impl.TagsServiceImplTest" time="0.001"/>
  <testcase name="deleteTag_success()" classname="com.epam.esm.service.impl.TagsServiceImplTest" time="0.001"/>
  <testcase name="getAllTags()" classname="com.epam.esm.service.impl.TagsServiceImplTest" time="0.001"/>
  <testcase name="createTag()" classname="com.epam.esm.service.impl.TagsServiceImplTest" time="0.001"/>
  <testcase name="deleteTag_fail_tagNotFound()" classname="com.epam.esm.service.impl.TagsServiceImplTest" time="0.001"/>
  <system-out><![CDATA[]]></system-out>
  <system-err><![CDATA[]]></system-err>
</testsuite>
