<?xml version="1.0" encoding="UTF-8"?>
<testsuite name="com.epam.esm.service.impl.CertificateServiceImplTest" tests="10" skipped="0" failures="0" errors="0" timestamp="2022-05-21T14:34:17" hostname="DESKTOP-US0M6L4" time="0.095">
  <properties/>
  <testcase name="updateCertificate_success()" classname="com.epam.esm.service.impl.CertificateServiceImplTest" time="0.07"/>
  <testcase name="createCertificate()" classname="com.epam.esm.service.impl.CertificateServiceImplTest" time="0.014"/>
  <testcase name="getCertificate_fail_certificateNotFound()" classname="com.epam.esm.service.impl.CertificateServiceImplTest" time="0.001"/>
  <testcase name="deleteCertificate_fail_certificateNotFound()" classname="com.epam.esm.service.impl.CertificateServiceImplTest" time="0.001"/>
  <testcase name="getCertificate_success()" classname="com.epam.esm.service.impl.CertificateServiceImplTest" time="0.001"/>
  <testcase name="searchCertificatesByTagNames()" classname="com.epam.esm.service.impl.CertificateServiceImplTest" time="0.001"/>
  <testcase name="getAllCertificates()" classname="com.epam.esm.service.impl.CertificateServiceImplTest" time="0.001"/>
  <testcase name="searchCertificates()" classname="com.epam.esm.service.impl.CertificateServiceImplTest" time="0.002"/>
  <testcase name="deleteCertificate_success()" classname="com.epam.esm.service.impl.CertificateServiceImplTest" time="0.001"/>
  <testcase name="updateCertificate_fail_certificateNotFound()" classname="com.epam.esm.service.impl.CertificateServiceImplTest" time="0.001"/>
  <system-out><![CDATA[]]></system-out>
  <system-err><![CDATA[]]></system-err>
</testsuite>
