<?xml version="1.0" encoding="UTF-8"?>
<testsuite name="com.epam.esm.controller.api.impl.CertificateControllerImplTest" tests="6" skipped="0" failures="0" errors="0" timestamp="2022-05-21T14:34:12" hostname="DESKTOP-US0M6L4" time="3.44">
  <properties/>
  <testcase name="createCertificate()" classname="com.epam.esm.controller.api.impl.CertificateControllerImplTest" time="2.869"/>
  <testcase name="getCertificate_fail_notFound()" classname="com.epam.esm.controller.api.impl.CertificateControllerImplTest" time="0.032"/>
  <testcase name="deleteCertificate_fail_notFound()" classname="com.epam.esm.controller.api.impl.CertificateControllerImplTest" time="0.021"/>
  <testcase name="getCertificate_success()" classname="com.epam.esm.controller.api.impl.CertificateControllerImplTest" time="0.05"/>
  <testcase name="getAllCertificates()" classname="com.epam.esm.controller.api.impl.CertificateControllerImplTest" time="0.443"/>
  <testcase name="deleteCertificate_success()" classname="com.epam.esm.controller.api.impl.CertificateControllerImplTest" time="0.018"/>
  <system-out><![CDATA[17:34:14.059 [Test worker] DEBUG _org.springframework.web.servlet.HandlerMapping.Mappings - 
	c.e.e.c.a.i.CertificateControllerImpl:
	{GET [/certificates/{id}], produces [application/json]}: getCertificate(long)
	{PATCH [/certificates/{id}], produces [application/json]}: updateCertificate(long,MultiValueMap)
	{DELETE [/certificates/{id}], produces [application/json]}: deleteCertificate(long)
	{POST [/certificates], produces [application/json]}: createCertificate(CertificateCreateDto)
	{GET [/certificates], produces [application/json]}: getAllCertificates(int,int)
17:34:14.072 [Test worker] DEBUG org.springframework.web.servlet.mvc.method.annotation.RequestMappingHandlerMapping - 5 mappings in org.springframework.web.servlet.mvc.method.annotation.RequestMappingHandlerMapping
17:34:14.762 [Test worker] DEBUG org.springframework.web.servlet.mvc.method.annotation.RequestMappingHandlerAdapter - ControllerAdvice beans: 0 @ModelAttribute, 0 @InitBinder, 1 RequestBodyAdvice, 1 ResponseBodyAdvice
17:34:14.815 [Test worker] DEBUG org.springframework.web.servlet.mvc.method.annotation.ExceptionHandlerExceptionResolver - ControllerAdvice beans: 0 @ExceptionHandler, 1 ResponseBodyAdvice
17:34:14.839 [Test worker] INFO org.springframework.mock.web.MockServletContext - Initializing Spring TestDispatcherServlet ''
17:34:14.839 [Test worker] INFO org.springframework.test.web.servlet.TestDispatcherServlet - Initializing Servlet ''
17:34:14.842 [Test worker] DEBUG org.springframework.test.web.servlet.TestDispatcherServlet - Detected AcceptHeaderLocaleResolver
17:34:14.842 [Test worker] DEBUG org.springframework.test.web.servlet.TestDispatcherServlet - Detected FixedThemeResolver
17:34:14.843 [Test worker] DEBUG org.springframework.test.web.servlet.TestDispatcherServlet - Detected org.springframework.web.servlet.view.DefaultRequestToViewNameTranslator@595b73dc
17:34:14.843 [Test worker] DEBUG org.springframework.test.web.servlet.TestDispatcherServlet - Detected org.springframework.web.servlet.support.SessionFlashMapManager@72ccf486
17:34:14.843 [Test worker] DEBUG org.springframework.test.web.servlet.TestDispatcherServlet - enableLoggingRequestDetails='false': request parameters and headers will be masked to prevent unsafe logging of potentially sensitive data
17:34:14.843 [Test worker] INFO org.springframework.test.web.servlet.TestDispatcherServlet - Completed initialization in 4 ms
17:34:14.955 [Test worker] DEBUG org.springframework.test.web.servlet.TestDispatcherServlet - POST "/certificates", parameters={masked}
17:34:14.961 [Test worker] DEBUG org.springframework.web.servlet.mvc.method.annotation.RequestMappingHandlerMapping - Mapped to com.epam.esm.controller.api.impl.CertificateControllerImpl#createCertificate(CertificateCreateDto)
17:34:15.113 [Test worker] DEBUG org.springframework.web.servlet.mvc.method.annotation.RequestResponseBodyMethodProcessor - Using 'application/json', given [*/*] and supported [application/json]
17:34:15.207 [Test worker] DEBUG org.springframework.web.servlet.mvc.method.annotation.RequestResponseBodyMethodProcessor - Writing [Certificate{id=1, name='new_name', description=[], price=400, duration=null, createDate=null, lastUp (truncated)...]
17:34:15.224 [Test worker] DEBUG org.springframework.test.web.servlet.TestDispatcherServlet - Completed 201 CREATED
17:34:15.293 [Test worker] DEBUG com.jayway.jsonpath.internal.path.CompiledPath - Evaluating path: $['id']
17:34:15.298 [Test worker] DEBUG com.jayway.jsonpath.internal.path.CompiledPath - Evaluating path: $['id']
17:34:15.298 [Test worker] DEBUG com.jayway.jsonpath.internal.path.CompiledPath - Evaluating path: $['name']
17:34:15.298 [Test worker] DEBUG com.jayway.jsonpath.internal.path.CompiledPath - Evaluating path: $['price']
17:34:15.313 [Test worker] DEBUG _org.springframework.web.servlet.HandlerMapping.Mappings - 
	c.e.e.c.a.i.CertificateControllerImpl:
	{GET [/certificates/{id}], produces [application/json]}: getCertificate(long)
	{PATCH [/certificates/{id}], produces [application/json]}: updateCertificate(long,MultiValueMap)
	{DELETE [/certificates/{id}], produces [application/json]}: deleteCertificate(long)
	{POST [/certificates], produces [application/json]}: createCertificate(CertificateCreateDto)
	{GET [/certificates], produces [application/json]}: getAllCertificates(int,int)
17:34:15.315 [Test worker] DEBUG org.springframework.web.servlet.mvc.method.annotation.RequestMappingHandlerMapping - 5 mappings in org.springframework.web.servlet.mvc.method.annotation.RequestMappingHandlerMapping
17:34:15.321 [Test worker] DEBUG org.springframework.web.servlet.mvc.method.annotation.RequestMappingHandlerAdapter - ControllerAdvice beans: 0 @ModelAttribute, 0 @InitBinder, 1 RequestBodyAdvice, 1 ResponseBodyAdvice
17:34:15.325 [Test worker] DEBUG org.springframework.web.servlet.mvc.method.annotation.ExceptionHandlerExceptionResolver - ControllerAdvice beans: 0 @ExceptionHandler, 1 ResponseBodyAdvice
17:34:15.325 [Test worker] INFO org.springframework.mock.web.MockServletContext - Initializing Spring TestDispatcherServlet ''
17:34:15.325 [Test worker] INFO org.springframework.test.web.servlet.TestDispatcherServlet - Initializing Servlet ''
17:34:15.325 [Test worker] DEBUG org.springframework.test.web.servlet.TestDispatcherServlet - Detected AcceptHeaderLocaleResolver
17:34:15.325 [Test worker] DEBUG org.springframework.test.web.servlet.TestDispatcherServlet - Detected FixedThemeResolver
17:34:15.326 [Test worker] DEBUG org.springframework.test.web.servlet.TestDispatcherServlet - Detected org.springframework.web.servlet.view.DefaultRequestToViewNameTranslator@10684d9b
17:34:15.326 [Test worker] DEBUG org.springframework.test.web.servlet.TestDispatcherServlet - Detected org.springframework.web.servlet.support.SessionFlashMapManager@9f07113
17:34:15.326 [Test worker] DEBUG org.springframework.test.web.servlet.TestDispatcherServlet - enableLoggingRequestDetails='false': request parameters and headers will be masked to prevent unsafe logging of potentially sensitive data
17:34:15.326 [Test worker] INFO org.springframework.test.web.servlet.TestDispatcherServlet - Completed initialization in 1 ms
17:34:15.327 [Test worker] DEBUG org.springframework.test.web.servlet.TestDispatcherServlet - GET "/certificates/1", parameters={}
17:34:15.328 [Test worker] DEBUG org.springframework.web.servlet.mvc.method.annotation.RequestMappingHandlerMapping - Mapped to com.epam.esm.controller.api.impl.CertificateControllerImpl#getCertificate(long)
17:34:15.335 [Test worker] DEBUG org.springframework.web.servlet.mvc.method.annotation.ExceptionHandlerExceptionResolver - Using @ExceptionHandler com.epam.esm.controller.api.impl.CertificateControllerImpl#certificateNotFound(CertificateNotFoundException)
17:34:15.336 [Test worker] DEBUG org.springframework.web.servlet.mvc.method.annotation.RequestResponseBodyMethodProcessor - Using 'application/json', given [*/*] and supported [application/json, application/*+json]
17:34:15.336 [Test worker] DEBUG org.springframework.web.servlet.mvc.method.annotation.RequestResponseBodyMethodProcessor - Writing [com.epam.esm.controller.util.Message@4913436a]
17:34:15.337 [Test worker] DEBUG org.springframework.web.servlet.mvc.method.annotation.ExceptionHandlerExceptionResolver - Resolved [com.epam.esm.controller.api.exception.CertificateNotFoundException]
17:34:15.337 [Test worker] DEBUG org.springframework.test.web.servlet.TestDispatcherServlet - Completed 404 NOT_FOUND
17:34:15.337 [Test worker] DEBUG com.jayway.jsonpath.internal.path.CompiledPath - Evaluating path: $['code']
17:34:15.344 [Test worker] DEBUG _org.springframework.web.servlet.HandlerMapping.Mappings - 
	c.e.e.c.a.i.CertificateControllerImpl:
	{GET [/certificates/{id}], produces [application/json]}: getCertificate(long)
	{PATCH [/certificates/{id}], produces [application/json]}: updateCertificate(long,MultiValueMap)
	{DELETE [/certificates/{id}], produces [application/json]}: deleteCertificate(long)
	{POST [/certificates], produces [application/json]}: createCertificate(CertificateCreateDto)
	{GET [/certificates], produces [application/json]}: getAllCertificates(int,int)
17:34:15.345 [Test worker] DEBUG org.springframework.web.servlet.mvc.method.annotation.RequestMappingHandlerMapping - 5 mappings in org.springframework.web.servlet.mvc.method.annotation.RequestMappingHandlerMapping
17:34:15.349 [Test worker] DEBUG org.springframework.web.servlet.mvc.method.annotation.RequestMappingHandlerAdapter - ControllerAdvice beans: 0 @ModelAttribute, 0 @InitBinder, 1 RequestBodyAdvice, 1 ResponseBodyAdvice
17:34:15.351 [Test worker] DEBUG org.springframework.web.servlet.mvc.method.annotation.ExceptionHandlerExceptionResolver - ControllerAdvice beans: 0 @ExceptionHandler, 1 ResponseBodyAdvice
17:34:15.351 [Test worker] INFO org.springframework.mock.web.MockServletContext - Initializing Spring TestDispatcherServlet ''
17:34:15.351 [Test worker] INFO org.springframework.test.web.servlet.TestDispatcherServlet - Initializing Servlet ''
17:34:15.351 [Test worker] DEBUG org.springframework.test.web.servlet.TestDispatcherServlet - Detected AcceptHeaderLocaleResolver
17:34:15.351 [Test worker] DEBUG org.springframework.test.web.servlet.TestDispatcherServlet - Detected FixedThemeResolver
17:34:15.351 [Test worker] DEBUG org.springframework.test.web.servlet.TestDispatcherServlet - Detected org.springframework.web.servlet.view.DefaultRequestToViewNameTranslator@498ef070
17:34:15.351 [Test worker] DEBUG org.springframework.test.web.servlet.TestDispatcherServlet - Detected org.springframework.web.servlet.support.SessionFlashMapManager@7417d703
17:34:15.351 [Test worker] DEBUG org.springframework.test.web.servlet.TestDispatcherServlet - enableLoggingRequestDetails='false': request parameters and headers will be masked to prevent unsafe logging of potentially sensitive data
17:34:15.351 [Test worker] INFO org.springframework.test.web.servlet.TestDispatcherServlet - Completed initialization in 0 ms
17:34:15.354 [Test worker] DEBUG org.springframework.test.web.servlet.TestDispatcherServlet - DELETE "/certificates/1", parameters={}
17:34:15.355 [Test worker] DEBUG org.springframework.web.servlet.mvc.method.annotation.RequestMappingHandlerMapping - Mapped to com.epam.esm.controller.api.impl.CertificateControllerImpl#deleteCertificate(long)
17:34:15.357 [Test worker] DEBUG org.springframework.web.servlet.mvc.method.annotation.ExceptionHandlerExceptionResolver - Using @ExceptionHandler com.epam.esm.controller.api.impl.CertificateControllerImpl#certificateNotFound(CertificateNotFoundException)
17:34:15.358 [Test worker] DEBUG org.springframework.web.servlet.mvc.method.annotation.RequestResponseBodyMethodProcessor - Using 'application/json', given [*/*] and supported [application/json, application/*+json]
17:34:15.358 [Test worker] DEBUG org.springframework.web.servlet.mvc.method.annotation.RequestResponseBodyMethodProcessor - Writing [com.epam.esm.controller.util.Message@9b29304]
17:34:15.358 [Test worker] DEBUG org.springframework.web.servlet.mvc.method.annotation.ExceptionHandlerExceptionResolver - Resolved [com.epam.esm.controller.api.exception.CertificateNotFoundException]
17:34:15.359 [Test worker] DEBUG org.springframework.test.web.servlet.TestDispatcherServlet - Completed 404 NOT_FOUND
17:34:15.359 [Test worker] DEBUG com.jayway.jsonpath.internal.path.CompiledPath - Evaluating path: $['code']
17:34:15.366 [Test worker] DEBUG _org.springframework.web.servlet.HandlerMapping.Mappings - 
	c.e.e.c.a.i.CertificateControllerImpl:
	{GET [/certificates/{id}], produces [application/json]}: getCertificate(long)
	{PATCH [/certificates/{id}], produces [application/json]}: updateCertificate(long,MultiValueMap)
	{DELETE [/certificates/{id}], produces [application/json]}: deleteCertificate(long)
	{POST [/certificates], produces [application/json]}: createCertificate(CertificateCreateDto)
	{GET [/certificates], produces [application/json]}: getAllCertificates(int,int)
17:34:15.368 [Test worker] DEBUG org.springframework.web.servlet.mvc.method.annotation.RequestMappingHandlerMapping - 5 mappings in org.springframework.web.servlet.mvc.method.annotation.RequestMappingHandlerMapping
17:34:15.376 [Test worker] DEBUG org.springframework.web.servlet.mvc.method.annotation.RequestMappingHandlerAdapter - ControllerAdvice beans: 0 @ModelAttribute, 0 @InitBinder, 1 RequestBodyAdvice, 1 ResponseBodyAdvice
17:34:15.386 [Test worker] DEBUG org.springframework.web.servlet.mvc.method.annotation.ExceptionHandlerExceptionResolver - ControllerAdvice beans: 0 @ExceptionHandler, 1 ResponseBodyAdvice
17:34:15.386 [Test worker] INFO org.springframework.mock.web.MockServletContext - Initializing Spring TestDispatcherServlet ''
17:34:15.386 [Test worker] INFO org.springframework.test.web.servlet.TestDispatcherServlet - Initializing Servlet ''
17:34:15.386 [Test worker] DEBUG org.springframework.test.web.servlet.TestDispatcherServlet - Detected AcceptHeaderLocaleResolver
17:34:15.387 [Test worker] DEBUG org.springframework.test.web.servlet.TestDispatcherServlet - Detected FixedThemeResolver
17:34:15.387 [Test worker] DEBUG org.springframework.test.web.servlet.TestDispatcherServlet - Detected org.springframework.web.servlet.view.DefaultRequestToViewNameTranslator@4e62e1b5
17:34:15.387 [Test worker] DEBUG org.springframework.test.web.servlet.TestDispatcherServlet - Detected org.springframework.web.servlet.support.SessionFlashMapManager@1b5c9ff
17:34:15.387 [Test worker] DEBUG org.springframework.test.web.servlet.TestDispatcherServlet - enableLoggingRequestDetails='false': request parameters and headers will be masked to prevent unsafe logging of potentially sensitive data
17:34:15.387 [Test worker] INFO org.springframework.test.web.servlet.TestDispatcherServlet - Completed initialization in 1 ms
17:34:15.390 [Test worker] DEBUG org.springframework.test.web.servlet.TestDispatcherServlet - GET "/certificates/1", parameters={}
17:34:15.391 [Test worker] DEBUG org.springframework.web.servlet.mvc.method.annotation.RequestMappingHandlerMapping - Mapped to com.epam.esm.controller.api.impl.CertificateControllerImpl#getCertificate(long)
17:34:15.396 [Test worker] DEBUG org.springframework.web.servlet.mvc.method.annotation.RequestResponseBodyMethodProcessor - Using 'application/json', given [*/*] and supported [application/json]
17:34:15.398 [Test worker] DEBUG org.springframework.web.servlet.mvc.method.annotation.RequestResponseBodyMethodProcessor - Writing [Certificate{id=1, name='null', description=[], price=null, duration=null, createDate=null, lastUpdat (truncated)...]
17:34:15.402 [Test worker] DEBUG org.springframework.test.web.servlet.TestDispatcherServlet - Completed 200 OK
17:34:15.462 [Test worker] DEBUG _org.springframework.web.servlet.HandlerMapping.Mappings - 
	c.e.e.c.a.i.CertificateControllerImpl:
	{GET [/certificates/{id}], produces [application/json]}: getCertificate(long)
	{PATCH [/certificates/{id}], produces [application/json]}: updateCertificate(long,MultiValueMap)
	{DELETE [/certificates/{id}], produces [application/json]}: deleteCertificate(long)
	{POST [/certificates], produces [application/json]}: createCertificate(CertificateCreateDto)
	{GET [/certificates], produces [application/json]}: getAllCertificates(int,int)
17:34:15.467 [Test worker] DEBUG org.springframework.web.servlet.mvc.method.annotation.RequestMappingHandlerMapping - 5 mappings in org.springframework.web.servlet.mvc.method.annotation.RequestMappingHandlerMapping
17:34:15.480 [Test worker] DEBUG org.springframework.web.servlet.mvc.method.annotation.RequestMappingHandlerAdapter - ControllerAdvice beans: 0 @ModelAttribute, 0 @InitBinder, 1 RequestBodyAdvice, 1 ResponseBodyAdvice
17:34:15.487 [Test worker] DEBUG org.springframework.web.servlet.mvc.method.annotation.ExceptionHandlerExceptionResolver - ControllerAdvice beans: 0 @ExceptionHandler, 1 ResponseBodyAdvice
17:34:15.488 [Test worker] INFO org.springframework.mock.web.MockServletContext - Initializing Spring TestDispatcherServlet ''
17:34:15.488 [Test worker] INFO org.springframework.test.web.servlet.TestDispatcherServlet - Initializing Servlet ''
17:34:15.489 [Test worker] DEBUG org.springframework.test.web.servlet.TestDispatcherServlet - Detected AcceptHeaderLocaleResolver
17:34:15.489 [Test worker] DEBUG org.springframework.test.web.servlet.TestDispatcherServlet - Detected FixedThemeResolver
17:34:15.490 [Test worker] DEBUG org.springframework.test.web.servlet.TestDispatcherServlet - Detected org.springframework.web.servlet.view.DefaultRequestToViewNameTranslator@83483e0
17:34:15.491 [Test worker] DEBUG org.springframework.test.web.servlet.TestDispatcherServlet - Detected org.springframework.web.servlet.support.SessionFlashMapManager@1c2ae39b
17:34:15.491 [Test worker] DEBUG org.springframework.test.web.servlet.TestDispatcherServlet - enableLoggingRequestDetails='false': request parameters and headers will be masked to prevent unsafe logging of potentially sensitive data
17:34:15.491 [Test worker] INFO org.springframework.test.web.servlet.TestDispatcherServlet - Completed initialization in 3 ms
17:34:15.496 [Test worker] DEBUG org.springframework.test.web.servlet.TestDispatcherServlet - GET "/certificates/", parameters={}
17:34:15.497 [Test worker] DEBUG org.springframework.web.servlet.mvc.method.annotation.RequestMappingHandlerMapping - Mapped to com.epam.esm.controller.api.impl.CertificateControllerImpl#getAllCertificates(int, int)
17:34:15.815 [Test worker] DEBUG org.springframework.web.servlet.mvc.method.annotation.RequestResponseBodyMethodProcessor - Using 'application/json', given [*/*] and supported [application/json]
17:34:15.820 [Test worker] DEBUG org.springframework.web.servlet.mvc.method.annotation.RequestResponseBodyMethodProcessor - Writing [links: [<http://localhost/certificates?page=1&limit=10>;rel="self", <http://localhost/certificates?p (truncated)...]
17:34:15.858 [Test worker] DEBUG org.springframework.test.web.servlet.TestDispatcherServlet - Completed 200 OK
17:34:15.858 [Test worker] DEBUG com.jayway.jsonpath.internal.path.CompiledPath - Evaluating path: $['elements_on_current_page']
17:34:15.862 [Test worker] DEBUG _org.springframework.web.servlet.HandlerMapping.Mappings - 
	c.e.e.c.a.i.CertificateControllerImpl:
	{GET [/certificates/{id}], produces [application/json]}: getCertificate(long)
	{PATCH [/certificates/{id}], produces [application/json]}: updateCertificate(long,MultiValueMap)
	{DELETE [/certificates/{id}], produces [application/json]}: deleteCertificate(long)
	{POST [/certificates], produces [application/json]}: createCertificate(CertificateCreateDto)
	{GET [/certificates], produces [application/json]}: getAllCertificates(int,int)
17:34:15.863 [Test worker] DEBUG org.springframework.web.servlet.mvc.method.annotation.RequestMappingHandlerMapping - 5 mappings in org.springframework.web.servlet.mvc.method.annotation.RequestMappingHandlerMapping
17:34:15.868 [Test worker] DEBUG org.springframework.web.servlet.mvc.method.annotation.RequestMappingHandlerAdapter - ControllerAdvice beans: 0 @ModelAttribute, 0 @InitBinder, 1 RequestBodyAdvice, 1 ResponseBodyAdvice
17:34:15.871 [Test worker] DEBUG org.springframework.web.servlet.mvc.method.annotation.ExceptionHandlerExceptionResolver - ControllerAdvice beans: 0 @ExceptionHandler, 1 ResponseBodyAdvice
17:34:15.871 [Test worker] INFO org.springframework.mock.web.MockServletContext - Initializing Spring TestDispatcherServlet ''
17:34:15.871 [Test worker] INFO org.springframework.test.web.servlet.TestDispatcherServlet - Initializing Servlet ''
17:34:15.872 [Test worker] DEBUG org.springframework.test.web.servlet.TestDispatcherServlet - Detected AcceptHeaderLocaleResolver
17:34:15.872 [Test worker] DEBUG org.springframework.test.web.servlet.TestDispatcherServlet - Detected FixedThemeResolver
17:34:15.873 [Test worker] DEBUG org.springframework.test.web.servlet.TestDispatcherServlet - Detected org.springframework.web.servlet.view.DefaultRequestToViewNameTranslator@b6e116d
17:34:15.873 [Test worker] DEBUG org.springframework.test.web.servlet.TestDispatcherServlet - Detected org.springframework.web.servlet.support.SessionFlashMapManager@52c7dcf9
17:34:15.873 [Test worker] DEBUG org.springframework.test.web.servlet.TestDispatcherServlet - enableLoggingRequestDetails='false': request parameters and headers will be masked to prevent unsafe logging of potentially sensitive data
17:34:15.873 [Test worker] INFO org.springframework.test.web.servlet.TestDispatcherServlet - Completed initialization in 2 ms
17:34:15.873 [Test worker] DEBUG org.springframework.test.web.servlet.TestDispatcherServlet - DELETE "/certificates/1", parameters={}
17:34:15.873 [Test worker] DEBUG org.springframework.web.servlet.mvc.method.annotation.RequestMappingHandlerMapping - Mapped to com.epam.esm.controller.api.impl.CertificateControllerImpl#deleteCertificate(long)
17:34:15.875 [Test worker] DEBUG org.springframework.web.servlet.mvc.method.annotation.RequestResponseBodyMethodProcessor - Using 'application/json', given [*/*] and supported [application/json]
17:34:15.875 [Test worker] DEBUG org.springframework.web.servlet.mvc.method.annotation.RequestResponseBodyMethodProcessor - Writing [com.epam.esm.controller.util.Message@1cfc38b0]
17:34:15.876 [Test worker] DEBUG org.springframework.test.web.servlet.TestDispatcherServlet - Completed 200 OK
17:34:15.876 [Test worker] DEBUG com.jayway.jsonpath.internal.path.CompiledPath - Evaluating path: $['code']
]]></system-out>
  <system-err><![CDATA[]]></system-err>
</testsuite>
