<?xml version="1.0" encoding="UTF-8"?>
<testsuite name="com.epam.esm.service.impl.PurchaseServiceImplTest" tests="13" skipped="0" failures="0" errors="0" timestamp="2022-05-21T14:34:17" hostname="DESKTOP-US0M6L4" time="0.16">
  <properties/>
  <testcase name="getUserPrimaryTags_success()" classname="com.epam.esm.service.impl.PurchaseServiceImplTest" time="0.133"/>
  <testcase name="deletePurchase_success()" classname="com.epam.esm.service.impl.PurchaseServiceImplTest" time="0.001"/>
  <testcase name="getPrimaryTags()" classname="com.epam.esm.service.impl.PurchaseServiceImplTest" time="0.002"/>
  <testcase name="getUserPurchases_fail_userNotFound()" classname="com.epam.esm.service.impl.PurchaseServiceImplTest" time="0.003"/>
  <testcase name="deletePurchase_fail_purchaseNotFound()" classname="com.epam.esm.service.impl.PurchaseServiceImplTest" time="0.002"/>
  <testcase name="getPurchaseById_fail_purchaseNotFound()" classname="com.epam.esm.service.impl.PurchaseServiceImplTest" time="0.003"/>
  <testcase name="getUserPurchases_success()" classname="com.epam.esm.service.impl.PurchaseServiceImplTest" time="0.002"/>
  <testcase name="getPurchaseById_success()" classname="com.epam.esm.service.impl.PurchaseServiceImplTest" time="0.001"/>
  <testcase name="purchaseCertificate_fail_userNotFound()" classname="com.epam.esm.service.impl.PurchaseServiceImplTest" time="0.003"/>
  <testcase name="getAllPurchases()" classname="com.epam.esm.service.impl.PurchaseServiceImplTest" time="0.001"/>
  <testcase name="purchaseCertificate_fail_certificateNotFound()" classname="com.epam.esm.service.impl.PurchaseServiceImplTest" time="0.001"/>
  <testcase name="getUserPrimaryTags_fail_userNotFound()" classname="com.epam.esm.service.impl.PurchaseServiceImplTest" time="0.001"/>
  <testcase name="purchaseCertificate_success()" classname="com.epam.esm.service.impl.PurchaseServiceImplTest" time="0.002"/>
  <system-out><![CDATA[]]></system-out>
  <system-err><![CDATA[]]></system-err>
</testsuite>
