<?xml version="1.0" encoding="UTF-8"?>
<testsuite name="com.epam.esm.service.impl.UserServiceImplTest" tests="4" skipped="0" failures="0" errors="0" timestamp="2022-05-21T14:34:17" hostname="DESKTOP-US0M6L4" time="0.011">
  <properties/>
  <testcase name="getUser_fail_userNotFound()" classname="com.epam.esm.service.impl.UserServiceImplTest" time="0.006"/>
  <testcase name="getUser_success()" classname="com.epam.esm.service.impl.UserServiceImplTest" time="0.001"/>
  <testcase name="createUser()" classname="com.epam.esm.service.impl.UserServiceImplTest" time="0.001"/>
  <testcase name="getUsers()" classname="com.epam.esm.service.impl.UserServiceImplTest" time="0.002"/>
  <system-out><![CDATA[]]></system-out>
  <system-err><![CDATA[]]></system-err>
</testsuite>
