<?xml version="1.0" encoding="UTF-8"?>
<testsuite name="com.epam.esm.controller.api.ControllerHelperTest" tests="38" skipped="0" failures="0" errors="0" timestamp="2022-05-21T14:34:12" hostname="DESKTOP-US0M6L4" time="0.182">
  <properties/>
  <testcase name="[1] input=Page 1 of 8 containing UNKNOWN instances, expected=0" classname="com.epam.esm.controller.api.ControllerHelperTest" time="0.094"/>
  <testcase name="[2] input=Page 2 of 8 containing UNKNOWN instances, expected=1" classname="com.epam.esm.controller.api.ControllerHelperTest" time="0.001"/>
  <testcase name="[3] input=Page 21 of 8 containing UNKNOWN instances, expected=20" classname="com.epam.esm.controller.api.ControllerHelperTest" time="0.001"/>
  <testcase name="[4] input=Page 22 of 8 containing UNKNOWN instances, expected=21" classname="com.epam.esm.controller.api.ControllerHelperTest" time="0.001"/>
  <testcase name="[5] input=Page 45 of 8 containing UNKNOWN instances, expected=44" classname="com.epam.esm.controller.api.ControllerHelperTest" time="0.0"/>
  <testcase name="[6] input=Page 57 of 8 containing UNKNOWN instances, expected=56" classname="com.epam.esm.controller.api.ControllerHelperTest" time="0.001"/>
  <testcase name="getPageSizeParameter_success_regularNumber()" classname="com.epam.esm.controller.api.ControllerHelperTest" time="0.0"/>
  <testcase name="[1] input=Page 1 of 8 containing UNKNOWN instances, expected=2" classname="com.epam.esm.controller.api.ControllerHelperTest" time="0.0"/>
  <testcase name="[2] input=Page 2 of 8 containing UNKNOWN instances, expected=3" classname="com.epam.esm.controller.api.ControllerHelperTest" time="0.001"/>
  <testcase name="[3] input=Page 21 of 8 containing UNKNOWN instances, expected=22" classname="com.epam.esm.controller.api.ControllerHelperTest" time="0.0"/>
  <testcase name="[4] input=Page 22 of 8 containing UNKNOWN instances, expected=23" classname="com.epam.esm.controller.api.ControllerHelperTest" time="0.0"/>
  <testcase name="[5] input=Page 45 of 8 containing UNKNOWN instances, expected=46" classname="com.epam.esm.controller.api.ControllerHelperTest" time="0.0"/>
  <testcase name="[6] input=Page 57 of 8 containing UNKNOWN instances, expected=58" classname="com.epam.esm.controller.api.ControllerHelperTest" time="0.001"/>
  <testcase name="[7] input=Page 55 of 8 containing UNKNOWN instances, expected=56" classname="com.epam.esm.controller.api.ControllerHelperTest" time="0.0"/>
  <testcase name="[8] input=Page 97 of 8 containing UNKNOWN instances, expected=98" classname="com.epam.esm.controller.api.ControllerHelperTest" time="0.002"/>
  <testcase name="[9] input=Page 323 of 8 containing UNKNOWN instances, expected=324" classname="com.epam.esm.controller.api.ControllerHelperTest" time="0.001"/>
  <testcase name="[10] input=Page 12 of 8 containing UNKNOWN instances, expected=13" classname="com.epam.esm.controller.api.ControllerHelperTest" time="0.001"/>
  <testcase name="getPageNumberParameter_success_regularNumber()" classname="com.epam.esm.controller.api.ControllerHelperTest" time="0.0"/>
  <testcase name="[1] pageNumber=1, pageSize=5, verificationPageable=Page request [number: 0, size 5, sort: UNSORTED]" classname="com.epam.esm.controller.api.ControllerHelperTest" time="0.0"/>
  <testcase name="[2] pageNumber=7, pageSize=6, verificationPageable=Page request [number: 6, size 6, sort: UNSORTED]" classname="com.epam.esm.controller.api.ControllerHelperTest" time="0.001"/>
  <testcase name="[3] pageNumber=18, pageSize=441, verificationPageable=Page request [number: 17, size 441, sort: UNSORTED]" classname="com.epam.esm.controller.api.ControllerHelperTest" time="0.001"/>
  <testcase name="[4] pageNumber=2000000, pageSize=1, verificationPageable=Page request [number: 1999999, size 1, sort: UNSORTED]" classname="com.epam.esm.controller.api.ControllerHelperTest" time="0.001"/>
  <testcase name="[5] pageNumber=10, pageSize=10, verificationPageable=Page request [number: 9, size 10, sort: UNSORTED]" classname="com.epam.esm.controller.api.ControllerHelperTest" time="0.0"/>
  <testcase name="[6] pageNumber=31, pageSize=31, verificationPageable=Page request [number: 30, size 31, sort: UNSORTED]" classname="com.epam.esm.controller.api.ControllerHelperTest" time="0.0"/>
  <testcase name="getPageNumberParameter_fail_nonNumberPageSizeParameter_toBeThrown_BadRequestParametersException()" classname="com.epam.esm.controller.api.ControllerHelperTest" time="0.011"/>
  <testcase name="[1] input=Page 1 of 8 containing UNKNOWN instances, expected=1" classname="com.epam.esm.controller.api.ControllerHelperTest" time="0.001"/>
  <testcase name="[2] input=Page 2 of 8 containing UNKNOWN instances, expected=2" classname="com.epam.esm.controller.api.ControllerHelperTest" time="0.0"/>
  <testcase name="[3] input=Page 21 of 8 containing UNKNOWN instances, expected=21" classname="com.epam.esm.controller.api.ControllerHelperTest" time="0.0"/>
  <testcase name="[4] input=Page 22 of 8 containing UNKNOWN instances, expected=22" classname="com.epam.esm.controller.api.ControllerHelperTest" time="0.001"/>
  <testcase name="[5] input=Page 45 of 8 containing UNKNOWN instances, expected=45" classname="com.epam.esm.controller.api.ControllerHelperTest" time="0.001"/>
  <testcase name="[6] input=Page 57 of 8 containing UNKNOWN instances, expected=57" classname="com.epam.esm.controller.api.ControllerHelperTest" time="0.002"/>
  <testcase name="[7] input=Page 101 of 8 containing UNKNOWN instances, expected=101" classname="com.epam.esm.controller.api.ControllerHelperTest" time="0.002"/>
  <testcase name="[8] input=Page 124 of 8 containing UNKNOWN instances, expected=124" classname="com.epam.esm.controller.api.ControllerHelperTest" time="0.001"/>
  <testcase name="[9] input=Page 457 of 8 containing UNKNOWN instances, expected=457" classname="com.epam.esm.controller.api.ControllerHelperTest" time="0.001"/>
  <testcase name="getPageNumberParameter_fail_nonNumberPageNumberParameter_toBeThrown_BadRequestParametersException()" classname="com.epam.esm.controller.api.ControllerHelperTest" time="0.002"/>
  <testcase name="firstPageNumber()" classname="com.epam.esm.controller.api.ControllerHelperTest" time="0.002"/>
  <testcase name="getPageSizeParameter_success_noPageSizeParamSet_defaultPageSizeReturned()" classname="com.epam.esm.controller.api.ControllerHelperTest" time="0.001"/>
  <testcase name="getPageNumberParameter_success_noPageParamSet_defaultFirstPageNumberReturned()" classname="com.epam.esm.controller.api.ControllerHelperTest" time="0.001"/>
  <system-out><![CDATA[]]></system-out>
  <system-err><![CDATA[]]></system-err>
</testsuite>
