<?xml version="1.0" encoding="UTF-8"?>
<testsuite name="com.epam.esm.controller.api.impl.CertificateControllerImplTest" tests="6" skipped="0" failures="0" errors="0" timestamp="2022-05-14T21:39:11" hostname="DESKTOP-US0M6L4" time="0.208">
  <properties/>
  <testcase name="createCertificate()" classname="com.epam.esm.controller.api.impl.CertificateControllerImplTest" time="0.07"/>
  <testcase name="getCertificate_fail_notFound()" classname="com.epam.esm.controller.api.impl.CertificateControllerImplTest" time="0.017"/>
  <testcase name="deleteCertificate_fail_notFound()" classname="com.epam.esm.controller.api.impl.CertificateControllerImplTest" time="0.023"/>
  <testcase name="getCertificate_success()" classname="com.epam.esm.controller.api.impl.CertificateControllerImplTest" time="0.02"/>
  <testcase name="getAllCertificates()" classname="com.epam.esm.controller.api.impl.CertificateControllerImplTest" time="0.045"/>
  <testcase name="deleteCertificate_success()" classname="com.epam.esm.controller.api.impl.CertificateControllerImplTest" time="0.028"/>
  <system-out><![CDATA[00:39:00.441 [Test worker] DEBUG org.springframework.test.context.BootstrapUtils - Instantiating CacheAwareContextLoaderDelegate from class [org.springframework.test.context.cache.DefaultCacheAwareContextLoaderDelegate]
00:39:00.442 [Test worker] DEBUG org.springframework.test.context.BootstrapUtils - Instantiating BootstrapContext using constructor [public org.springframework.test.context.support.DefaultBootstrapContext(java.lang.Class,org.springframework.test.context.CacheAwareContextLoaderDelegate)]
00:39:00.449 [Test worker] DEBUG org.springframework.test.context.BootstrapUtils - Instantiating TestContextBootstrapper for test class [com.epam.esm.controller.api.impl.CertificateControllerImplTest] from class [org.springframework.boot.test.context.SpringBootTestContextBootstrapper]
00:39:00.455 [Test worker] INFO org.springframework.boot.test.context.SpringBootTestContextBootstrapper - Neither @ContextConfiguration nor @ContextHierarchy found for test class [com.epam.esm.controller.api.impl.CertificateControllerImplTest], using SpringBootContextLoader
00:39:00.455 [Test worker] DEBUG org.springframework.test.context.support.AbstractContextLoader - Did not detect default resource location for test class [com.epam.esm.controller.api.impl.CertificateControllerImplTest]: class path resource [com/epam/esm/controller/api/impl/CertificateControllerImplTest-context.xml] does not exist
00:39:00.455 [Test worker] DEBUG org.springframework.test.context.support.AbstractContextLoader - Did not detect default resource location for test class [com.epam.esm.controller.api.impl.CertificateControllerImplTest]: class path resource [com/epam/esm/controller/api/impl/CertificateControllerImplTestContext.groovy] does not exist
00:39:00.455 [Test worker] INFO org.springframework.test.context.support.AbstractContextLoader - Could not detect default resource locations for test class [com.epam.esm.controller.api.impl.CertificateControllerImplTest]: no resource found for suffixes {-context.xml, Context.groovy}.
00:39:00.456 [Test worker] DEBUG org.springframework.test.context.support.AnnotationConfigContextLoaderUtils - Ignoring class [com.epam.esm.controller.api.impl.CertificateControllerImplTest$Data]; it must be static, non-private, non-final, and annotated with @Configuration to be considered a default configuration class.
00:39:00.456 [Test worker] INFO org.springframework.test.context.support.AnnotationConfigContextLoaderUtils - Could not detect default configuration classes for test class [com.epam.esm.controller.api.impl.CertificateControllerImplTest]: CertificateControllerImplTest does not declare any static, non-private, non-final, nested classes annotated with @Configuration.
00:39:00.480 [Test worker] DEBUG org.springframework.test.context.support.ActiveProfilesUtils - Could not find an 'annotation declaring class' for annotation type [org.springframework.test.context.ActiveProfiles] and class [com.epam.esm.controller.api.impl.CertificateControllerImplTest]
00:39:00.536 [Test worker] DEBUG org.springframework.context.annotation.ClassPathScanningCandidateComponentProvider - Identified candidate component class: file [C:\Java\Labs\SpringBoot\jpa-plus-hibernate-plus-spring-boot-based-rest-api\build\classes\java\main\com\epam\esm\Runner.class]
00:39:00.536 [Test worker] INFO org.springframework.boot.test.context.SpringBootTestContextBootstrapper - Found @SpringBootConfiguration com.epam.esm.Runner for test class com.epam.esm.controller.api.impl.CertificateControllerImplTest
00:39:00.573 [Test worker] DEBUG org.springframework.boot.test.context.SpringBootTestContextBootstrapper - @TestExecutionListeners is not present for class [com.epam.esm.controller.api.impl.CertificateControllerImplTest]: using defaults.
00:39:00.574 [Test worker] INFO org.springframework.boot.test.context.SpringBootTestContextBootstrapper - Loaded default TestExecutionListener class names from location [META-INF/spring.factories]: [org.springframework.boot.test.autoconfigure.restdocs.RestDocsTestExecutionListener, org.springframework.boot.test.autoconfigure.web.client.MockRestServiceServerResetTestExecutionListener, org.springframework.boot.test.autoconfigure.web.servlet.MockMvcPrintOnlyOnFailureTestExecutionListener, org.springframework.boot.test.autoconfigure.web.servlet.WebDriverTestExecutionListener, org.springframework.boot.test.autoconfigure.webservices.client.MockWebServiceServerTestExecutionListener, org.springframework.boot.test.mock.mockito.MockitoTestExecutionListener, org.springframework.boot.test.mock.mockito.ResetMocksTestExecutionListener, org.springframework.test.context.web.ServletTestExecutionListener, org.springframework.test.context.support.DirtiesContextBeforeModesTestExecutionListener, org.springframework.test.context.event.ApplicationEventsTestExecutionListener, org.springframework.test.context.support.DependencyInjectionTestExecutionListener, org.springframework.test.context.support.DirtiesContextTestExecutionListener, org.springframework.test.context.transaction.TransactionalTestExecutionListener, org.springframework.test.context.jdbc.SqlScriptsTestExecutionListener, org.springframework.test.context.event.EventPublishingTestExecutionListener]
00:39:00.590 [Test worker] INFO org.springframework.boot.test.context.SpringBootTestContextBootstrapper - Using TestExecutionListeners: [org.springframework.test.context.web.ServletTestExecutionListener@11e69771, org.springframework.test.context.support.DirtiesContextBeforeModesTestExecutionListener@260c1481, org.springframework.test.context.event.ApplicationEventsTestExecutionListener@78a5af34, org.springframework.boot.test.mock.mockito.MockitoTestExecutionListener@6e031e80, org.springframework.boot.test.autoconfigure.SpringBootDependencyInjectionTestExecutionListener@4b7b412e, org.springframework.test.context.support.DirtiesContextTestExecutionListener@d15ecdc, org.springframework.test.context.transaction.TransactionalTestExecutionListener@589c3e45, org.springframework.test.context.jdbc.SqlScriptsTestExecutionListener@2e9ddcc8, org.springframework.test.context.event.EventPublishingTestExecutionListener@3ffe8a04, org.springframework.boot.test.autoconfigure.restdocs.RestDocsTestExecutionListener@1d2fe22b, org.springframework.boot.test.autoconfigure.web.client.MockRestServiceServerResetTestExecutionListener@24f899dd, org.springframework.boot.test.autoconfigure.web.servlet.MockMvcPrintOnlyOnFailureTestExecutionListener@64c36a16, org.springframework.boot.test.autoconfigure.web.servlet.WebDriverTestExecutionListener@2f267220, org.springframework.boot.test.autoconfigure.webservices.client.MockWebServiceServerTestExecutionListener@4d7ae355, org.springframework.boot.test.mock.mockito.ResetMocksTestExecutionListener@2d2cbd56]
00:39:00.594 [Test worker] DEBUG org.springframework.test.context.support.AbstractDirtiesContextTestExecutionListener - Before test class: context [DefaultTestContext@6b84c312 testClass = CertificateControllerImplTest, testInstance = [null], testMethod = [null], testException = [null], mergedContextConfiguration = [WebMergedContextConfiguration@16e1f4e4 testClass = CertificateControllerImplTest, locations = '{}', classes = '{class com.epam.esm.Runner}', contextInitializerClasses = '[]', activeProfiles = '{}', propertySourceLocations = '{}', propertySourceProperties = '{org.springframework.boot.test.context.SpringBootTestContextBootstrapper=true}', contextCustomizers = set[org.springframework.boot.test.autoconfigure.actuate.metrics.MetricsExportContextCustomizerFactory$DisableMetricExportContextCustomizer@750a9b0c, org.springframework.boot.test.autoconfigure.properties.PropertyMappingContextCustomizer@0, org.springframework.boot.test.autoconfigure.web.servlet.WebDriverContextCustomizerFactory$Customizer@2472e88d, org.springframework.boot.test.context.filter.ExcludeFilterContextCustomizer@23e8e421, org.springframework.boot.test.json.DuplicateJsonObjectContextCustomizerFactory$DuplicateJsonObjectContextCustomizer@74e5e303, org.springframework.boot.test.mock.mockito.MockitoContextCustomizer@0, org.springframework.boot.test.web.client.TestRestTemplateContextCustomizer@5cf1cdaa, org.springframework.boot.test.context.SpringBootTestArgs@1, org.springframework.boot.test.context.SpringBootTestWebEnvironment@37efa368], resourceBasePath = 'src/main/webapp', contextLoader = 'org.springframework.boot.test.context.SpringBootContextLoader', parent = [null]], attributes = map['org.springframework.test.context.web.ServletTestExecutionListener.activateListener' -> true]], class annotated with @DirtiesContext [false] with mode [null].
2022-05-15 00:39:00.933  INFO 7972 --- [    Test worker] .e.e.c.a.i.CertificateControllerImplTest : Starting CertificateControllerImplTest using Java 1.8.0_302 on DESKTOP-US0M6L4 with PID 7972 (started by Vox in C:\Java\Labs\SpringBoot\jpa-plus-hibernate-plus-spring-boot-based-rest-api)
2022-05-15 00:39:00.935  INFO 7972 --- [    Test worker] .e.e.c.a.i.CertificateControllerImplTest : The following 1 profile is active: "production"
2022-05-15 00:39:01.804  INFO 7972 --- [    Test worker] .s.d.r.c.RepositoryConfigurationDelegate : Bootstrapping Spring Data JPA repositories in DEFAULT mode.
2022-05-15 00:39:01.888  INFO 7972 --- [    Test worker] .s.d.r.c.RepositoryConfigurationDelegate : Finished Spring Data repository scanning in 76 ms. Found 8 JPA repository interfaces.
2022-05-15 00:39:02.771  INFO 7972 --- [    Test worker] o.hibernate.jpa.internal.util.LogHelper  : HHH000204: Processing PersistenceUnitInfo [name: default]
2022-05-15 00:39:02.846  INFO 7972 --- [    Test worker] org.hibernate.Version                    : HHH000412: Hibernate ORM core version 5.6.5.Final
2022-05-15 00:39:02.916  INFO 7972 --- [    Test worker] o.hibernate.annotations.common.Version   : HCANN000001: Hibernate Commons Annotations {5.1.2.Final}
2022-05-15 00:39:02.957 DEBUG 7972 --- [    Test worker] org.hibernate.type.BasicTypeRegistry     : Adding type registration boolean -> org.hibernate.type.BooleanType@3b78b326
2022-05-15 00:39:02.958 DEBUG 7972 --- [    Test worker] org.hibernate.type.BasicTypeRegistry     : Adding type registration boolean -> org.hibernate.type.BooleanType@3b78b326
2022-05-15 00:39:02.958 DEBUG 7972 --- [    Test worker] org.hibernate.type.BasicTypeRegistry     : Adding type registration java.lang.Boolean -> org.hibernate.type.BooleanType@3b78b326
2022-05-15 00:39:02.959 DEBUG 7972 --- [    Test worker] org.hibernate.type.BasicTypeRegistry     : Adding type registration numeric_boolean -> org.hibernate.type.NumericBooleanType@6d1c63b1
2022-05-15 00:39:02.960 DEBUG 7972 --- [    Test worker] org.hibernate.type.BasicTypeRegistry     : Adding type registration true_false -> org.hibernate.type.TrueFalseType@8ff3c14
2022-05-15 00:39:02.962 DEBUG 7972 --- [    Test worker] org.hibernate.type.BasicTypeRegistry     : Adding type registration yes_no -> org.hibernate.type.YesNoType@69eee191
2022-05-15 00:39:02.964 DEBUG 7972 --- [    Test worker] org.hibernate.type.BasicTypeRegistry     : Adding type registration byte -> org.hibernate.type.ByteType@78801016
2022-05-15 00:39:02.964 DEBUG 7972 --- [    Test worker] org.hibernate.type.BasicTypeRegistry     : Adding type registration byte -> org.hibernate.type.ByteType@78801016
2022-05-15 00:39:02.964 DEBUG 7972 --- [    Test worker] org.hibernate.type.BasicTypeRegistry     : Adding type registration java.lang.Byte -> org.hibernate.type.ByteType@78801016
2022-05-15 00:39:02.966 DEBUG 7972 --- [    Test worker] org.hibernate.type.BasicTypeRegistry     : Adding type registration character -> org.hibernate.type.CharacterType@63a6f4af
2022-05-15 00:39:02.966 DEBUG 7972 --- [    Test worker] org.hibernate.type.BasicTypeRegistry     : Adding type registration char -> org.hibernate.type.CharacterType@63a6f4af
2022-05-15 00:39:02.966 DEBUG 7972 --- [    Test worker] org.hibernate.type.BasicTypeRegistry     : Adding type registration java.lang.Character -> org.hibernate.type.CharacterType@63a6f4af
2022-05-15 00:39:02.968 DEBUG 7972 --- [    Test worker] org.hibernate.type.BasicTypeRegistry     : Adding type registration short -> org.hibernate.type.ShortType@386dd4e2
2022-05-15 00:39:02.968 DEBUG 7972 --- [    Test worker] org.hibernate.type.BasicTypeRegistry     : Adding type registration short -> org.hibernate.type.ShortType@386dd4e2
2022-05-15 00:39:02.969 DEBUG 7972 --- [    Test worker] org.hibernate.type.BasicTypeRegistry     : Adding type registration java.lang.Short -> org.hibernate.type.ShortType@386dd4e2
2022-05-15 00:39:02.971 DEBUG 7972 --- [    Test worker] org.hibernate.type.BasicTypeRegistry     : Adding type registration integer -> org.hibernate.type.IntegerType@5a7d33e
2022-05-15 00:39:02.971 DEBUG 7972 --- [    Test worker] org.hibernate.type.BasicTypeRegistry     : Adding type registration int -> org.hibernate.type.IntegerType@5a7d33e
2022-05-15 00:39:02.971 DEBUG 7972 --- [    Test worker] org.hibernate.type.BasicTypeRegistry     : Adding type registration java.lang.Integer -> org.hibernate.type.IntegerType@5a7d33e
2022-05-15 00:39:02.973 DEBUG 7972 --- [    Test worker] org.hibernate.type.BasicTypeRegistry     : Adding type registration long -> org.hibernate.type.LongType@7b488444
2022-05-15 00:39:02.973 DEBUG 7972 --- [    Test worker] org.hibernate.type.BasicTypeRegistry     : Adding type registration long -> org.hibernate.type.LongType@7b488444
2022-05-15 00:39:02.973 DEBUG 7972 --- [    Test worker] org.hibernate.type.BasicTypeRegistry     : Adding type registration java.lang.Long -> org.hibernate.type.LongType@7b488444
2022-05-15 00:39:02.976 DEBUG 7972 --- [    Test worker] org.hibernate.type.BasicTypeRegistry     : Adding type registration float -> org.hibernate.type.FloatType@5ad82ac7
2022-05-15 00:39:02.976 DEBUG 7972 --- [    Test worker] org.hibernate.type.BasicTypeRegistry     : Adding type registration float -> org.hibernate.type.FloatType@5ad82ac7
2022-05-15 00:39:02.976 DEBUG 7972 --- [    Test worker] org.hibernate.type.BasicTypeRegistry     : Adding type registration java.lang.Float -> org.hibernate.type.FloatType@5ad82ac7
2022-05-15 00:39:02.977 DEBUG 7972 --- [    Test worker] org.hibernate.type.BasicTypeRegistry     : Adding type registration double -> org.hibernate.type.DoubleType@1a5bb627
2022-05-15 00:39:02.978 DEBUG 7972 --- [    Test worker] org.hibernate.type.BasicTypeRegistry     : Adding type registration double -> org.hibernate.type.DoubleType@1a5bb627
2022-05-15 00:39:02.978 DEBUG 7972 --- [    Test worker] org.hibernate.type.BasicTypeRegistry     : Adding type registration java.lang.Double -> org.hibernate.type.DoubleType@1a5bb627
2022-05-15 00:39:02.980 DEBUG 7972 --- [    Test worker] org.hibernate.type.BasicTypeRegistry     : Adding type registration big_decimal -> org.hibernate.type.BigDecimalType@767a17cb
2022-05-15 00:39:02.980 DEBUG 7972 --- [    Test worker] org.hibernate.type.BasicTypeRegistry     : Adding type registration java.math.BigDecimal -> org.hibernate.type.BigDecimalType@767a17cb
2022-05-15 00:39:02.981 DEBUG 7972 --- [    Test worker] org.hibernate.type.BasicTypeRegistry     : Adding type registration big_integer -> org.hibernate.type.BigIntegerType@b7b378b
2022-05-15 00:39:02.982 DEBUG 7972 --- [    Test worker] org.hibernate.type.BasicTypeRegistry     : Adding type registration java.math.BigInteger -> org.hibernate.type.BigIntegerType@b7b378b
2022-05-15 00:39:02.984 DEBUG 7972 --- [    Test worker] org.hibernate.type.BasicTypeRegistry     : Adding type registration string -> org.hibernate.type.StringType@7a70aced
2022-05-15 00:39:02.984 DEBUG 7972 --- [    Test worker] org.hibernate.type.BasicTypeRegistry     : Adding type registration java.lang.String -> org.hibernate.type.StringType@7a70aced
2022-05-15 00:39:02.986 DEBUG 7972 --- [    Test worker] org.hibernate.type.BasicTypeRegistry     : Adding type registration nstring -> org.hibernate.type.StringNVarcharType@37c82229
2022-05-15 00:39:02.987 DEBUG 7972 --- [    Test worker] org.hibernate.type.BasicTypeRegistry     : Adding type registration ncharacter -> org.hibernate.type.CharacterNCharType@67f9e01
2022-05-15 00:39:02.988 DEBUG 7972 --- [    Test worker] org.hibernate.type.BasicTypeRegistry     : Adding type registration url -> org.hibernate.type.UrlType@580cacd
2022-05-15 00:39:02.988 DEBUG 7972 --- [    Test worker] org.hibernate.type.BasicTypeRegistry     : Adding type registration java.net.URL -> org.hibernate.type.UrlType@580cacd
2022-05-15 00:39:02.991 DEBUG 7972 --- [    Test worker] org.hibernate.type.BasicTypeRegistry     : Adding type registration Duration -> org.hibernate.type.DurationType@5fd982d5
2022-05-15 00:39:02.991 DEBUG 7972 --- [    Test worker] org.hibernate.type.BasicTypeRegistry     : Adding type registration java.time.Duration -> org.hibernate.type.DurationType@5fd982d5
2022-05-15 00:39:02.993 DEBUG 7972 --- [    Test worker] org.hibernate.type.BasicTypeRegistry     : Adding type registration Instant -> org.hibernate.type.InstantType@65d20e57
2022-05-15 00:39:02.993 DEBUG 7972 --- [    Test worker] org.hibernate.type.BasicTypeRegistry     : Adding type registration java.time.Instant -> org.hibernate.type.InstantType@65d20e57
2022-05-15 00:39:02.995 DEBUG 7972 --- [    Test worker] org.hibernate.type.BasicTypeRegistry     : Adding type registration LocalDateTime -> org.hibernate.type.LocalDateTimeType@10998264
2022-05-15 00:39:02.995 DEBUG 7972 --- [    Test worker] org.hibernate.type.BasicTypeRegistry     : Adding type registration java.time.LocalDateTime -> org.hibernate.type.LocalDateTimeType@10998264
2022-05-15 00:39:02.997 DEBUG 7972 --- [    Test worker] org.hibernate.type.BasicTypeRegistry     : Adding type registration LocalDate -> org.hibernate.type.LocalDateType@64ab1be4
2022-05-15 00:39:02.997 DEBUG 7972 --- [    Test worker] org.hibernate.type.BasicTypeRegistry     : Adding type registration java.time.LocalDate -> org.hibernate.type.LocalDateType@64ab1be4
2022-05-15 00:39:02.998 DEBUG 7972 --- [    Test worker] org.hibernate.type.BasicTypeRegistry     : Adding type registration LocalTime -> org.hibernate.type.LocalTimeType@136fa0b3
2022-05-15 00:39:02.999 DEBUG 7972 --- [    Test worker] org.hibernate.type.BasicTypeRegistry     : Adding type registration java.time.LocalTime -> org.hibernate.type.LocalTimeType@136fa0b3
2022-05-15 00:39:03.001 DEBUG 7972 --- [    Test worker] org.hibernate.type.BasicTypeRegistry     : Adding type registration OffsetDateTime -> org.hibernate.type.OffsetDateTimeType@57bf9c0d
2022-05-15 00:39:03.001 DEBUG 7972 --- [    Test worker] org.hibernate.type.BasicTypeRegistry     : Adding type registration java.time.OffsetDateTime -> org.hibernate.type.OffsetDateTimeType@57bf9c0d
2022-05-15 00:39:03.003 DEBUG 7972 --- [    Test worker] org.hibernate.type.BasicTypeRegistry     : Adding type registration OffsetTime -> org.hibernate.type.OffsetTimeType@33b9e316
2022-05-15 00:39:03.003 DEBUG 7972 --- [    Test worker] org.hibernate.type.BasicTypeRegistry     : Adding type registration java.time.OffsetTime -> org.hibernate.type.OffsetTimeType@33b9e316
2022-05-15 00:39:03.005 DEBUG 7972 --- [    Test worker] org.hibernate.type.BasicTypeRegistry     : Adding type registration ZonedDateTime -> org.hibernate.type.ZonedDateTimeType@535dd79e
2022-05-15 00:39:03.005 DEBUG 7972 --- [    Test worker] org.hibernate.type.BasicTypeRegistry     : Adding type registration java.time.ZonedDateTime -> org.hibernate.type.ZonedDateTimeType@535dd79e
2022-05-15 00:39:03.007 DEBUG 7972 --- [    Test worker] org.hibernate.type.BasicTypeRegistry     : Adding type registration date -> org.hibernate.type.DateType@2ad34217
2022-05-15 00:39:03.007 DEBUG 7972 --- [    Test worker] org.hibernate.type.BasicTypeRegistry     : Adding type registration java.sql.Date -> org.hibernate.type.DateType@2ad34217
2022-05-15 00:39:03.008 DEBUG 7972 --- [    Test worker] org.hibernate.type.BasicTypeRegistry     : Adding type registration time -> org.hibernate.type.TimeType@152681e7
2022-05-15 00:39:03.009 DEBUG 7972 --- [    Test worker] org.hibernate.type.BasicTypeRegistry     : Adding type registration java.sql.Time -> org.hibernate.type.TimeType@152681e7
2022-05-15 00:39:03.011 DEBUG 7972 --- [    Test worker] org.hibernate.type.BasicTypeRegistry     : Adding type registration timestamp -> org.hibernate.type.TimestampType@349199c1
2022-05-15 00:39:03.011 DEBUG 7972 --- [    Test worker] org.hibernate.type.BasicTypeRegistry     : Adding type registration java.sql.Timestamp -> org.hibernate.type.TimestampType@349199c1
2022-05-15 00:39:03.011 DEBUG 7972 --- [    Test worker] org.hibernate.type.BasicTypeRegistry     : Adding type registration java.util.Date -> org.hibernate.type.TimestampType@349199c1
2022-05-15 00:39:03.014 DEBUG 7972 --- [    Test worker] org.hibernate.type.BasicTypeRegistry     : Adding type registration dbtimestamp -> org.hibernate.type.DbTimestampType@1c063cf6
2022-05-15 00:39:03.016 DEBUG 7972 --- [    Test worker] org.hibernate.type.BasicTypeRegistry     : Adding type registration calendar -> org.hibernate.type.CalendarType@795415db
2022-05-15 00:39:03.016 DEBUG 7972 --- [    Test worker] org.hibernate.type.BasicTypeRegistry     : Adding type registration java.util.Calendar -> org.hibernate.type.CalendarType@795415db
2022-05-15 00:39:03.016 DEBUG 7972 --- [    Test worker] org.hibernate.type.BasicTypeRegistry     : Adding type registration java.util.GregorianCalendar -> org.hibernate.type.CalendarType@795415db
2022-05-15 00:39:03.017 DEBUG 7972 --- [    Test worker] org.hibernate.type.BasicTypeRegistry     : Adding type registration calendar_date -> org.hibernate.type.CalendarDateType@462b2f43
2022-05-15 00:39:03.018 DEBUG 7972 --- [    Test worker] org.hibernate.type.BasicTypeRegistry     : Adding type registration calendar_time -> org.hibernate.type.CalendarTimeType@3029473a
2022-05-15 00:39:03.019 DEBUG 7972 --- [    Test worker] org.hibernate.type.BasicTypeRegistry     : Adding type registration locale -> org.hibernate.type.LocaleType@4fb7a158
2022-05-15 00:39:03.019 DEBUG 7972 --- [    Test worker] org.hibernate.type.BasicTypeRegistry     : Adding type registration java.util.Locale -> org.hibernate.type.LocaleType@4fb7a158
2022-05-15 00:39:03.020 DEBUG 7972 --- [    Test worker] org.hibernate.type.BasicTypeRegistry     : Adding type registration currency -> org.hibernate.type.CurrencyType@29a838ef
2022-05-15 00:39:03.020 DEBUG 7972 --- [    Test worker] org.hibernate.type.BasicTypeRegistry     : Adding type registration java.util.Currency -> org.hibernate.type.CurrencyType@29a838ef
2022-05-15 00:39:03.022 DEBUG 7972 --- [    Test worker] org.hibernate.type.BasicTypeRegistry     : Adding type registration timezone -> org.hibernate.type.TimeZoneType@2169cb8f
2022-05-15 00:39:03.022 DEBUG 7972 --- [    Test worker] org.hibernate.type.BasicTypeRegistry     : Adding type registration java.util.TimeZone -> org.hibernate.type.TimeZoneType@2169cb8f
2022-05-15 00:39:03.023 DEBUG 7972 --- [    Test worker] org.hibernate.type.BasicTypeRegistry     : Adding type registration class -> org.hibernate.type.ClassType@17f62566
2022-05-15 00:39:03.024 DEBUG 7972 --- [    Test worker] org.hibernate.type.BasicTypeRegistry     : Adding type registration java.lang.Class -> org.hibernate.type.ClassType@17f62566
2022-05-15 00:39:03.025 DEBUG 7972 --- [    Test worker] org.hibernate.type.BasicTypeRegistry     : Adding type registration uuid-binary -> org.hibernate.type.UUIDBinaryType@24765ebb
2022-05-15 00:39:03.025 DEBUG 7972 --- [    Test worker] org.hibernate.type.BasicTypeRegistry     : Adding type registration java.util.UUID -> org.hibernate.type.UUIDBinaryType@24765ebb
2022-05-15 00:39:03.026 DEBUG 7972 --- [    Test worker] org.hibernate.type.BasicTypeRegistry     : Adding type registration uuid-char -> org.hibernate.type.UUIDCharType@5362c5e4
2022-05-15 00:39:03.027 DEBUG 7972 --- [    Test worker] org.hibernate.type.BasicTypeRegistry     : Adding type registration binary -> org.hibernate.type.BinaryType@62a818d6
2022-05-15 00:39:03.028 DEBUG 7972 --- [    Test worker] org.hibernate.type.BasicTypeRegistry     : Adding type registration byte[] -> org.hibernate.type.BinaryType@62a818d6
2022-05-15 00:39:03.028 DEBUG 7972 --- [    Test worker] org.hibernate.type.BasicTypeRegistry     : Adding type registration [B -> org.hibernate.type.BinaryType@62a818d6
2022-05-15 00:39:03.029 DEBUG 7972 --- [    Test worker] org.hibernate.type.BasicTypeRegistry     : Adding type registration wrapper-binary -> org.hibernate.type.WrapperBinaryType@266daedd
2022-05-15 00:39:03.029 DEBUG 7972 --- [    Test worker] org.hibernate.type.BasicTypeRegistry     : Adding type registration Byte[] -> org.hibernate.type.WrapperBinaryType@266daedd
2022-05-15 00:39:03.030 DEBUG 7972 --- [    Test worker] org.hibernate.type.BasicTypeRegistry     : Adding type registration [Ljava.lang.Byte; -> org.hibernate.type.WrapperBinaryType@266daedd
2022-05-15 00:39:03.031 DEBUG 7972 --- [    Test worker] org.hibernate.type.BasicTypeRegistry     : Adding type registration row_version -> org.hibernate.type.RowVersionType@6980833e
2022-05-15 00:39:03.032 DEBUG 7972 --- [    Test worker] org.hibernate.type.BasicTypeRegistry     : Adding type registration image -> org.hibernate.type.ImageType@7fe070af
2022-05-15 00:39:03.033 DEBUG 7972 --- [    Test worker] org.hibernate.type.BasicTypeRegistry     : Adding type registration characters -> org.hibernate.type.CharArrayType@40bc1a9b
2022-05-15 00:39:03.033 DEBUG 7972 --- [    Test worker] org.hibernate.type.BasicTypeRegistry     : Adding type registration char[] -> org.hibernate.type.CharArrayType@40bc1a9b
2022-05-15 00:39:03.033 DEBUG 7972 --- [    Test worker] org.hibernate.type.BasicTypeRegistry     : Adding type registration [C -> org.hibernate.type.CharArrayType@40bc1a9b
2022-05-15 00:39:03.035 DEBUG 7972 --- [    Test worker] org.hibernate.type.BasicTypeRegistry     : Adding type registration wrapper-characters -> org.hibernate.type.CharacterArrayType@7448335c
2022-05-15 00:39:03.035 DEBUG 7972 --- [    Test worker] org.hibernate.type.BasicTypeRegistry     : Adding type registration [Ljava.lang.Character; -> org.hibernate.type.CharacterArrayType@7448335c
2022-05-15 00:39:03.035 DEBUG 7972 --- [    Test worker] org.hibernate.type.BasicTypeRegistry     : Adding type registration Character[] -> org.hibernate.type.CharacterArrayType@7448335c
2022-05-15 00:39:03.036 DEBUG 7972 --- [    Test worker] org.hibernate.type.BasicTypeRegistry     : Adding type registration text -> org.hibernate.type.TextType@3fe397bf
2022-05-15 00:39:03.036 DEBUG 7972 --- [    Test worker] org.hibernate.type.BasicTypeRegistry     : Adding type registration ntext -> org.hibernate.type.NTextType@1ad22892
2022-05-15 00:39:03.038 DEBUG 7972 --- [    Test worker] org.hibernate.type.BasicTypeRegistry     : Adding type registration blob -> org.hibernate.type.BlobType@691b1bf9
2022-05-15 00:39:03.038 DEBUG 7972 --- [    Test worker] org.hibernate.type.BasicTypeRegistry     : Adding type registration java.sql.Blob -> org.hibernate.type.BlobType@691b1bf9
2022-05-15 00:39:03.039 DEBUG 7972 --- [    Test worker] org.hibernate.type.BasicTypeRegistry     : Adding type registration materialized_blob -> org.hibernate.type.MaterializedBlobType@667a4d5
2022-05-15 00:39:03.041 DEBUG 7972 --- [    Test worker] org.hibernate.type.BasicTypeRegistry     : Adding type registration clob -> org.hibernate.type.ClobType@5e7ee0cf
2022-05-15 00:39:03.041 DEBUG 7972 --- [    Test worker] org.hibernate.type.BasicTypeRegistry     : Adding type registration java.sql.Clob -> org.hibernate.type.ClobType@5e7ee0cf
2022-05-15 00:39:03.043 DEBUG 7972 --- [    Test worker] org.hibernate.type.BasicTypeRegistry     : Adding type registration nclob -> org.hibernate.type.NClobType@363846f4
2022-05-15 00:39:03.043 DEBUG 7972 --- [    Test worker] org.hibernate.type.BasicTypeRegistry     : Adding type registration java.sql.NClob -> org.hibernate.type.NClobType@363846f4
2022-05-15 00:39:03.044 DEBUG 7972 --- [    Test worker] org.hibernate.type.BasicTypeRegistry     : Adding type registration materialized_clob -> org.hibernate.type.MaterializedClobType@561d7a7c
2022-05-15 00:39:03.045 DEBUG 7972 --- [    Test worker] org.hibernate.type.BasicTypeRegistry     : Adding type registration materialized_nclob -> org.hibernate.type.MaterializedNClobType@59202cd3
2022-05-15 00:39:03.046 DEBUG 7972 --- [    Test worker] org.hibernate.type.BasicTypeRegistry     : Adding type registration serializable -> org.hibernate.type.SerializableType@79188dd9
2022-05-15 00:39:03.049 DEBUG 7972 --- [    Test worker] org.hibernate.type.BasicTypeRegistry     : Adding type registration object -> org.hibernate.type.ObjectType@64b7820f
2022-05-15 00:39:03.050 DEBUG 7972 --- [    Test worker] org.hibernate.type.BasicTypeRegistry     : Adding type registration java.lang.Object -> org.hibernate.type.ObjectType@64b7820f
2022-05-15 00:39:03.050 DEBUG 7972 --- [    Test worker] org.hibernate.type.BasicTypeRegistry     : Adding type registration imm_date -> org.hibernate.type.AdaptedImmutableType@34493943
2022-05-15 00:39:03.050 DEBUG 7972 --- [    Test worker] org.hibernate.type.BasicTypeRegistry     : Adding type registration imm_time -> org.hibernate.type.AdaptedImmutableType@6cb6623f
2022-05-15 00:39:03.050 DEBUG 7972 --- [    Test worker] org.hibernate.type.BasicTypeRegistry     : Adding type registration imm_timestamp -> org.hibernate.type.AdaptedImmutableType@340eafce
2022-05-15 00:39:03.050 DEBUG 7972 --- [    Test worker] org.hibernate.type.BasicTypeRegistry     : Adding type registration imm_dbtimestamp -> org.hibernate.type.AdaptedImmutableType@264822ef
2022-05-15 00:39:03.050 DEBUG 7972 --- [    Test worker] org.hibernate.type.BasicTypeRegistry     : Adding type registration imm_calendar -> org.hibernate.type.AdaptedImmutableType@5bb69444
2022-05-15 00:39:03.050 DEBUG 7972 --- [    Test worker] org.hibernate.type.BasicTypeRegistry     : Adding type registration imm_calendar_date -> org.hibernate.type.AdaptedImmutableType@4ceb297
2022-05-15 00:39:03.051 DEBUG 7972 --- [    Test worker] org.hibernate.type.BasicTypeRegistry     : Adding type registration imm_binary -> org.hibernate.type.AdaptedImmutableType@457f1d1f
2022-05-15 00:39:03.051 DEBUG 7972 --- [    Test worker] org.hibernate.type.BasicTypeRegistry     : Adding type registration imm_serializable -> org.hibernate.type.AdaptedImmutableType@22c70005
2022-05-15 00:39:03.326  INFO 7972 --- [    Test worker] org.hibernate.dialect.Dialect            : HHH000400: Using dialect: org.hibernate.dialect.MySQL5Dialect
2022-05-15 00:39:03.355 DEBUG 7972 --- [    Test worker] o.h.type.spi.TypeConfiguration$Scope     : Scoping TypeConfiguration [org.hibernate.type.spi.TypeConfiguration@12f924bc] to MetadataBuildingContext [org.hibernate.boot.internal.MetadataBuildingContextRootImpl@689bd48f]
2022-05-15 00:39:03.572 DEBUG 7972 --- [    Test worker] o.h.type.spi.TypeConfiguration$Scope     : Scoping TypeConfiguration [org.hibernate.type.spi.TypeConfiguration@12f924bc] to SessionFactoryImpl [org.hibernate.internal.SessionFactoryImpl@490c9d8d]
2022-05-15 00:39:03.901 DEBUG 7972 --- [    Test worker] org.hibernate.SQL                        : drop table if exists certificate
2022-05-15 00:39:04.074 DEBUG 7972 --- [    Test worker] org.hibernate.SQL                        : drop table if exists certificate_Tag
2022-05-15 00:39:04.227 DEBUG 7972 --- [    Test worker] org.hibernate.SQL                        : drop table if exists purchase
2022-05-15 00:39:04.376 DEBUG 7972 --- [    Test worker] org.hibernate.SQL                        : drop table if exists Tag
2022-05-15 00:39:04.604 DEBUG 7972 --- [    Test worker] org.hibernate.SQL                        : drop table if exists user
2022-05-15 00:39:04.774 DEBUG 7972 --- [    Test worker] org.hibernate.SQL                        : drop table if exists user_purchase
2022-05-15 00:39:04.944 DEBUG 7972 --- [    Test worker] org.hibernate.SQL                        : create table certificate (id bigint not null auto_increment, createDate datetime, duration integer, lastUpdateDate datetime, name varchar(255), price integer, primary key (id)) engine=MyISAM
2022-05-15 00:39:05.111 DEBUG 7972 --- [    Test worker] org.hibernate.SQL                        : create table certificate_Tag (Certificate_id bigint not null, description_id bigint not null) engine=MyISAM
2022-05-15 00:39:05.281 DEBUG 7972 --- [    Test worker] org.hibernate.SQL                        : create table purchase (id bigint not null auto_increment, cost integer, timestamp datetime, certificate_id bigint, user_id bigint, primary key (id)) engine=MyISAM
2022-05-15 00:39:05.427 DEBUG 7972 --- [    Test worker] org.hibernate.SQL                        : create table Tag (id bigint not null auto_increment, name varchar(255), primary key (id)) engine=MyISAM
2022-05-15 00:39:05.583 DEBUG 7972 --- [    Test worker] org.hibernate.SQL                        : create table user (id bigint not null auto_increment, primary key (id)) engine=MyISAM
2022-05-15 00:39:05.812 DEBUG 7972 --- [    Test worker] org.hibernate.SQL                        : create table user_purchase (User_id bigint not null, purchases_id bigint not null) engine=MyISAM
2022-05-15 00:39:06.027 DEBUG 7972 --- [    Test worker] org.hibernate.SQL                        : alter table Tag add constraint UK_24642shpebunaq3ggshotv9hk unique (name)
2022-05-15 00:39:06.329 DEBUG 7972 --- [    Test worker] org.hibernate.SQL                        : alter table user_purchase add constraint UK_7rmpmviite1smah65caj672sc unique (purchases_id)
2022-05-15 00:39:06.977 DEBUG 7972 --- [    Test worker] org.hibernate.SQL                        : alter table certificate_Tag add constraint FK46o2fnhvhcjcyvny5lvdg6xbw foreign key (description_id) references Tag (id)
2022-05-15 00:39:07.336 DEBUG 7972 --- [    Test worker] org.hibernate.SQL                        : alter table certificate_Tag add constraint FKab4xfsgf58gvdvcw9k22ur01g foreign key (Certificate_id) references certificate (id)
2022-05-15 00:39:07.683 DEBUG 7972 --- [    Test worker] org.hibernate.SQL                        : alter table purchase add constraint FKhgxcp4wnvr6iyybhp261ia8ef foreign key (certificate_id) references certificate (id)
2022-05-15 00:39:08.040 DEBUG 7972 --- [    Test worker] org.hibernate.SQL                        : alter table purchase add constraint FK86i0stm7cqsglqptdvjij1k3m foreign key (user_id) references user (id)
2022-05-15 00:39:08.364 DEBUG 7972 --- [    Test worker] org.hibernate.SQL                        : alter table user_purchase add constraint FKeatioulucri54r6li94xquuuu foreign key (purchases_id) references purchase (id)
2022-05-15 00:39:08.713 DEBUG 7972 --- [    Test worker] org.hibernate.SQL                        : alter table user_purchase add constraint FK94yhegstbjg082lcx7fih70xc foreign key (User_id) references user (id)
2022-05-15 00:39:09.083  INFO 7972 --- [    Test worker] o.h.e.t.j.p.i.JtaPlatformInitiator       : HHH000490: Using JtaPlatform implementation: [org.hibernate.engine.transaction.jta.platform.internal.NoJtaPlatform]
2022-05-15 00:39:09.103 TRACE 7972 --- [    Test worker] o.h.type.spi.TypeConfiguration$Scope     : Handling #sessionFactoryCreated from [org.hibernate.internal.SessionFactoryImpl@490c9d8d] for TypeConfiguration
2022-05-15 00:39:09.106  INFO 7972 --- [    Test worker] j.LocalContainerEntityManagerFactoryBean : Initialized JPA EntityManagerFactory for persistence unit 'default'
2022-05-15 00:39:09.920  WARN 7972 --- [    Test worker] JpaBaseConfiguration$JpaWebConfiguration : spring.jpa.open-in-view is enabled by default. Therefore, database queries may be performed during view rendering. Explicitly configure spring.jpa.open-in-view to disable this warning
2022-05-15 00:39:11.897  INFO 7972 --- [    Test worker] o.s.b.a.e.web.EndpointLinksResolver      : Exposing 13 endpoint(s) beneath base path '/actuator'
2022-05-15 00:39:11.949  INFO 7972 --- [    Test worker] .e.e.c.a.i.CertificateControllerImplTest : Started CertificateControllerImplTest in 11.327 seconds (JVM running for 13.925)
2022-05-15 00:39:12.037  INFO 7972 --- [    Test worker] o.s.mock.web.MockServletContext          : Initializing Spring TestDispatcherServlet ''
2022-05-15 00:39:12.037  INFO 7972 --- [    Test worker] o.s.t.web.servlet.TestDispatcherServlet  : Initializing Servlet ''
2022-05-15 00:39:12.037  INFO 7972 --- [    Test worker] o.s.t.web.servlet.TestDispatcherServlet  : Completed initialization in 0 ms
2022-05-15 00:39:12.073  INFO 7972 --- [    Test worker] o.s.mock.web.MockServletContext          : Initializing Spring TestDispatcherServlet ''
2022-05-15 00:39:12.074  INFO 7972 --- [    Test worker] o.s.t.web.servlet.TestDispatcherServlet  : Initializing Servlet ''
2022-05-15 00:39:12.074  INFO 7972 --- [    Test worker] o.s.t.web.servlet.TestDispatcherServlet  : Completed initialization in 0 ms
2022-05-15 00:39:12.096  INFO 7972 --- [    Test worker] o.s.mock.web.MockServletContext          : Initializing Spring TestDispatcherServlet ''
2022-05-15 00:39:12.097  INFO 7972 --- [    Test worker] o.s.t.web.servlet.TestDispatcherServlet  : Initializing Servlet ''
2022-05-15 00:39:12.097  INFO 7972 --- [    Test worker] o.s.t.web.servlet.TestDispatcherServlet  : Completed initialization in 0 ms
2022-05-15 00:39:12.117  INFO 7972 --- [    Test worker] o.s.mock.web.MockServletContext          : Initializing Spring TestDispatcherServlet ''
2022-05-15 00:39:12.117  INFO 7972 --- [    Test worker] o.s.t.web.servlet.TestDispatcherServlet  : Initializing Servlet ''
2022-05-15 00:39:12.118  INFO 7972 --- [    Test worker] o.s.t.web.servlet.TestDispatcherServlet  : Completed initialization in 1 ms
2022-05-15 00:39:12.147  INFO 7972 --- [    Test worker] o.s.mock.web.MockServletContext          : Initializing Spring TestDispatcherServlet ''
2022-05-15 00:39:12.147  INFO 7972 --- [    Test worker] o.s.t.web.servlet.TestDispatcherServlet  : Initializing Servlet ''
2022-05-15 00:39:12.147  INFO 7972 --- [    Test worker] o.s.t.web.servlet.TestDispatcherServlet  : Completed initialization in 0 ms
2022-05-15 00:39:12.190  INFO 7972 --- [    Test worker] o.s.mock.web.MockServletContext          : Initializing Spring TestDispatcherServlet ''
2022-05-15 00:39:12.190  INFO 7972 --- [    Test worker] o.s.t.web.servlet.TestDispatcherServlet  : Initializing Servlet ''
2022-05-15 00:39:12.191  INFO 7972 --- [    Test worker] o.s.t.web.servlet.TestDispatcherServlet  : Completed initialization in 0 ms
]]></system-out>
  <system-err><![CDATA[]]></system-err>
</testsuite>
