<?xml version="1.0" encoding="UTF-8"?>
<testsuite name="com.epam.esm.model.util.DtoConverterTest" tests="4" skipped="0" failures="0" errors="0" timestamp="2022-05-21T14:34:17" hostname="DESKTOP-US0M6L4" time="0.005">
  <properties/>
  <testcase name="toTag_fromString()" classname="com.epam.esm.model.util.DtoConverterTest" time="0.001"/>
  <testcase name="toTag_fromTagCreateDto()" classname="com.epam.esm.model.util.DtoConverterTest" time="0.001"/>
  <testcase name="toTags()" classname="com.epam.esm.model.util.DtoConverterTest" time="0.001"/>
  <testcase name="toCertificate()" classname="com.epam.esm.model.util.DtoConverterTest" time="0.001"/>
  <system-out><![CDATA[]]></system-out>
  <system-err><![CDATA[]]></system-err>
</testsuite>
