<?xml version="1.0" encoding="UTF-8"?>
<testsuite name="com.epam.esm.controller.api.impl.PurchaseControllerImplTest" tests="13" skipped="0" failures="0" errors="0" timestamp="2022-05-21T14:34:16" hostname="DESKTOP-US0M6L4" time="0.464">
  <properties/>
  <testcase name="getUserPrimaryTags_success()" classname="com.epam.esm.controller.api.impl.PurchaseControllerImplTest" time="0.114"/>
  <testcase name="deletePurchase_success()" classname="com.epam.esm.controller.api.impl.PurchaseControllerImplTest" time="0.028"/>
  <testcase name="getPurchaseById_fail_notFound()" classname="com.epam.esm.controller.api.impl.PurchaseControllerImplTest" time="0.03"/>
  <testcase name="getPrimaryTags()" classname="com.epam.esm.controller.api.impl.PurchaseControllerImplTest" time="0.043"/>
  <testcase name="getUserPurchases_fail_userNotFound()" classname="com.epam.esm.controller.api.impl.PurchaseControllerImplTest" time="0.025"/>
  <testcase name="getUserPurchases_success()" classname="com.epam.esm.controller.api.impl.PurchaseControllerImplTest" time="0.032"/>
  <testcase name="getPurchaseById_success()" classname="com.epam.esm.controller.api.impl.PurchaseControllerImplTest" time="0.04"/>
  <testcase name="purchaseCertificate_fail_userNotFound()" classname="com.epam.esm.controller.api.impl.PurchaseControllerImplTest" time="0.02"/>
  <testcase name="getAllPurchases()" classname="com.epam.esm.controller.api.impl.PurchaseControllerImplTest" time="0.032"/>
  <testcase name="purchaseCertificate_fail_certificateNotFound()" classname="com.epam.esm.controller.api.impl.PurchaseControllerImplTest" time="0.026"/>
  <testcase name="getUserPrimaryTags_fail_userNotFound()" classname="com.epam.esm.controller.api.impl.PurchaseControllerImplTest" time="0.025"/>
  <testcase name="purchaseCertificate_success()" classname="com.epam.esm.controller.api.impl.PurchaseControllerImplTest" time="0.018"/>
  <testcase name="deletePurchase_fail_certificateNotFound()" classname="com.epam.esm.controller.api.impl.PurchaseControllerImplTest" time="0.02"/>
  <system-out><![CDATA[17:34:16.376 [Test worker] DEBUG _org.springframework.web.servlet.HandlerMapping.Mappings - 
	c.e.e.c.a.i.PurchaseControllerImpl:
	{POST [/purchases], produces [application/json]}: purchaseCertificate(long,long)
	{GET [/purchases/all], produces [application/json]}: getAllPurchases(int,int)
	{GET [/purchases/primary-tags/], produces [application/json]}: getPrimaryTags(int,int)
	{GET [/purchases/primary-tags/user/{userId}], produces [application/json]}: getUserPrimaryTags(long,int,int)
	{GET [/purchases/{id}], produces [application/json]}: getPurchaseById(long)
	{DELETE [/purchases/{id}], produces [application/json]}: deletePurchase(long)
	{GET [/purchases/user/{userId}], produces [application/json]}: getUserPurchases(long,int,int)
	{PATCH [/purchases/{id}], produces [application/json]}: updatePurchase(long,HttpServletResponse)
17:34:16.378 [Test worker] DEBUG org.springframework.web.servlet.mvc.method.annotation.RequestMappingHandlerMapping - 8 mappings in org.springframework.web.servlet.mvc.method.annotation.RequestMappingHandlerMapping
17:34:16.384 [Test worker] DEBUG org.springframework.web.servlet.mvc.method.annotation.RequestMappingHandlerAdapter - ControllerAdvice beans: 0 @ModelAttribute, 0 @InitBinder, 1 RequestBodyAdvice, 1 ResponseBodyAdvice
17:34:16.388 [Test worker] DEBUG org.springframework.web.servlet.mvc.method.annotation.ExceptionHandlerExceptionResolver - ControllerAdvice beans: 0 @ExceptionHandler, 1 ResponseBodyAdvice
17:34:16.388 [Test worker] INFO org.springframework.mock.web.MockServletContext - Initializing Spring TestDispatcherServlet ''
17:34:16.388 [Test worker] INFO org.springframework.test.web.servlet.TestDispatcherServlet - Initializing Servlet ''
17:34:16.388 [Test worker] DEBUG org.springframework.test.web.servlet.TestDispatcherServlet - Detected AcceptHeaderLocaleResolver
17:34:16.388 [Test worker] DEBUG org.springframework.test.web.servlet.TestDispatcherServlet - Detected FixedThemeResolver
17:34:16.388 [Test worker] DEBUG org.springframework.test.web.servlet.TestDispatcherServlet - Detected org.springframework.web.servlet.view.DefaultRequestToViewNameTranslator@424388c2
17:34:16.389 [Test worker] DEBUG org.springframework.test.web.servlet.TestDispatcherServlet - Detected org.springframework.web.servlet.support.SessionFlashMapManager@e8b15ea
17:34:16.389 [Test worker] DEBUG org.springframework.test.web.servlet.TestDispatcherServlet - enableLoggingRequestDetails='false': request parameters and headers will be masked to prevent unsafe logging of potentially sensitive data
17:34:16.389 [Test worker] INFO org.springframework.test.web.servlet.TestDispatcherServlet - Completed initialization in 1 ms
17:34:16.391 [Test worker] DEBUG org.springframework.test.web.servlet.TestDispatcherServlet - GET "/purchases/primary-tags/user/2", parameters={}
17:34:16.392 [Test worker] DEBUG org.springframework.web.servlet.mvc.method.annotation.RequestMappingHandlerMapping - Mapped to com.epam.esm.controller.api.impl.PurchaseControllerImpl#getUserPrimaryTags(long, int, int)
17:34:16.403 [Test worker] DEBUG org.springframework.web.servlet.mvc.method.annotation.RequestResponseBodyMethodProcessor - Using 'application/json', given [*/*] and supported [application/json]
17:34:16.404 [Test worker] DEBUG org.springframework.web.servlet.mvc.method.annotation.RequestResponseBodyMethodProcessor - Writing [links: [<http://localhost/purchases/primary-tags/user/2?page=1&limit=10>;rel="self", <http://localho (truncated)...]
17:34:16.410 [Test worker] DEBUG org.springframework.test.web.servlet.TestDispatcherServlet - Completed 200 OK
17:34:16.410 [Test worker] DEBUG com.jayway.jsonpath.internal.path.CompiledPath - Evaluating path: $['elements_on_current_page']
17:34:16.417 [Test worker] DEBUG _org.springframework.web.servlet.HandlerMapping.Mappings - 
	c.e.e.c.a.i.PurchaseControllerImpl:
	{POST [/purchases], produces [application/json]}: purchaseCertificate(long,long)
	{GET [/purchases/all], produces [application/json]}: getAllPurchases(int,int)
	{GET [/purchases/primary-tags/], produces [application/json]}: getPrimaryTags(int,int)
	{GET [/purchases/primary-tags/user/{userId}], produces [application/json]}: getUserPrimaryTags(long,int,int)
	{GET [/purchases/{id}], produces [application/json]}: getPurchaseById(long)
	{DELETE [/purchases/{id}], produces [application/json]}: deletePurchase(long)
	{GET [/purchases/user/{userId}], produces [application/json]}: getUserPurchases(long,int,int)
	{PATCH [/purchases/{id}], produces [application/json]}: updatePurchase(long,HttpServletResponse)
17:34:16.419 [Test worker] DEBUG org.springframework.web.servlet.mvc.method.annotation.RequestMappingHandlerMapping - 8 mappings in org.springframework.web.servlet.mvc.method.annotation.RequestMappingHandlerMapping
17:34:16.426 [Test worker] DEBUG org.springframework.web.servlet.mvc.method.annotation.RequestMappingHandlerAdapter - ControllerAdvice beans: 0 @ModelAttribute, 0 @InitBinder, 1 RequestBodyAdvice, 1 ResponseBodyAdvice
17:34:16.429 [Test worker] DEBUG org.springframework.web.servlet.mvc.method.annotation.ExceptionHandlerExceptionResolver - ControllerAdvice beans: 0 @ExceptionHandler, 1 ResponseBodyAdvice
17:34:16.429 [Test worker] INFO org.springframework.mock.web.MockServletContext - Initializing Spring TestDispatcherServlet ''
17:34:16.429 [Test worker] INFO org.springframework.test.web.servlet.TestDispatcherServlet - Initializing Servlet ''
17:34:16.429 [Test worker] DEBUG org.springframework.test.web.servlet.TestDispatcherServlet - Detected AcceptHeaderLocaleResolver
17:34:16.429 [Test worker] DEBUG org.springframework.test.web.servlet.TestDispatcherServlet - Detected FixedThemeResolver
17:34:16.429 [Test worker] DEBUG org.springframework.test.web.servlet.TestDispatcherServlet - Detected org.springframework.web.servlet.view.DefaultRequestToViewNameTranslator@5b223a5f
17:34:16.430 [Test worker] DEBUG org.springframework.test.web.servlet.TestDispatcherServlet - Detected org.springframework.web.servlet.support.SessionFlashMapManager@167a5f4
17:34:16.430 [Test worker] DEBUG org.springframework.test.web.servlet.TestDispatcherServlet - enableLoggingRequestDetails='false': request parameters and headers will be masked to prevent unsafe logging of potentially sensitive data
17:34:16.430 [Test worker] INFO org.springframework.test.web.servlet.TestDispatcherServlet - Completed initialization in 1 ms
17:34:16.430 [Test worker] DEBUG org.springframework.test.web.servlet.TestDispatcherServlet - DELETE "/purchases/3", parameters={}
17:34:16.431 [Test worker] DEBUG org.springframework.web.servlet.mvc.method.annotation.RequestMappingHandlerMapping - Mapped to com.epam.esm.controller.api.impl.PurchaseControllerImpl#deletePurchase(long)
17:34:16.433 [Test worker] DEBUG org.springframework.web.servlet.mvc.method.annotation.RequestResponseBodyMethodProcessor - Using 'application/json', given [*/*] and supported [application/json]
17:34:16.434 [Test worker] DEBUG org.springframework.web.servlet.mvc.method.annotation.RequestResponseBodyMethodProcessor - Writing [com.epam.esm.controller.util.Message@7e77bcdd]
17:34:16.436 [Test worker] DEBUG org.springframework.test.web.servlet.TestDispatcherServlet - Completed 200 OK
17:34:16.437 [Test worker] DEBUG com.jayway.jsonpath.internal.path.CompiledPath - Evaluating path: $['code']
17:34:16.448 [Test worker] DEBUG _org.springframework.web.servlet.HandlerMapping.Mappings - 
	c.e.e.c.a.i.PurchaseControllerImpl:
	{POST [/purchases], produces [application/json]}: purchaseCertificate(long,long)
	{GET [/purchases/all], produces [application/json]}: getAllPurchases(int,int)
	{GET [/purchases/primary-tags/], produces [application/json]}: getPrimaryTags(int,int)
	{GET [/purchases/primary-tags/user/{userId}], produces [application/json]}: getUserPrimaryTags(long,int,int)
	{GET [/purchases/{id}], produces [application/json]}: getPurchaseById(long)
	{DELETE [/purchases/{id}], produces [application/json]}: deletePurchase(long)
	{GET [/purchases/user/{userId}], produces [application/json]}: getUserPurchases(long,int,int)
	{PATCH [/purchases/{id}], produces [application/json]}: updatePurchase(long,HttpServletResponse)
17:34:16.449 [Test worker] DEBUG org.springframework.web.servlet.mvc.method.annotation.RequestMappingHandlerMapping - 8 mappings in org.springframework.web.servlet.mvc.method.annotation.RequestMappingHandlerMapping
17:34:16.457 [Test worker] DEBUG org.springframework.web.servlet.mvc.method.annotation.RequestMappingHandlerAdapter - ControllerAdvice beans: 0 @ModelAttribute, 0 @InitBinder, 1 RequestBodyAdvice, 1 ResponseBodyAdvice
17:34:16.459 [Test worker] DEBUG org.springframework.web.servlet.mvc.method.annotation.ExceptionHandlerExceptionResolver - ControllerAdvice beans: 0 @ExceptionHandler, 1 ResponseBodyAdvice
17:34:16.459 [Test worker] INFO org.springframework.mock.web.MockServletContext - Initializing Spring TestDispatcherServlet ''
17:34:16.459 [Test worker] INFO org.springframework.test.web.servlet.TestDispatcherServlet - Initializing Servlet ''
17:34:16.459 [Test worker] DEBUG org.springframework.test.web.servlet.TestDispatcherServlet - Detected AcceptHeaderLocaleResolver
17:34:16.459 [Test worker] DEBUG org.springframework.test.web.servlet.TestDispatcherServlet - Detected FixedThemeResolver
17:34:16.460 [Test worker] DEBUG org.springframework.test.web.servlet.TestDispatcherServlet - Detected org.springframework.web.servlet.view.DefaultRequestToViewNameTranslator@270ba37b
17:34:16.460 [Test worker] DEBUG org.springframework.test.web.servlet.TestDispatcherServlet - Detected org.springframework.web.servlet.support.SessionFlashMapManager@31c4742f
17:34:16.460 [Test worker] DEBUG org.springframework.test.web.servlet.TestDispatcherServlet - enableLoggingRequestDetails='false': request parameters and headers will be masked to prevent unsafe logging of potentially sensitive data
17:34:16.460 [Test worker] INFO org.springframework.test.web.servlet.TestDispatcherServlet - Completed initialization in 1 ms
17:34:16.461 [Test worker] DEBUG org.springframework.test.web.servlet.TestDispatcherServlet - GET "/purchases/3", parameters={}
17:34:16.461 [Test worker] DEBUG org.springframework.web.servlet.mvc.method.annotation.RequestMappingHandlerMapping - Mapped to com.epam.esm.controller.api.impl.PurchaseControllerImpl#getPurchaseById(long)
17:34:16.463 [Test worker] DEBUG org.springframework.web.servlet.mvc.method.annotation.ExceptionHandlerExceptionResolver - Using @ExceptionHandler com.epam.esm.controller.api.impl.PurchaseControllerImpl#purchaseNotFound(PurchaseNotFoundException)
17:34:16.464 [Test worker] DEBUG org.springframework.web.servlet.mvc.method.annotation.RequestResponseBodyMethodProcessor - Using 'application/json', given [*/*] and supported [application/json, application/*+json]
17:34:16.465 [Test worker] DEBUG org.springframework.web.servlet.mvc.method.annotation.RequestResponseBodyMethodProcessor - Writing [com.epam.esm.controller.util.Message@395b68fd]
17:34:16.467 [Test worker] DEBUG org.springframework.web.servlet.mvc.method.annotation.ExceptionHandlerExceptionResolver - Resolved [com.epam.esm.controller.api.exception.PurchaseNotFoundException]
17:34:16.467 [Test worker] DEBUG org.springframework.test.web.servlet.TestDispatcherServlet - Completed 404 NOT_FOUND
17:34:16.478 [Test worker] DEBUG _org.springframework.web.servlet.HandlerMapping.Mappings - 
	c.e.e.c.a.i.PurchaseControllerImpl:
	{POST [/purchases], produces [application/json]}: purchaseCertificate(long,long)
	{GET [/purchases/all], produces [application/json]}: getAllPurchases(int,int)
	{GET [/purchases/primary-tags/], produces [application/json]}: getPrimaryTags(int,int)
	{GET [/purchases/primary-tags/user/{userId}], produces [application/json]}: getUserPrimaryTags(long,int,int)
	{GET [/purchases/{id}], produces [application/json]}: getPurchaseById(long)
	{DELETE [/purchases/{id}], produces [application/json]}: deletePurchase(long)
	{GET [/purchases/user/{userId}], produces [application/json]}: getUserPurchases(long,int,int)
	{PATCH [/purchases/{id}], produces [application/json]}: updatePurchase(long,HttpServletResponse)
17:34:16.487 [Test worker] DEBUG org.springframework.web.servlet.mvc.method.annotation.RequestMappingHandlerMapping - 8 mappings in org.springframework.web.servlet.mvc.method.annotation.RequestMappingHandlerMapping
17:34:16.494 [Test worker] DEBUG org.springframework.web.servlet.mvc.method.annotation.RequestMappingHandlerAdapter - ControllerAdvice beans: 0 @ModelAttribute, 0 @InitBinder, 1 RequestBodyAdvice, 1 ResponseBodyAdvice
17:34:16.496 [Test worker] DEBUG org.springframework.web.servlet.mvc.method.annotation.ExceptionHandlerExceptionResolver - ControllerAdvice beans: 0 @ExceptionHandler, 1 ResponseBodyAdvice
17:34:16.496 [Test worker] INFO org.springframework.mock.web.MockServletContext - Initializing Spring TestDispatcherServlet ''
17:34:16.496 [Test worker] INFO org.springframework.test.web.servlet.TestDispatcherServlet - Initializing Servlet ''
17:34:16.497 [Test worker] DEBUG org.springframework.test.web.servlet.TestDispatcherServlet - Detected AcceptHeaderLocaleResolver
17:34:16.497 [Test worker] DEBUG org.springframework.test.web.servlet.TestDispatcherServlet - Detected FixedThemeResolver
17:34:16.497 [Test worker] DEBUG org.springframework.test.web.servlet.TestDispatcherServlet - Detected org.springframework.web.servlet.view.DefaultRequestToViewNameTranslator@38e09e46
17:34:16.497 [Test worker] DEBUG org.springframework.test.web.servlet.TestDispatcherServlet - Detected org.springframework.web.servlet.support.SessionFlashMapManager@479af10d
17:34:16.497 [Test worker] DEBUG org.springframework.test.web.servlet.TestDispatcherServlet - enableLoggingRequestDetails='false': request parameters and headers will be masked to prevent unsafe logging of potentially sensitive data
17:34:16.497 [Test worker] INFO org.springframework.test.web.servlet.TestDispatcherServlet - Completed initialization in 1 ms
17:34:16.498 [Test worker] DEBUG org.springframework.test.web.servlet.TestDispatcherServlet - GET "/purchases/primary-tags/", parameters={}
17:34:16.499 [Test worker] DEBUG org.springframework.web.servlet.mvc.method.annotation.RequestMappingHandlerMapping - Mapped to com.epam.esm.controller.api.impl.PurchaseControllerImpl#getPrimaryTags(int, int)
17:34:16.506 [Test worker] DEBUG org.springframework.web.servlet.mvc.method.annotation.RequestResponseBodyMethodProcessor - Using 'application/json', given [*/*] and supported [application/json]
17:34:16.508 [Test worker] DEBUG org.springframework.web.servlet.mvc.method.annotation.RequestResponseBodyMethodProcessor - Writing [links: [<http://localhost/purchases/primary-tags/?page=1&limit=10>;rel="self", <http://localhost/pur (truncated)...]
17:34:16.513 [Test worker] DEBUG org.springframework.test.web.servlet.TestDispatcherServlet - Completed 200 OK
17:34:16.514 [Test worker] DEBUG com.jayway.jsonpath.internal.path.CompiledPath - Evaluating path: $['elements_on_current_page']
17:34:16.520 [Test worker] DEBUG _org.springframework.web.servlet.HandlerMapping.Mappings - 
	c.e.e.c.a.i.PurchaseControllerImpl:
	{POST [/purchases], produces [application/json]}: purchaseCertificate(long,long)
	{GET [/purchases/all], produces [application/json]}: getAllPurchases(int,int)
	{GET [/purchases/primary-tags/], produces [application/json]}: getPrimaryTags(int,int)
	{GET [/purchases/primary-tags/user/{userId}], produces [application/json]}: getUserPrimaryTags(long,int,int)
	{GET [/purchases/{id}], produces [application/json]}: getPurchaseById(long)
	{DELETE [/purchases/{id}], produces [application/json]}: deletePurchase(long)
	{GET [/purchases/user/{userId}], produces [application/json]}: getUserPurchases(long,int,int)
	{PATCH [/purchases/{id}], produces [application/json]}: updatePurchase(long,HttpServletResponse)
17:34:16.521 [Test worker] DEBUG org.springframework.web.servlet.mvc.method.annotation.RequestMappingHandlerMapping - 8 mappings in org.springframework.web.servlet.mvc.method.annotation.RequestMappingHandlerMapping
17:34:16.526 [Test worker] DEBUG org.springframework.web.servlet.mvc.method.annotation.RequestMappingHandlerAdapter - ControllerAdvice beans: 0 @ModelAttribute, 0 @InitBinder, 1 RequestBodyAdvice, 1 ResponseBodyAdvice
17:34:16.528 [Test worker] DEBUG org.springframework.web.servlet.mvc.method.annotation.ExceptionHandlerExceptionResolver - ControllerAdvice beans: 0 @ExceptionHandler, 1 ResponseBodyAdvice
17:34:16.529 [Test worker] INFO org.springframework.mock.web.MockServletContext - Initializing Spring TestDispatcherServlet ''
17:34:16.529 [Test worker] INFO org.springframework.test.web.servlet.TestDispatcherServlet - Initializing Servlet ''
17:34:16.529 [Test worker] DEBUG org.springframework.test.web.servlet.TestDispatcherServlet - Detected AcceptHeaderLocaleResolver
17:34:16.529 [Test worker] DEBUG org.springframework.test.web.servlet.TestDispatcherServlet - Detected FixedThemeResolver
17:34:16.529 [Test worker] DEBUG org.springframework.test.web.servlet.TestDispatcherServlet - Detected org.springframework.web.servlet.view.DefaultRequestToViewNameTranslator@3009baf6
17:34:16.530 [Test worker] DEBUG org.springframework.test.web.servlet.TestDispatcherServlet - Detected org.springframework.web.servlet.support.SessionFlashMapManager@181507d5
17:34:16.530 [Test worker] DEBUG org.springframework.test.web.servlet.TestDispatcherServlet - enableLoggingRequestDetails='false': request parameters and headers will be masked to prevent unsafe logging of potentially sensitive data
17:34:16.530 [Test worker] INFO org.springframework.test.web.servlet.TestDispatcherServlet - Completed initialization in 1 ms
17:34:16.531 [Test worker] DEBUG org.springframework.test.web.servlet.TestDispatcherServlet - GET "/purchases/user/2", parameters={}
17:34:16.532 [Test worker] DEBUG org.springframework.web.servlet.mvc.method.annotation.RequestMappingHandlerMapping - Mapped to com.epam.esm.controller.api.impl.PurchaseControllerImpl#getUserPurchases(long, int, int)
17:34:16.537 [Test worker] DEBUG org.springframework.web.servlet.mvc.method.annotation.ExceptionHandlerExceptionResolver - Using @ExceptionHandler com.epam.esm.controller.api.impl.PurchaseControllerImpl#userNotFound(UserNotFoundException)
17:34:16.538 [Test worker] DEBUG org.springframework.web.servlet.mvc.method.annotation.RequestResponseBodyMethodProcessor - Using 'application/json', given [*/*] and supported [application/json, application/*+json]
17:34:16.539 [Test worker] DEBUG org.springframework.web.servlet.mvc.method.annotation.RequestResponseBodyMethodProcessor - Writing [com.epam.esm.controller.util.Message@31d1574f]
17:34:16.539 [Test worker] DEBUG org.springframework.web.servlet.mvc.method.annotation.ExceptionHandlerExceptionResolver - Resolved [com.epam.esm.controller.api.exception.UserNotFoundException]
17:34:16.539 [Test worker] DEBUG org.springframework.test.web.servlet.TestDispatcherServlet - Completed 404 NOT_FOUND
17:34:16.549 [Test worker] DEBUG _org.springframework.web.servlet.HandlerMapping.Mappings - 
	c.e.e.c.a.i.PurchaseControllerImpl:
	{POST [/purchases], produces [application/json]}: purchaseCertificate(long,long)
	{GET [/purchases/all], produces [application/json]}: getAllPurchases(int,int)
	{GET [/purchases/primary-tags/], produces [application/json]}: getPrimaryTags(int,int)
	{GET [/purchases/primary-tags/user/{userId}], produces [application/json]}: getUserPrimaryTags(long,int,int)
	{GET [/purchases/{id}], produces [application/json]}: getPurchaseById(long)
	{DELETE [/purchases/{id}], produces [application/json]}: deletePurchase(long)
	{GET [/purchases/user/{userId}], produces [application/json]}: getUserPurchases(long,int,int)
	{PATCH [/purchases/{id}], produces [application/json]}: updatePurchase(long,HttpServletResponse)
17:34:16.550 [Test worker] DEBUG org.springframework.web.servlet.mvc.method.annotation.RequestMappingHandlerMapping - 8 mappings in org.springframework.web.servlet.mvc.method.annotation.RequestMappingHandlerMapping
17:34:16.557 [Test worker] DEBUG org.springframework.web.servlet.mvc.method.annotation.RequestMappingHandlerAdapter - ControllerAdvice beans: 0 @ModelAttribute, 0 @InitBinder, 1 RequestBodyAdvice, 1 ResponseBodyAdvice
17:34:16.559 [Test worker] DEBUG org.springframework.web.servlet.mvc.method.annotation.ExceptionHandlerExceptionResolver - ControllerAdvice beans: 0 @ExceptionHandler, 1 ResponseBodyAdvice
17:34:16.559 [Test worker] INFO org.springframework.mock.web.MockServletContext - Initializing Spring TestDispatcherServlet ''
17:34:16.559 [Test worker] INFO org.springframework.test.web.servlet.TestDispatcherServlet - Initializing Servlet ''
17:34:16.559 [Test worker] DEBUG org.springframework.test.web.servlet.TestDispatcherServlet - Detected AcceptHeaderLocaleResolver
17:34:16.559 [Test worker] DEBUG org.springframework.test.web.servlet.TestDispatcherServlet - Detected FixedThemeResolver
17:34:16.560 [Test worker] DEBUG org.springframework.test.web.servlet.TestDispatcherServlet - Detected org.springframework.web.servlet.view.DefaultRequestToViewNameTranslator@200e104c
17:34:16.560 [Test worker] DEBUG org.springframework.test.web.servlet.TestDispatcherServlet - Detected org.springframework.web.servlet.support.SessionFlashMapManager@393f0ec
17:34:16.560 [Test worker] DEBUG org.springframework.test.web.servlet.TestDispatcherServlet - enableLoggingRequestDetails='false': request parameters and headers will be masked to prevent unsafe logging of potentially sensitive data
17:34:16.560 [Test worker] INFO org.springframework.test.web.servlet.TestDispatcherServlet - Completed initialization in 1 ms
17:34:16.561 [Test worker] DEBUG org.springframework.test.web.servlet.TestDispatcherServlet - GET "/purchases/user/2", parameters={}
17:34:16.561 [Test worker] DEBUG org.springframework.web.servlet.mvc.method.annotation.RequestMappingHandlerMapping - Mapped to com.epam.esm.controller.api.impl.PurchaseControllerImpl#getUserPurchases(long, int, int)
17:34:16.565 [Test worker] DEBUG org.springframework.web.servlet.mvc.method.annotation.RequestResponseBodyMethodProcessor - Using 'application/json', given [*/*] and supported [application/json]
17:34:16.567 [Test worker] DEBUG org.springframework.web.servlet.mvc.method.annotation.RequestResponseBodyMethodProcessor - Writing [links: [<http://localhost/purchases/user/2?page=1&limit=10>;rel="self", <http://localhost/purchases/ (truncated)...]
17:34:16.572 [Test worker] DEBUG org.springframework.test.web.servlet.TestDispatcherServlet - Completed 200 OK
17:34:16.572 [Test worker] DEBUG com.jayway.jsonpath.internal.path.CompiledPath - Evaluating path: $['elements_on_current_page']
17:34:16.580 [Test worker] DEBUG _org.springframework.web.servlet.HandlerMapping.Mappings - 
	c.e.e.c.a.i.PurchaseControllerImpl:
	{POST [/purchases], produces [application/json]}: purchaseCertificate(long,long)
	{GET [/purchases/all], produces [application/json]}: getAllPurchases(int,int)
	{GET [/purchases/primary-tags/], produces [application/json]}: getPrimaryTags(int,int)
	{GET [/purchases/primary-tags/user/{userId}], produces [application/json]}: getUserPrimaryTags(long,int,int)
	{GET [/purchases/{id}], produces [application/json]}: getPurchaseById(long)
	{DELETE [/purchases/{id}], produces [application/json]}: deletePurchase(long)
	{GET [/purchases/user/{userId}], produces [application/json]}: getUserPurchases(long,int,int)
	{PATCH [/purchases/{id}], produces [application/json]}: updatePurchase(long,HttpServletResponse)
17:34:16.589 [Test worker] DEBUG org.springframework.web.servlet.mvc.method.annotation.RequestMappingHandlerMapping - 8 mappings in org.springframework.web.servlet.mvc.method.annotation.RequestMappingHandlerMapping
17:34:16.596 [Test worker] DEBUG org.springframework.web.servlet.mvc.method.annotation.RequestMappingHandlerAdapter - ControllerAdvice beans: 0 @ModelAttribute, 0 @InitBinder, 1 RequestBodyAdvice, 1 ResponseBodyAdvice
17:34:16.598 [Test worker] DEBUG org.springframework.web.servlet.mvc.method.annotation.ExceptionHandlerExceptionResolver - ControllerAdvice beans: 0 @ExceptionHandler, 1 ResponseBodyAdvice
17:34:16.598 [Test worker] INFO org.springframework.mock.web.MockServletContext - Initializing Spring TestDispatcherServlet ''
17:34:16.598 [Test worker] INFO org.springframework.test.web.servlet.TestDispatcherServlet - Initializing Servlet ''
17:34:16.599 [Test worker] DEBUG org.springframework.test.web.servlet.TestDispatcherServlet - Detected AcceptHeaderLocaleResolver
17:34:16.599 [Test worker] DEBUG org.springframework.test.web.servlet.TestDispatcherServlet - Detected FixedThemeResolver
17:34:16.599 [Test worker] DEBUG org.springframework.test.web.servlet.TestDispatcherServlet - Detected org.springframework.web.servlet.view.DefaultRequestToViewNameTranslator@63b7723f
17:34:16.599 [Test worker] DEBUG org.springframework.test.web.servlet.TestDispatcherServlet - Detected org.springframework.web.servlet.support.SessionFlashMapManager@6c8c7d50
17:34:16.599 [Test worker] DEBUG org.springframework.test.web.servlet.TestDispatcherServlet - enableLoggingRequestDetails='false': request parameters and headers will be masked to prevent unsafe logging of potentially sensitive data
17:34:16.599 [Test worker] INFO org.springframework.test.web.servlet.TestDispatcherServlet - Completed initialization in 1 ms
17:34:16.600 [Test worker] DEBUG org.springframework.test.web.servlet.TestDispatcherServlet - GET "/purchases/3", parameters={}
17:34:16.601 [Test worker] DEBUG org.springframework.web.servlet.mvc.method.annotation.RequestMappingHandlerMapping - Mapped to com.epam.esm.controller.api.impl.PurchaseControllerImpl#getPurchaseById(long)
17:34:16.603 [Test worker] DEBUG org.springframework.web.servlet.mvc.method.annotation.RequestResponseBodyMethodProcessor - Using 'application/json', given [*/*] and supported [application/json]
17:34:16.605 [Test worker] DEBUG org.springframework.web.servlet.mvc.method.annotation.RequestResponseBodyMethodProcessor - Writing [com.epam.esm.model.Purchase@dbfb2aec]
17:34:16.612 [Test worker] DEBUG org.springframework.test.web.servlet.TestDispatcherServlet - Completed 200 OK
17:34:16.613 [Test worker] DEBUG com.jayway.jsonpath.internal.path.CompiledPath - Evaluating path: $['id']
17:34:16.613 [Test worker] DEBUG com.jayway.jsonpath.internal.path.CompiledPath - Evaluating path: $['id']
17:34:16.617 [Test worker] DEBUG _org.springframework.web.servlet.HandlerMapping.Mappings - 
	c.e.e.c.a.i.PurchaseControllerImpl:
	{POST [/purchases], produces [application/json]}: purchaseCertificate(long,long)
	{GET [/purchases/all], produces [application/json]}: getAllPurchases(int,int)
	{GET [/purchases/primary-tags/], produces [application/json]}: getPrimaryTags(int,int)
	{GET [/purchases/primary-tags/user/{userId}], produces [application/json]}: getUserPrimaryTags(long,int,int)
	{GET [/purchases/{id}], produces [application/json]}: getPurchaseById(long)
	{DELETE [/purchases/{id}], produces [application/json]}: deletePurchase(long)
	{GET [/purchases/user/{userId}], produces [application/json]}: getUserPurchases(long,int,int)
	{PATCH [/purchases/{id}], produces [application/json]}: updatePurchase(long,HttpServletResponse)
17:34:16.621 [Test worker] DEBUG org.springframework.web.servlet.mvc.method.annotation.RequestMappingHandlerMapping - 8 mappings in org.springframework.web.servlet.mvc.method.annotation.RequestMappingHandlerMapping
17:34:16.626 [Test worker] DEBUG org.springframework.web.servlet.mvc.method.annotation.RequestMappingHandlerAdapter - ControllerAdvice beans: 0 @ModelAttribute, 0 @InitBinder, 1 RequestBodyAdvice, 1 ResponseBodyAdvice
17:34:16.627 [Test worker] DEBUG org.springframework.web.servlet.mvc.method.annotation.ExceptionHandlerExceptionResolver - ControllerAdvice beans: 0 @ExceptionHandler, 1 ResponseBodyAdvice
17:34:16.628 [Test worker] INFO org.springframework.mock.web.MockServletContext - Initializing Spring TestDispatcherServlet ''
17:34:16.628 [Test worker] INFO org.springframework.test.web.servlet.TestDispatcherServlet - Initializing Servlet ''
17:34:16.628 [Test worker] DEBUG org.springframework.test.web.servlet.TestDispatcherServlet - Detected AcceptHeaderLocaleResolver
17:34:16.628 [Test worker] DEBUG org.springframework.test.web.servlet.TestDispatcherServlet - Detected FixedThemeResolver
17:34:16.628 [Test worker] DEBUG org.springframework.test.web.servlet.TestDispatcherServlet - Detected org.springframework.web.servlet.view.DefaultRequestToViewNameTranslator@2387db8a
17:34:16.628 [Test worker] DEBUG org.springframework.test.web.servlet.TestDispatcherServlet - Detected org.springframework.web.servlet.support.SessionFlashMapManager@e0ab95
17:34:16.628 [Test worker] DEBUG org.springframework.test.web.servlet.TestDispatcherServlet - enableLoggingRequestDetails='false': request parameters and headers will be masked to prevent unsafe logging of potentially sensitive data
17:34:16.628 [Test worker] INFO org.springframework.test.web.servlet.TestDispatcherServlet - Completed initialization in 0 ms
17:34:16.629 [Test worker] DEBUG org.springframework.test.web.servlet.TestDispatcherServlet - POST "/purchases", parameters={masked}
17:34:16.630 [Test worker] DEBUG org.springframework.web.servlet.mvc.method.annotation.RequestMappingHandlerMapping - Mapped to com.epam.esm.controller.api.impl.PurchaseControllerImpl#purchaseCertificate(long, long)
17:34:16.632 [Test worker] DEBUG org.springframework.web.servlet.mvc.method.annotation.ExceptionHandlerExceptionResolver - Using @ExceptionHandler com.epam.esm.controller.api.impl.PurchaseControllerImpl#userNotFound(UserNotFoundException)
17:34:16.633 [Test worker] DEBUG org.springframework.web.servlet.mvc.method.annotation.RequestResponseBodyMethodProcessor - Using 'application/json', given [*/*] and supported [application/json, application/*+json]
17:34:16.633 [Test worker] DEBUG org.springframework.web.servlet.mvc.method.annotation.RequestResponseBodyMethodProcessor - Writing [com.epam.esm.controller.util.Message@2220ff5e]
17:34:16.633 [Test worker] DEBUG org.springframework.web.servlet.mvc.method.annotation.ExceptionHandlerExceptionResolver - Resolved [com.epam.esm.controller.api.exception.UserNotFoundException]
17:34:16.634 [Test worker] DEBUG org.springframework.test.web.servlet.TestDispatcherServlet - Completed 404 NOT_FOUND
17:34:16.643 [Test worker] DEBUG _org.springframework.web.servlet.HandlerMapping.Mappings - 
	c.e.e.c.a.i.PurchaseControllerImpl:
	{POST [/purchases], produces [application/json]}: purchaseCertificate(long,long)
	{GET [/purchases/all], produces [application/json]}: getAllPurchases(int,int)
	{GET [/purchases/primary-tags/], produces [application/json]}: getPrimaryTags(int,int)
	{GET [/purchases/primary-tags/user/{userId}], produces [application/json]}: getUserPrimaryTags(long,int,int)
	{GET [/purchases/{id}], produces [application/json]}: getPurchaseById(long)
	{DELETE [/purchases/{id}], produces [application/json]}: deletePurchase(long)
	{GET [/purchases/user/{userId}], produces [application/json]}: getUserPurchases(long,int,int)
	{PATCH [/purchases/{id}], produces [application/json]}: updatePurchase(long,HttpServletResponse)
17:34:16.644 [Test worker] DEBUG org.springframework.web.servlet.mvc.method.annotation.RequestMappingHandlerMapping - 8 mappings in org.springframework.web.servlet.mvc.method.annotation.RequestMappingHandlerMapping
17:34:16.652 [Test worker] DEBUG org.springframework.web.servlet.mvc.method.annotation.RequestMappingHandlerAdapter - ControllerAdvice beans: 0 @ModelAttribute, 0 @InitBinder, 1 RequestBodyAdvice, 1 ResponseBodyAdvice
17:34:16.654 [Test worker] DEBUG org.springframework.web.servlet.mvc.method.annotation.ExceptionHandlerExceptionResolver - ControllerAdvice beans: 0 @ExceptionHandler, 1 ResponseBodyAdvice
17:34:16.655 [Test worker] INFO org.springframework.mock.web.MockServletContext - Initializing Spring TestDispatcherServlet ''
17:34:16.655 [Test worker] INFO org.springframework.test.web.servlet.TestDispatcherServlet - Initializing Servlet ''
17:34:16.655 [Test worker] DEBUG org.springframework.test.web.servlet.TestDispatcherServlet - Detected AcceptHeaderLocaleResolver
17:34:16.655 [Test worker] DEBUG org.springframework.test.web.servlet.TestDispatcherServlet - Detected FixedThemeResolver
17:34:16.656 [Test worker] DEBUG org.springframework.test.web.servlet.TestDispatcherServlet - Detected org.springframework.web.servlet.view.DefaultRequestToViewNameTranslator@651be81
17:34:16.656 [Test worker] DEBUG org.springframework.test.web.servlet.TestDispatcherServlet - Detected org.springframework.web.servlet.support.SessionFlashMapManager@78a4003f
17:34:16.656 [Test worker] DEBUG org.springframework.test.web.servlet.TestDispatcherServlet - enableLoggingRequestDetails='false': request parameters and headers will be masked to prevent unsafe logging of potentially sensitive data
17:34:16.656 [Test worker] INFO org.springframework.test.web.servlet.TestDispatcherServlet - Completed initialization in 1 ms
17:34:16.657 [Test worker] DEBUG org.springframework.test.web.servlet.TestDispatcherServlet - GET "/purchases/all", parameters={}
17:34:16.657 [Test worker] DEBUG org.springframework.web.servlet.mvc.method.annotation.RequestMappingHandlerMapping - Mapped to com.epam.esm.controller.api.impl.PurchaseControllerImpl#getAllPurchases(int, int)
17:34:16.662 [Test worker] DEBUG org.springframework.web.servlet.mvc.method.annotation.RequestResponseBodyMethodProcessor - Using 'application/json', given [*/*] and supported [application/json]
17:34:16.663 [Test worker] DEBUG org.springframework.web.servlet.mvc.method.annotation.RequestResponseBodyMethodProcessor - Writing [links: [<http://localhost/purchases/all?page=1&limit=10>;rel="self", <http://localhost/purchases/all (truncated)...]
17:34:16.667 [Test worker] DEBUG org.springframework.test.web.servlet.TestDispatcherServlet - Completed 200 OK
17:34:16.667 [Test worker] DEBUG com.jayway.jsonpath.internal.path.CompiledPath - Evaluating path: $['elements_on_current_page']
17:34:16.673 [Test worker] DEBUG _org.springframework.web.servlet.HandlerMapping.Mappings - 
	c.e.e.c.a.i.PurchaseControllerImpl:
	{POST [/purchases], produces [application/json]}: purchaseCertificate(long,long)
	{GET [/purchases/all], produces [application/json]}: getAllPurchases(int,int)
	{GET [/purchases/primary-tags/], produces [application/json]}: getPrimaryTags(int,int)
	{GET [/purchases/primary-tags/user/{userId}], produces [application/json]}: getUserPrimaryTags(long,int,int)
	{GET [/purchases/{id}], produces [application/json]}: getPurchaseById(long)
	{DELETE [/purchases/{id}], produces [application/json]}: deletePurchase(long)
	{GET [/purchases/user/{userId}], produces [application/json]}: getUserPurchases(long,int,int)
	{PATCH [/purchases/{id}], produces [application/json]}: updatePurchase(long,HttpServletResponse)
17:34:16.675 [Test worker] DEBUG org.springframework.web.servlet.mvc.method.annotation.RequestMappingHandlerMapping - 8 mappings in org.springframework.web.servlet.mvc.method.annotation.RequestMappingHandlerMapping
17:34:16.686 [Test worker] DEBUG org.springframework.web.servlet.mvc.method.annotation.RequestMappingHandlerAdapter - ControllerAdvice beans: 0 @ModelAttribute, 0 @InitBinder, 1 RequestBodyAdvice, 1 ResponseBodyAdvice
17:34:16.688 [Test worker] DEBUG org.springframework.web.servlet.mvc.method.annotation.ExceptionHandlerExceptionResolver - ControllerAdvice beans: 0 @ExceptionHandler, 1 ResponseBodyAdvice
17:34:16.688 [Test worker] INFO org.springframework.mock.web.MockServletContext - Initializing Spring TestDispatcherServlet ''
17:34:16.688 [Test worker] INFO org.springframework.test.web.servlet.TestDispatcherServlet - Initializing Servlet ''
17:34:16.689 [Test worker] DEBUG org.springframework.test.web.servlet.TestDispatcherServlet - Detected AcceptHeaderLocaleResolver
17:34:16.689 [Test worker] DEBUG org.springframework.test.web.servlet.TestDispatcherServlet - Detected FixedThemeResolver
17:34:16.689 [Test worker] DEBUG org.springframework.test.web.servlet.TestDispatcherServlet - Detected org.springframework.web.servlet.view.DefaultRequestToViewNameTranslator@29b38702
17:34:16.689 [Test worker] DEBUG org.springframework.test.web.servlet.TestDispatcherServlet - Detected org.springframework.web.servlet.support.SessionFlashMapManager@4ca19e1
17:34:16.689 [Test worker] DEBUG org.springframework.test.web.servlet.TestDispatcherServlet - enableLoggingRequestDetails='false': request parameters and headers will be masked to prevent unsafe logging of potentially sensitive data
17:34:16.689 [Test worker] INFO org.springframework.test.web.servlet.TestDispatcherServlet - Completed initialization in 1 ms
17:34:16.690 [Test worker] DEBUG org.springframework.test.web.servlet.TestDispatcherServlet - POST "/purchases", parameters={masked}
17:34:16.690 [Test worker] DEBUG org.springframework.web.servlet.mvc.method.annotation.RequestMappingHandlerMapping - Mapped to com.epam.esm.controller.api.impl.PurchaseControllerImpl#purchaseCertificate(long, long)
17:34:16.692 [Test worker] DEBUG org.springframework.web.servlet.mvc.method.annotation.ExceptionHandlerExceptionResolver - Using @ExceptionHandler com.epam.esm.controller.api.impl.PurchaseControllerImpl#certificateNotFound(CertificateNotFoundException)
17:34:16.693 [Test worker] DEBUG org.springframework.web.servlet.mvc.method.annotation.RequestResponseBodyMethodProcessor - Using 'application/json', given [*/*] and supported [application/json, application/*+json]
17:34:16.693 [Test worker] DEBUG org.springframework.web.servlet.mvc.method.annotation.RequestResponseBodyMethodProcessor - Writing [com.epam.esm.controller.util.Message@2c79a7e1]
17:34:16.694 [Test worker] DEBUG org.springframework.web.servlet.mvc.method.annotation.ExceptionHandlerExceptionResolver - Resolved [com.epam.esm.controller.api.exception.CertificateNotFoundException]
17:34:16.694 [Test worker] DEBUG org.springframework.test.web.servlet.TestDispatcherServlet - Completed 404 NOT_FOUND
17:34:16.700 [Test worker] DEBUG _org.springframework.web.servlet.HandlerMapping.Mappings - 
	c.e.e.c.a.i.PurchaseControllerImpl:
	{POST [/purchases], produces [application/json]}: purchaseCertificate(long,long)
	{GET [/purchases/all], produces [application/json]}: getAllPurchases(int,int)
	{GET [/purchases/primary-tags/], produces [application/json]}: getPrimaryTags(int,int)
	{GET [/purchases/primary-tags/user/{userId}], produces [application/json]}: getUserPrimaryTags(long,int,int)
	{GET [/purchases/{id}], produces [application/json]}: getPurchaseById(long)
	{DELETE [/purchases/{id}], produces [application/json]}: deletePurchase(long)
	{GET [/purchases/user/{userId}], produces [application/json]}: getUserPurchases(long,int,int)
	{PATCH [/purchases/{id}], produces [application/json]}: updatePurchase(long,HttpServletResponse)
17:34:16.701 [Test worker] DEBUG org.springframework.web.servlet.mvc.method.annotation.RequestMappingHandlerMapping - 8 mappings in org.springframework.web.servlet.mvc.method.annotation.RequestMappingHandlerMapping
17:34:16.710 [Test worker] DEBUG org.springframework.web.servlet.mvc.method.annotation.RequestMappingHandlerAdapter - ControllerAdvice beans: 0 @ModelAttribute, 0 @InitBinder, 1 RequestBodyAdvice, 1 ResponseBodyAdvice
17:34:16.713 [Test worker] DEBUG org.springframework.web.servlet.mvc.method.annotation.ExceptionHandlerExceptionResolver - ControllerAdvice beans: 0 @ExceptionHandler, 1 ResponseBodyAdvice
17:34:16.714 [Test worker] INFO org.springframework.mock.web.MockServletContext - Initializing Spring TestDispatcherServlet ''
17:34:16.714 [Test worker] INFO org.springframework.test.web.servlet.TestDispatcherServlet - Initializing Servlet ''
17:34:16.714 [Test worker] DEBUG org.springframework.test.web.servlet.TestDispatcherServlet - Detected AcceptHeaderLocaleResolver
17:34:16.714 [Test worker] DEBUG org.springframework.test.web.servlet.TestDispatcherServlet - Detected FixedThemeResolver
17:34:16.714 [Test worker] DEBUG org.springframework.test.web.servlet.TestDispatcherServlet - Detected org.springframework.web.servlet.view.DefaultRequestToViewNameTranslator@52e3b582
17:34:16.714 [Test worker] DEBUG org.springframework.test.web.servlet.TestDispatcherServlet - Detected org.springframework.web.servlet.support.SessionFlashMapManager@68801599
17:34:16.714 [Test worker] DEBUG org.springframework.test.web.servlet.TestDispatcherServlet - enableLoggingRequestDetails='false': request parameters and headers will be masked to prevent unsafe logging of potentially sensitive data
17:34:16.714 [Test worker] INFO org.springframework.test.web.servlet.TestDispatcherServlet - Completed initialization in 0 ms
17:34:16.715 [Test worker] DEBUG org.springframework.test.web.servlet.TestDispatcherServlet - GET "/purchases/primary-tags/user/2", parameters={}
17:34:16.715 [Test worker] DEBUG org.springframework.web.servlet.mvc.method.annotation.RequestMappingHandlerMapping - Mapped to com.epam.esm.controller.api.impl.PurchaseControllerImpl#getUserPrimaryTags(long, int, int)
17:34:16.718 [Test worker] DEBUG org.springframework.web.servlet.mvc.method.annotation.ExceptionHandlerExceptionResolver - Using @ExceptionHandler com.epam.esm.controller.api.impl.PurchaseControllerImpl#userNotFound(UserNotFoundException)
17:34:16.719 [Test worker] DEBUG org.springframework.web.servlet.mvc.method.annotation.RequestResponseBodyMethodProcessor - Using 'application/json', given [*/*] and supported [application/json, application/*+json]
17:34:16.720 [Test worker] DEBUG org.springframework.web.servlet.mvc.method.annotation.RequestResponseBodyMethodProcessor - Writing [com.epam.esm.controller.util.Message@ed18b71]
17:34:16.720 [Test worker] DEBUG org.springframework.web.servlet.mvc.method.annotation.ExceptionHandlerExceptionResolver - Resolved [com.epam.esm.controller.api.exception.UserNotFoundException]
17:34:16.720 [Test worker] DEBUG org.springframework.test.web.servlet.TestDispatcherServlet - Completed 404 NOT_FOUND
17:34:16.726 [Test worker] DEBUG _org.springframework.web.servlet.HandlerMapping.Mappings - 
	c.e.e.c.a.i.PurchaseControllerImpl:
	{POST [/purchases], produces [application/json]}: purchaseCertificate(long,long)
	{GET [/purchases/all], produces [application/json]}: getAllPurchases(int,int)
	{GET [/purchases/primary-tags/], produces [application/json]}: getPrimaryTags(int,int)
	{GET [/purchases/primary-tags/user/{userId}], produces [application/json]}: getUserPrimaryTags(long,int,int)
	{GET [/purchases/{id}], produces [application/json]}: getPurchaseById(long)
	{DELETE [/purchases/{id}], produces [application/json]}: deletePurchase(long)
	{GET [/purchases/user/{userId}], produces [application/json]}: getUserPurchases(long,int,int)
	{PATCH [/purchases/{id}], produces [application/json]}: updatePurchase(long,HttpServletResponse)
17:34:16.727 [Test worker] DEBUG org.springframework.web.servlet.mvc.method.annotation.RequestMappingHandlerMapping - 8 mappings in org.springframework.web.servlet.mvc.method.annotation.RequestMappingHandlerMapping
17:34:16.730 [Test worker] DEBUG org.springframework.web.servlet.mvc.method.annotation.RequestMappingHandlerAdapter - ControllerAdvice beans: 0 @ModelAttribute, 0 @InitBinder, 1 RequestBodyAdvice, 1 ResponseBodyAdvice
17:34:16.731 [Test worker] DEBUG org.springframework.web.servlet.mvc.method.annotation.ExceptionHandlerExceptionResolver - ControllerAdvice beans: 0 @ExceptionHandler, 1 ResponseBodyAdvice
17:34:16.731 [Test worker] INFO org.springframework.mock.web.MockServletContext - Initializing Spring TestDispatcherServlet ''
17:34:16.731 [Test worker] INFO org.springframework.test.web.servlet.TestDispatcherServlet - Initializing Servlet ''
17:34:16.731 [Test worker] DEBUG org.springframework.test.web.servlet.TestDispatcherServlet - Detected AcceptHeaderLocaleResolver
17:34:16.731 [Test worker] DEBUG org.springframework.test.web.servlet.TestDispatcherServlet - Detected FixedThemeResolver
17:34:16.732 [Test worker] DEBUG org.springframework.test.web.servlet.TestDispatcherServlet - Detected org.springframework.web.servlet.view.DefaultRequestToViewNameTranslator@5cc3cce0
17:34:16.732 [Test worker] DEBUG org.springframework.test.web.servlet.TestDispatcherServlet - Detected org.springframework.web.servlet.support.SessionFlashMapManager@5b1c6363
17:34:16.732 [Test worker] DEBUG org.springframework.test.web.servlet.TestDispatcherServlet - enableLoggingRequestDetails='false': request parameters and headers will be masked to prevent unsafe logging of potentially sensitive data
17:34:16.732 [Test worker] INFO org.springframework.test.web.servlet.TestDispatcherServlet - Completed initialization in 1 ms
17:34:16.732 [Test worker] DEBUG org.springframework.test.web.servlet.TestDispatcherServlet - POST "/purchases", parameters={masked}
17:34:16.732 [Test worker] DEBUG org.springframework.web.servlet.mvc.method.annotation.RequestMappingHandlerMapping - Mapped to com.epam.esm.controller.api.impl.PurchaseControllerImpl#purchaseCertificate(long, long)
17:34:16.733 [Test worker] DEBUG org.springframework.web.servlet.mvc.method.annotation.RequestResponseBodyMethodProcessor - Using 'application/json', given [*/*] and supported [application/json]
17:34:16.734 [Test worker] DEBUG org.springframework.web.servlet.mvc.method.annotation.RequestResponseBodyMethodProcessor - Writing [com.epam.esm.model.Purchase@dbfb2aec]
17:34:16.738 [Test worker] DEBUG org.springframework.test.web.servlet.TestDispatcherServlet - Completed 201 CREATED
17:34:16.739 [Test worker] DEBUG com.jayway.jsonpath.internal.path.CompiledPath - Evaluating path: $['id']
17:34:16.739 [Test worker] DEBUG com.jayway.jsonpath.internal.path.CompiledPath - Evaluating path: $['id']
17:34:16.744 [Test worker] DEBUG _org.springframework.web.servlet.HandlerMapping.Mappings - 
	c.e.e.c.a.i.PurchaseControllerImpl:
	{POST [/purchases], produces [application/json]}: purchaseCertificate(long,long)
	{GET [/purchases/all], produces [application/json]}: getAllPurchases(int,int)
	{GET [/purchases/primary-tags/], produces [application/json]}: getPrimaryTags(int,int)
	{GET [/purchases/primary-tags/user/{userId}], produces [application/json]}: getUserPrimaryTags(long,int,int)
	{GET [/purchases/{id}], produces [application/json]}: getPurchaseById(long)
	{DELETE [/purchases/{id}], produces [application/json]}: deletePurchase(long)
	{GET [/purchases/user/{userId}], produces [application/json]}: getUserPurchases(long,int,int)
	{PATCH [/purchases/{id}], produces [application/json]}: updatePurchase(long,HttpServletResponse)
17:34:16.746 [Test worker] DEBUG org.springframework.web.servlet.mvc.method.annotation.RequestMappingHandlerMapping - 8 mappings in org.springframework.web.servlet.mvc.method.annotation.RequestMappingHandlerMapping
17:34:16.750 [Test worker] DEBUG org.springframework.web.servlet.mvc.method.annotation.RequestMappingHandlerAdapter - ControllerAdvice beans: 0 @ModelAttribute, 0 @InitBinder, 1 RequestBodyAdvice, 1 ResponseBodyAdvice
17:34:16.754 [Test worker] DEBUG org.springframework.web.servlet.mvc.method.annotation.ExceptionHandlerExceptionResolver - ControllerAdvice beans: 0 @ExceptionHandler, 1 ResponseBodyAdvice
17:34:16.754 [Test worker] INFO org.springframework.mock.web.MockServletContext - Initializing Spring TestDispatcherServlet ''
17:34:16.754 [Test worker] INFO org.springframework.test.web.servlet.TestDispatcherServlet - Initializing Servlet ''
17:34:16.754 [Test worker] DEBUG org.springframework.test.web.servlet.TestDispatcherServlet - Detected AcceptHeaderLocaleResolver
17:34:16.754 [Test worker] DEBUG org.springframework.test.web.servlet.TestDispatcherServlet - Detected FixedThemeResolver
17:34:16.754 [Test worker] DEBUG org.springframework.test.web.servlet.TestDispatcherServlet - Detected org.springframework.web.servlet.view.DefaultRequestToViewNameTranslator@5b020197
17:34:16.754 [Test worker] DEBUG org.springframework.test.web.servlet.TestDispatcherServlet - Detected org.springframework.web.servlet.support.SessionFlashMapManager@34072f51
17:34:16.754 [Test worker] DEBUG org.springframework.test.web.servlet.TestDispatcherServlet - enableLoggingRequestDetails='false': request parameters and headers will be masked to prevent unsafe logging of potentially sensitive data
17:34:16.754 [Test worker] INFO org.springframework.test.web.servlet.TestDispatcherServlet - Completed initialization in 0 ms
17:34:16.755 [Test worker] DEBUG org.springframework.test.web.servlet.TestDispatcherServlet - DELETE "/purchases/3", parameters={}
17:34:16.756 [Test worker] DEBUG org.springframework.web.servlet.mvc.method.annotation.RequestMappingHandlerMapping - Mapped to com.epam.esm.controller.api.impl.PurchaseControllerImpl#deletePurchase(long)
17:34:16.758 [Test worker] DEBUG org.springframework.web.servlet.mvc.method.annotation.ExceptionHandlerExceptionResolver - Using @ExceptionHandler com.epam.esm.controller.api.impl.PurchaseControllerImpl#certificateNotFound(CertificateNotFoundException)
17:34:16.759 [Test worker] DEBUG org.springframework.web.servlet.mvc.method.annotation.RequestResponseBodyMethodProcessor - Using 'application/json', given [*/*] and supported [application/json, application/*+json]
17:34:16.759 [Test worker] DEBUG org.springframework.web.servlet.mvc.method.annotation.RequestResponseBodyMethodProcessor - Writing [com.epam.esm.controller.util.Message@38b96f2]
17:34:16.760 [Test worker] DEBUG org.springframework.web.servlet.mvc.method.annotation.ExceptionHandlerExceptionResolver - Resolved [com.epam.esm.controller.api.exception.CertificateNotFoundException]
17:34:16.760 [Test worker] DEBUG org.springframework.test.web.servlet.TestDispatcherServlet - Completed 404 NOT_FOUND
]]></system-out>
  <system-err><![CDATA[]]></system-err>
</testsuite>
