<?xml version="1.0" encoding="UTF-8"?>
<testsuite name="com.epam.esm.controller.api.impl.CertificateSearchByTagsControllerImplTest" tests="1" skipped="0" failures="0" errors="0" timestamp="2022-05-21T14:34:15" hostname="DESKTOP-US0M6L4" time="0.102">
  <properties/>
  <testcase name="search()" classname="com.epam.esm.controller.api.impl.CertificateSearchByTagsControllerImplTest" time="0.102"/>
  <system-out><![CDATA[17:34:15.944 [Test worker] DEBUG _org.springframework.web.servlet.HandlerMapping.Mappings - 
	c.e.e.c.a.i.CertificateSearchByTagsControllerImpl:
	{GET [/searchByTags], produces [application/json]}: search(List,int,int)
17:34:15.944 [Test worker] DEBUG org.springframework.web.servlet.mvc.method.annotation.RequestMappingHandlerMapping - 1 mappings in org.springframework.web.servlet.mvc.method.annotation.RequestMappingHandlerMapping
17:34:15.951 [Test worker] DEBUG org.springframework.web.servlet.mvc.method.annotation.RequestMappingHandlerAdapter - ControllerAdvice beans: 0 @ModelAttribute, 0 @InitBinder, 1 RequestBodyAdvice, 1 ResponseBodyAdvice
17:34:15.954 [Test worker] DEBUG org.springframework.web.servlet.mvc.method.annotation.ExceptionHandlerExceptionResolver - ControllerAdvice beans: 0 @ExceptionHandler, 1 ResponseBodyAdvice
17:34:15.954 [Test worker] INFO org.springframework.mock.web.MockServletContext - Initializing Spring TestDispatcherServlet ''
17:34:15.954 [Test worker] INFO org.springframework.test.web.servlet.TestDispatcherServlet - Initializing Servlet ''
17:34:15.955 [Test worker] DEBUG org.springframework.test.web.servlet.TestDispatcherServlet - Detected AcceptHeaderLocaleResolver
17:34:15.955 [Test worker] DEBUG org.springframework.test.web.servlet.TestDispatcherServlet - Detected FixedThemeResolver
17:34:15.955 [Test worker] DEBUG org.springframework.test.web.servlet.TestDispatcherServlet - Detected org.springframework.web.servlet.view.DefaultRequestToViewNameTranslator@3f9d9e44
17:34:15.955 [Test worker] DEBUG org.springframework.test.web.servlet.TestDispatcherServlet - Detected org.springframework.web.servlet.support.SessionFlashMapManager@4f6ea956
17:34:15.955 [Test worker] DEBUG org.springframework.test.web.servlet.TestDispatcherServlet - enableLoggingRequestDetails='false': request parameters and headers will be masked to prevent unsafe logging of potentially sensitive data
17:34:15.955 [Test worker] INFO org.springframework.test.web.servlet.TestDispatcherServlet - Completed initialization in 1 ms
17:34:15.957 [Test worker] DEBUG org.springframework.test.web.servlet.TestDispatcherServlet - GET "/searchByTags", parameters={masked}
17:34:15.958 [Test worker] DEBUG org.springframework.web.servlet.mvc.method.annotation.RequestMappingHandlerMapping - Mapped to com.epam.esm.controller.api.impl.CertificateSearchByTagsControllerImpl#search(List, int, int)
17:34:15.970 [Test worker] DEBUG org.springframework.web.servlet.mvc.method.annotation.RequestResponseBodyMethodProcessor - Using 'application/json', given [*/*] and supported [application/json]
17:34:15.972 [Test worker] DEBUG org.springframework.web.servlet.mvc.method.annotation.RequestResponseBodyMethodProcessor - Writing [links: [<http://localhost/searchByTags?tag=0&tag=1&tag=2&tag=3&tag=4&tag=5&tag=6&page=1&limit=10>;re (truncated)...]
17:34:15.978 [Test worker] DEBUG org.springframework.test.web.servlet.TestDispatcherServlet - Completed 200 OK
17:34:15.979 [Test worker] DEBUG com.jayway.jsonpath.internal.path.CompiledPath - Evaluating path: $['elements_on_current_page']
]]></system-out>
  <system-err><![CDATA[]]></system-err>
</testsuite>
