<?xml version="1.0" encoding="UTF-8"?>
<testsuite name="com.epam.esm.controller.api.impl.TagControllerImplTest" tests="6" skipped="0" failures="0" errors="0" timestamp="2022-05-14T21:39:12" hostname="DESKTOP-US0M6L4" time="0.131">
  <properties/>
  <testcase name="getTag_success()" classname="com.epam.esm.controller.api.impl.TagControllerImplTest" time="0.032"/>
  <testcase name="getTag_fail_tagNotFound()" classname="com.epam.esm.controller.api.impl.TagControllerImplTest" time="0.024"/>
  <testcase name="deleteTag_success()" classname="com.epam.esm.controller.api.impl.TagControllerImplTest" time="0.017"/>
  <testcase name="getAllTags()" classname="com.epam.esm.controller.api.impl.TagControllerImplTest" time="0.025"/>
  <testcase name="createTag()" classname="com.epam.esm.controller.api.impl.TagControllerImplTest" time="0.016"/>
  <testcase name="deleteTag_fail_tagNotFound()" classname="com.epam.esm.controller.api.impl.TagControllerImplTest" time="0.014"/>
  <system-out><![CDATA[2022-05-15 00:39:12.346  INFO 7972 --- [    Test worker] o.s.mock.web.MockServletContext          : Initializing Spring TestDispatcherServlet ''
2022-05-15 00:39:12.347  INFO 7972 --- [    Test worker] o.s.t.web.servlet.TestDispatcherServlet  : Initializing Servlet ''
2022-05-15 00:39:12.347  INFO 7972 --- [    Test worker] o.s.t.web.servlet.TestDispatcherServlet  : Completed initialization in 0 ms
2022-05-15 00:39:12.369  INFO 7972 --- [    Test worker] o.s.mock.web.MockServletContext          : Initializing Spring TestDispatcherServlet ''
2022-05-15 00:39:12.370  INFO 7972 --- [    Test worker] o.s.t.web.servlet.TestDispatcherServlet  : Initializing Servlet ''
2022-05-15 00:39:12.370  INFO 7972 --- [    Test worker] o.s.t.web.servlet.TestDispatcherServlet  : Completed initialization in 0 ms
2022-05-15 00:39:12.389  INFO 7972 --- [    Test worker] o.s.mock.web.MockServletContext          : Initializing Spring TestDispatcherServlet ''
2022-05-15 00:39:12.390  INFO 7972 --- [    Test worker] o.s.t.web.servlet.TestDispatcherServlet  : Initializing Servlet ''
2022-05-15 00:39:12.390  INFO 7972 --- [    Test worker] o.s.t.web.servlet.TestDispatcherServlet  : Completed initialization in 0 ms
2022-05-15 00:39:12.404  INFO 7972 --- [    Test worker] o.s.mock.web.MockServletContext          : Initializing Spring TestDispatcherServlet ''
2022-05-15 00:39:12.404  INFO 7972 --- [    Test worker] o.s.t.web.servlet.TestDispatcherServlet  : Initializing Servlet ''
2022-05-15 00:39:12.404  INFO 7972 --- [    Test worker] o.s.t.web.servlet.TestDispatcherServlet  : Completed initialization in 0 ms
2022-05-15 00:39:12.432  INFO 7972 --- [    Test worker] o.s.mock.web.MockServletContext          : Initializing Spring TestDispatcherServlet ''
2022-05-15 00:39:12.433  INFO 7972 --- [    Test worker] o.s.t.web.servlet.TestDispatcherServlet  : Initializing Servlet ''
2022-05-15 00:39:12.434  INFO 7972 --- [    Test worker] o.s.t.web.servlet.TestDispatcherServlet  : Completed initialization in 1 ms
2022-05-15 00:39:12.448  INFO 7972 --- [    Test worker] o.s.mock.web.MockServletContext          : Initializing Spring TestDispatcherServlet ''
2022-05-15 00:39:12.448  INFO 7972 --- [    Test worker] o.s.t.web.servlet.TestDispatcherServlet  : Initializing Servlet ''
2022-05-15 00:39:12.448  INFO 7972 --- [    Test worker] o.s.t.web.servlet.TestDispatcherServlet  : Completed initialization in 0 ms
]]></system-out>
  <system-err><![CDATA[]]></system-err>
</testsuite>
