<?xml version="1.0" encoding="UTF-8"?>
<testsuite name="com.epam.esm.controller.api.impl.CertificateControllerImplUnitTest" tests="6" skipped="0" failures="0" errors="0" timestamp="2022-05-09T23:16:20" hostname="DESKTOP-US0M6L4" time="1.649">
  <properties/>
  <testcase name="createCertificate()" classname="com.epam.esm.controller.api.impl.CertificateControllerImplUnitTest" time="1.131"/>
  <testcase name="getCertificate_fail_notFound()" classname="com.epam.esm.controller.api.impl.CertificateControllerImplUnitTest" time="0.064"/>
  <testcase name="deleteCertificate_fail_notFound()" classname="com.epam.esm.controller.api.impl.CertificateControllerImplUnitTest" time="0.065"/>
  <testcase name="getCertificate_success()" classname="com.epam.esm.controller.api.impl.CertificateControllerImplUnitTest" time="0.049"/>
  <testcase name="getAllCertificates()" classname="com.epam.esm.controller.api.impl.CertificateControllerImplUnitTest" time="0.281"/>
  <testcase name="deleteCertificate_success()" classname="com.epam.esm.controller.api.impl.CertificateControllerImplUnitTest" time="0.051"/>
  <system-out><![CDATA[02:16:02.080 [Test worker] DEBUG org.springframework.test.context.BootstrapUtils - Instantiating CacheAwareContextLoaderDelegate from class [org.springframework.test.context.cache.DefaultCacheAwareContextLoaderDelegate]
02:16:02.099 [Test worker] DEBUG org.springframework.test.context.BootstrapUtils - Instantiating BootstrapContext using constructor [public org.springframework.test.context.support.DefaultBootstrapContext(java.lang.Class,org.springframework.test.context.CacheAwareContextLoaderDelegate)]
02:16:02.151 [Test worker] DEBUG org.springframework.test.context.BootstrapUtils - Instantiating TestContextBootstrapper for test class [com.epam.esm.controller.api.impl.CertificateControllerImplUnitTest] from class [org.springframework.boot.test.context.SpringBootTestContextBootstrapper]
02:16:02.167 [Test worker] INFO org.springframework.boot.test.context.SpringBootTestContextBootstrapper - Neither @ContextConfiguration nor @ContextHierarchy found for test class [com.epam.esm.controller.api.impl.CertificateControllerImplUnitTest], using SpringBootContextLoader
02:16:02.173 [Test worker] DEBUG org.springframework.test.context.support.AbstractContextLoader - Did not detect default resource location for test class [com.epam.esm.controller.api.impl.CertificateControllerImplUnitTest]: class path resource [com/epam/esm/controller/api/impl/CertificateControllerImplUnitTest-context.xml] does not exist
02:16:02.173 [Test worker] DEBUG org.springframework.test.context.support.AbstractContextLoader - Did not detect default resource location for test class [com.epam.esm.controller.api.impl.CertificateControllerImplUnitTest]: class path resource [com/epam/esm/controller/api/impl/CertificateControllerImplUnitTestContext.groovy] does not exist
02:16:02.173 [Test worker] INFO org.springframework.test.context.support.AbstractContextLoader - Could not detect default resource locations for test class [com.epam.esm.controller.api.impl.CertificateControllerImplUnitTest]: no resource found for suffixes {-context.xml, Context.groovy}.
02:16:02.174 [Test worker] INFO org.springframework.test.context.support.AnnotationConfigContextLoaderUtils - Could not detect default configuration classes for test class [com.epam.esm.controller.api.impl.CertificateControllerImplUnitTest]: CertificateControllerImplUnitTest does not declare any static, non-private, non-final, nested classes annotated with @Configuration.
02:16:02.253 [Test worker] DEBUG org.springframework.test.context.support.ActiveProfilesUtils - Could not find an 'annotation declaring class' for annotation type [org.springframework.test.context.ActiveProfiles] and class [com.epam.esm.controller.api.impl.CertificateControllerImplUnitTest]
02:16:02.415 [Test worker] DEBUG org.springframework.context.annotation.ClassPathScanningCandidateComponentProvider - Identified candidate component class: file [C:\Java\Labs\SpringBoot\jpa-plus-hibernate-plus-spring-boot-based-rest-api\build\classes\java\main\com\epam\esm\Runner.class]
02:16:02.417 [Test worker] INFO org.springframework.boot.test.context.SpringBootTestContextBootstrapper - Found @SpringBootConfiguration com.epam.esm.Runner for test class com.epam.esm.controller.api.impl.CertificateControllerImplUnitTest
02:16:02.580 [Test worker] DEBUG org.springframework.boot.test.context.SpringBootTestContextBootstrapper - @TestExecutionListeners is not present for class [com.epam.esm.controller.api.impl.CertificateControllerImplUnitTest]: using defaults.
02:16:02.580 [Test worker] INFO org.springframework.boot.test.context.SpringBootTestContextBootstrapper - Loaded default TestExecutionListener class names from location [META-INF/spring.factories]: [org.springframework.boot.test.autoconfigure.restdocs.RestDocsTestExecutionListener, org.springframework.boot.test.autoconfigure.web.client.MockRestServiceServerResetTestExecutionListener, org.springframework.boot.test.autoconfigure.web.servlet.MockMvcPrintOnlyOnFailureTestExecutionListener, org.springframework.boot.test.autoconfigure.web.servlet.WebDriverTestExecutionListener, org.springframework.boot.test.autoconfigure.webservices.client.MockWebServiceServerTestExecutionListener, org.springframework.boot.test.mock.mockito.MockitoTestExecutionListener, org.springframework.boot.test.mock.mockito.ResetMocksTestExecutionListener, org.springframework.test.context.web.ServletTestExecutionListener, org.springframework.test.context.support.DirtiesContextBeforeModesTestExecutionListener, org.springframework.test.context.event.ApplicationEventsTestExecutionListener, org.springframework.test.context.support.DependencyInjectionTestExecutionListener, org.springframework.test.context.support.DirtiesContextTestExecutionListener, org.springframework.test.context.transaction.TransactionalTestExecutionListener, org.springframework.test.context.jdbc.SqlScriptsTestExecutionListener, org.springframework.test.context.event.EventPublishingTestExecutionListener]
02:16:02.618 [Test worker] INFO org.springframework.boot.test.context.SpringBootTestContextBootstrapper - Using TestExecutionListeners: [org.springframework.test.context.web.ServletTestExecutionListener@362453f3, org.springframework.test.context.support.DirtiesContextBeforeModesTestExecutionListener@29cca832, org.springframework.test.context.event.ApplicationEventsTestExecutionListener@35f66ce5, org.springframework.boot.test.mock.mockito.MockitoTestExecutionListener@504cba84, org.springframework.boot.test.autoconfigure.SpringBootDependencyInjectionTestExecutionListener@4463d0b5, org.springframework.test.context.support.DirtiesContextTestExecutionListener@8226d33, org.springframework.test.context.transaction.TransactionalTestExecutionListener@eb5a996, org.springframework.test.context.jdbc.SqlScriptsTestExecutionListener@3b98ba5e, org.springframework.test.context.event.EventPublishingTestExecutionListener@612423e0, org.springframework.boot.test.autoconfigure.restdocs.RestDocsTestExecutionListener@7af49102, org.springframework.boot.test.autoconfigure.web.client.MockRestServiceServerResetTestExecutionListener@592e6ed3, org.springframework.boot.test.autoconfigure.web.servlet.MockMvcPrintOnlyOnFailureTestExecutionListener@279a75e2, org.springframework.boot.test.autoconfigure.web.servlet.WebDriverTestExecutionListener@67e169d2, org.springframework.boot.test.autoconfigure.webservices.client.MockWebServiceServerTestExecutionListener@39c398ad, org.springframework.boot.test.mock.mockito.ResetMocksTestExecutionListener@133131b0]
02:16:02.625 [Test worker] DEBUG org.springframework.test.context.support.AbstractDirtiesContextTestExecutionListener - Before test class: context [DefaultTestContext@6aa6fe29 testClass = CertificateControllerImplUnitTest, testInstance = [null], testMethod = [null], testException = [null], mergedContextConfiguration = [WebMergedContextConfiguration@2456480d testClass = CertificateControllerImplUnitTest, locations = '{}', classes = '{class com.epam.esm.Runner}', contextInitializerClasses = '[]', activeProfiles = '{}', propertySourceLocations = '{}', propertySourceProperties = '{org.springframework.boot.test.context.SpringBootTestContextBootstrapper=true}', contextCustomizers = set[org.springframework.boot.test.autoconfigure.actuate.metrics.MetricsExportContextCustomizerFactory$DisableMetricExportContextCustomizer@236bca6c, org.springframework.boot.test.autoconfigure.properties.PropertyMappingContextCustomizer@0, org.springframework.boot.test.autoconfigure.web.servlet.WebDriverContextCustomizerFactory$Customizer@33e543c4, org.springframework.boot.test.context.filter.ExcludeFilterContextCustomizer@23170f83, org.springframework.boot.test.json.DuplicateJsonObjectContextCustomizerFactory$DuplicateJsonObjectContextCustomizer@3879a946, org.springframework.boot.test.mock.mockito.MockitoContextCustomizer@0, org.springframework.boot.test.web.client.TestRestTemplateContextCustomizer@7f95e2dd, org.springframework.boot.test.context.SpringBootTestArgs@1, org.springframework.boot.test.context.SpringBootTestWebEnvironment@b17dc7a], resourceBasePath = 'src/main/webapp', contextLoader = 'org.springframework.boot.test.context.SpringBootContextLoader', parent = [null]], attributes = map['org.springframework.test.context.web.ServletTestExecutionListener.activateListener' -> true]], class annotated with @DirtiesContext [false] with mode [null].
2022-05-10 02:16:03.167  INFO 9516 --- [    Test worker] .c.a.i.CertificateControllerImplUnitTest : Starting CertificateControllerImplUnitTest using Java 1.8.0_302 on DESKTOP-US0M6L4 with PID 9516 (started by Vox in C:\Java\Labs\SpringBoot\jpa-plus-hibernate-plus-spring-boot-based-rest-api)
2022-05-10 02:16:03.170  INFO 9516 --- [    Test worker] .c.a.i.CertificateControllerImplUnitTest : The following 1 profile is active: "production"
2022-05-10 02:16:04.419  INFO 9516 --- [    Test worker] .s.d.r.c.RepositoryConfigurationDelegate : Bootstrapping Spring Data JPA repositories in DEFAULT mode.
2022-05-10 02:16:04.591  INFO 9516 --- [    Test worker] .s.d.r.c.RepositoryConfigurationDelegate : Finished Spring Data repository scanning in 158 ms. Found 8 JPA repository interfaces.
2022-05-10 02:16:06.635  INFO 9516 --- [    Test worker] o.hibernate.jpa.internal.util.LogHelper  : HHH000204: Processing PersistenceUnitInfo [name: default]
2022-05-10 02:16:06.754  INFO 9516 --- [    Test worker] org.hibernate.Version                    : HHH000412: Hibernate ORM core version 5.6.5.Final
2022-05-10 02:16:07.083  INFO 9516 --- [    Test worker] o.hibernate.annotations.common.Version   : HCANN000001: Hibernate Commons Annotations {5.1.2.Final}
2022-05-10 02:16:07.145 DEBUG 9516 --- [    Test worker] org.hibernate.type.BasicTypeRegistry     : Adding type registration boolean -> org.hibernate.type.BooleanType@4d73546a
2022-05-10 02:16:07.146 DEBUG 9516 --- [    Test worker] org.hibernate.type.BasicTypeRegistry     : Adding type registration boolean -> org.hibernate.type.BooleanType@4d73546a
2022-05-10 02:16:07.146 DEBUG 9516 --- [    Test worker] org.hibernate.type.BasicTypeRegistry     : Adding type registration java.lang.Boolean -> org.hibernate.type.BooleanType@4d73546a
2022-05-10 02:16:07.147 DEBUG 9516 --- [    Test worker] org.hibernate.type.BasicTypeRegistry     : Adding type registration numeric_boolean -> org.hibernate.type.NumericBooleanType@5993428e
2022-05-10 02:16:07.149 DEBUG 9516 --- [    Test worker] org.hibernate.type.BasicTypeRegistry     : Adding type registration true_false -> org.hibernate.type.TrueFalseType@48ef778e
2022-05-10 02:16:07.150 DEBUG 9516 --- [    Test worker] org.hibernate.type.BasicTypeRegistry     : Adding type registration yes_no -> org.hibernate.type.YesNoType@decc0e9
2022-05-10 02:16:07.152 DEBUG 9516 --- [    Test worker] org.hibernate.type.BasicTypeRegistry     : Adding type registration byte -> org.hibernate.type.ByteType@223c6dc4
2022-05-10 02:16:07.152 DEBUG 9516 --- [    Test worker] org.hibernate.type.BasicTypeRegistry     : Adding type registration byte -> org.hibernate.type.ByteType@223c6dc4
2022-05-10 02:16:07.153 DEBUG 9516 --- [    Test worker] org.hibernate.type.BasicTypeRegistry     : Adding type registration java.lang.Byte -> org.hibernate.type.ByteType@223c6dc4
2022-05-10 02:16:07.155 DEBUG 9516 --- [    Test worker] org.hibernate.type.BasicTypeRegistry     : Adding type registration character -> org.hibernate.type.CharacterType@79def4a4
2022-05-10 02:16:07.156 DEBUG 9516 --- [    Test worker] org.hibernate.type.BasicTypeRegistry     : Adding type registration char -> org.hibernate.type.CharacterType@79def4a4
2022-05-10 02:16:07.156 DEBUG 9516 --- [    Test worker] org.hibernate.type.BasicTypeRegistry     : Adding type registration java.lang.Character -> org.hibernate.type.CharacterType@79def4a4
2022-05-10 02:16:07.158 DEBUG 9516 --- [    Test worker] org.hibernate.type.BasicTypeRegistry     : Adding type registration short -> org.hibernate.type.ShortType@6dcd32fa
2022-05-10 02:16:07.159 DEBUG 9516 --- [    Test worker] org.hibernate.type.BasicTypeRegistry     : Adding type registration short -> org.hibernate.type.ShortType@6dcd32fa
2022-05-10 02:16:07.159 DEBUG 9516 --- [    Test worker] org.hibernate.type.BasicTypeRegistry     : Adding type registration java.lang.Short -> org.hibernate.type.ShortType@6dcd32fa
2022-05-10 02:16:07.162 DEBUG 9516 --- [    Test worker] org.hibernate.type.BasicTypeRegistry     : Adding type registration integer -> org.hibernate.type.IntegerType@602c9668
2022-05-10 02:16:07.162 DEBUG 9516 --- [    Test worker] org.hibernate.type.BasicTypeRegistry     : Adding type registration int -> org.hibernate.type.IntegerType@602c9668
2022-05-10 02:16:07.162 DEBUG 9516 --- [    Test worker] org.hibernate.type.BasicTypeRegistry     : Adding type registration java.lang.Integer -> org.hibernate.type.IntegerType@602c9668
2022-05-10 02:16:07.164 DEBUG 9516 --- [    Test worker] org.hibernate.type.BasicTypeRegistry     : Adding type registration long -> org.hibernate.type.LongType@4f6ff5db
2022-05-10 02:16:07.165 DEBUG 9516 --- [    Test worker] org.hibernate.type.BasicTypeRegistry     : Adding type registration long -> org.hibernate.type.LongType@4f6ff5db
2022-05-10 02:16:07.165 DEBUG 9516 --- [    Test worker] org.hibernate.type.BasicTypeRegistry     : Adding type registration java.lang.Long -> org.hibernate.type.LongType@4f6ff5db
2022-05-10 02:16:07.168 DEBUG 9516 --- [    Test worker] org.hibernate.type.BasicTypeRegistry     : Adding type registration float -> org.hibernate.type.FloatType@44cad91f
2022-05-10 02:16:07.168 DEBUG 9516 --- [    Test worker] org.hibernate.type.BasicTypeRegistry     : Adding type registration float -> org.hibernate.type.FloatType@44cad91f
2022-05-10 02:16:07.168 DEBUG 9516 --- [    Test worker] org.hibernate.type.BasicTypeRegistry     : Adding type registration java.lang.Float -> org.hibernate.type.FloatType@44cad91f
2022-05-10 02:16:07.171 DEBUG 9516 --- [    Test worker] org.hibernate.type.BasicTypeRegistry     : Adding type registration double -> org.hibernate.type.DoubleType@1e2a99b4
2022-05-10 02:16:07.171 DEBUG 9516 --- [    Test worker] org.hibernate.type.BasicTypeRegistry     : Adding type registration double -> org.hibernate.type.DoubleType@1e2a99b4
2022-05-10 02:16:07.171 DEBUG 9516 --- [    Test worker] org.hibernate.type.BasicTypeRegistry     : Adding type registration java.lang.Double -> org.hibernate.type.DoubleType@1e2a99b4
2022-05-10 02:16:07.174 DEBUG 9516 --- [    Test worker] org.hibernate.type.BasicTypeRegistry     : Adding type registration big_decimal -> org.hibernate.type.BigDecimalType@4817400a
2022-05-10 02:16:07.174 DEBUG 9516 --- [    Test worker] org.hibernate.type.BasicTypeRegistry     : Adding type registration java.math.BigDecimal -> org.hibernate.type.BigDecimalType@4817400a
2022-05-10 02:16:07.177 DEBUG 9516 --- [    Test worker] org.hibernate.type.BasicTypeRegistry     : Adding type registration big_integer -> org.hibernate.type.BigIntegerType@15ee5a93
2022-05-10 02:16:07.177 DEBUG 9516 --- [    Test worker] org.hibernate.type.BasicTypeRegistry     : Adding type registration java.math.BigInteger -> org.hibernate.type.BigIntegerType@15ee5a93
2022-05-10 02:16:07.179 DEBUG 9516 --- [    Test worker] org.hibernate.type.BasicTypeRegistry     : Adding type registration string -> org.hibernate.type.StringType@38442b77
2022-05-10 02:16:07.180 DEBUG 9516 --- [    Test worker] org.hibernate.type.BasicTypeRegistry     : Adding type registration java.lang.String -> org.hibernate.type.StringType@38442b77
2022-05-10 02:16:07.181 DEBUG 9516 --- [    Test worker] org.hibernate.type.BasicTypeRegistry     : Adding type registration nstring -> org.hibernate.type.StringNVarcharType@71457771
2022-05-10 02:16:07.182 DEBUG 9516 --- [    Test worker] org.hibernate.type.BasicTypeRegistry     : Adding type registration ncharacter -> org.hibernate.type.CharacterNCharType@191c32b1
2022-05-10 02:16:07.185 DEBUG 9516 --- [    Test worker] org.hibernate.type.BasicTypeRegistry     : Adding type registration url -> org.hibernate.type.UrlType@bf4af7b
2022-05-10 02:16:07.185 DEBUG 9516 --- [    Test worker] org.hibernate.type.BasicTypeRegistry     : Adding type registration java.net.URL -> org.hibernate.type.UrlType@bf4af7b
2022-05-10 02:16:07.187 DEBUG 9516 --- [    Test worker] org.hibernate.type.BasicTypeRegistry     : Adding type registration Duration -> org.hibernate.type.DurationType@71c5f2ce
2022-05-10 02:16:07.188 DEBUG 9516 --- [    Test worker] org.hibernate.type.BasicTypeRegistry     : Adding type registration java.time.Duration -> org.hibernate.type.DurationType@71c5f2ce
2022-05-10 02:16:07.190 DEBUG 9516 --- [    Test worker] org.hibernate.type.BasicTypeRegistry     : Adding type registration Instant -> org.hibernate.type.InstantType@5ba16796
2022-05-10 02:16:07.191 DEBUG 9516 --- [    Test worker] org.hibernate.type.BasicTypeRegistry     : Adding type registration java.time.Instant -> org.hibernate.type.InstantType@5ba16796
2022-05-10 02:16:07.194 DEBUG 9516 --- [    Test worker] org.hibernate.type.BasicTypeRegistry     : Adding type registration LocalDateTime -> org.hibernate.type.LocalDateTimeType@52eef60d
2022-05-10 02:16:07.195 DEBUG 9516 --- [    Test worker] org.hibernate.type.BasicTypeRegistry     : Adding type registration java.time.LocalDateTime -> org.hibernate.type.LocalDateTimeType@52eef60d
2022-05-10 02:16:07.197 DEBUG 9516 --- [    Test worker] org.hibernate.type.BasicTypeRegistry     : Adding type registration LocalDate -> org.hibernate.type.LocalDateType@415907b5
2022-05-10 02:16:07.197 DEBUG 9516 --- [    Test worker] org.hibernate.type.BasicTypeRegistry     : Adding type registration java.time.LocalDate -> org.hibernate.type.LocalDateType@415907b5
2022-05-10 02:16:07.199 DEBUG 9516 --- [    Test worker] org.hibernate.type.BasicTypeRegistry     : Adding type registration LocalTime -> org.hibernate.type.LocalTimeType@569f0202
2022-05-10 02:16:07.200 DEBUG 9516 --- [    Test worker] org.hibernate.type.BasicTypeRegistry     : Adding type registration java.time.LocalTime -> org.hibernate.type.LocalTimeType@569f0202
2022-05-10 02:16:07.202 DEBUG 9516 --- [    Test worker] org.hibernate.type.BasicTypeRegistry     : Adding type registration OffsetDateTime -> org.hibernate.type.OffsetDateTimeType@24cceb00
2022-05-10 02:16:07.202 DEBUG 9516 --- [    Test worker] org.hibernate.type.BasicTypeRegistry     : Adding type registration java.time.OffsetDateTime -> org.hibernate.type.OffsetDateTimeType@24cceb00
2022-05-10 02:16:07.205 DEBUG 9516 --- [    Test worker] org.hibernate.type.BasicTypeRegistry     : Adding type registration OffsetTime -> org.hibernate.type.OffsetTimeType@5c46c083
2022-05-10 02:16:07.205 DEBUG 9516 --- [    Test worker] org.hibernate.type.BasicTypeRegistry     : Adding type registration java.time.OffsetTime -> org.hibernate.type.OffsetTimeType@5c46c083
2022-05-10 02:16:07.209 DEBUG 9516 --- [    Test worker] org.hibernate.type.BasicTypeRegistry     : Adding type registration ZonedDateTime -> org.hibernate.type.ZonedDateTimeType@69f82813
2022-05-10 02:16:07.209 DEBUG 9516 --- [    Test worker] org.hibernate.type.BasicTypeRegistry     : Adding type registration java.time.ZonedDateTime -> org.hibernate.type.ZonedDateTimeType@69f82813
2022-05-10 02:16:07.212 DEBUG 9516 --- [    Test worker] org.hibernate.type.BasicTypeRegistry     : Adding type registration date -> org.hibernate.type.DateType@61424282
2022-05-10 02:16:07.213 DEBUG 9516 --- [    Test worker] org.hibernate.type.BasicTypeRegistry     : Adding type registration java.sql.Date -> org.hibernate.type.DateType@61424282
2022-05-10 02:16:07.215 DEBUG 9516 --- [    Test worker] org.hibernate.type.BasicTypeRegistry     : Adding type registration time -> org.hibernate.type.TimeType@4dee2565
2022-05-10 02:16:07.216 DEBUG 9516 --- [    Test worker] org.hibernate.type.BasicTypeRegistry     : Adding type registration java.sql.Time -> org.hibernate.type.TimeType@4dee2565
2022-05-10 02:16:07.218 DEBUG 9516 --- [    Test worker] org.hibernate.type.BasicTypeRegistry     : Adding type registration timestamp -> org.hibernate.type.TimestampType@7c74ff4a
2022-05-10 02:16:07.219 DEBUG 9516 --- [    Test worker] org.hibernate.type.BasicTypeRegistry     : Adding type registration java.sql.Timestamp -> org.hibernate.type.TimestampType@7c74ff4a
2022-05-10 02:16:07.219 DEBUG 9516 --- [    Test worker] org.hibernate.type.BasicTypeRegistry     : Adding type registration java.util.Date -> org.hibernate.type.TimestampType@7c74ff4a
2022-05-10 02:16:07.222 DEBUG 9516 --- [    Test worker] org.hibernate.type.BasicTypeRegistry     : Adding type registration dbtimestamp -> org.hibernate.type.DbTimestampType@2a1d282e
2022-05-10 02:16:07.225 DEBUG 9516 --- [    Test worker] org.hibernate.type.BasicTypeRegistry     : Adding type registration calendar -> org.hibernate.type.CalendarType@738d5336
2022-05-10 02:16:07.225 DEBUG 9516 --- [    Test worker] org.hibernate.type.BasicTypeRegistry     : Adding type registration java.util.Calendar -> org.hibernate.type.CalendarType@738d5336
2022-05-10 02:16:07.225 DEBUG 9516 --- [    Test worker] org.hibernate.type.BasicTypeRegistry     : Adding type registration java.util.GregorianCalendar -> org.hibernate.type.CalendarType@738d5336
2022-05-10 02:16:07.227 DEBUG 9516 --- [    Test worker] org.hibernate.type.BasicTypeRegistry     : Adding type registration calendar_date -> org.hibernate.type.CalendarDateType@10e777e4
2022-05-10 02:16:07.230 DEBUG 9516 --- [    Test worker] org.hibernate.type.BasicTypeRegistry     : Adding type registration calendar_time -> org.hibernate.type.CalendarTimeType@643c07a8
2022-05-10 02:16:07.232 DEBUG 9516 --- [    Test worker] org.hibernate.type.BasicTypeRegistry     : Adding type registration locale -> org.hibernate.type.LocaleType@838aac5
2022-05-10 02:16:07.232 DEBUG 9516 --- [    Test worker] org.hibernate.type.BasicTypeRegistry     : Adding type registration java.util.Locale -> org.hibernate.type.LocaleType@838aac5
2022-05-10 02:16:07.234 DEBUG 9516 --- [    Test worker] org.hibernate.type.BasicTypeRegistry     : Adding type registration currency -> org.hibernate.type.CurrencyType@612f4648
2022-05-10 02:16:07.235 DEBUG 9516 --- [    Test worker] org.hibernate.type.BasicTypeRegistry     : Adding type registration java.util.Currency -> org.hibernate.type.CurrencyType@612f4648
2022-05-10 02:16:07.236 DEBUG 9516 --- [    Test worker] org.hibernate.type.BasicTypeRegistry     : Adding type registration timezone -> org.hibernate.type.TimeZoneType@793e5ff0
2022-05-10 02:16:07.237 DEBUG 9516 --- [    Test worker] org.hibernate.type.BasicTypeRegistry     : Adding type registration java.util.TimeZone -> org.hibernate.type.TimeZoneType@793e5ff0
2022-05-10 02:16:07.238 DEBUG 9516 --- [    Test worker] org.hibernate.type.BasicTypeRegistry     : Adding type registration class -> org.hibernate.type.ClassType@ace888b
2022-05-10 02:16:07.239 DEBUG 9516 --- [    Test worker] org.hibernate.type.BasicTypeRegistry     : Adding type registration java.lang.Class -> org.hibernate.type.ClassType@ace888b
2022-05-10 02:16:07.241 DEBUG 9516 --- [    Test worker] org.hibernate.type.BasicTypeRegistry     : Adding type registration uuid-binary -> org.hibernate.type.UUIDBinaryType@22c6e062
2022-05-10 02:16:07.241 DEBUG 9516 --- [    Test worker] org.hibernate.type.BasicTypeRegistry     : Adding type registration java.util.UUID -> org.hibernate.type.UUIDBinaryType@22c6e062
2022-05-10 02:16:07.242 DEBUG 9516 --- [    Test worker] org.hibernate.type.BasicTypeRegistry     : Adding type registration uuid-char -> org.hibernate.type.UUIDCharType@469fc128
2022-05-10 02:16:07.245 DEBUG 9516 --- [    Test worker] org.hibernate.type.BasicTypeRegistry     : Adding type registration binary -> org.hibernate.type.BinaryType@471ddf17
2022-05-10 02:16:07.245 DEBUG 9516 --- [    Test worker] org.hibernate.type.BasicTypeRegistry     : Adding type registration byte[] -> org.hibernate.type.BinaryType@471ddf17
2022-05-10 02:16:07.245 DEBUG 9516 --- [    Test worker] org.hibernate.type.BasicTypeRegistry     : Adding type registration [B -> org.hibernate.type.BinaryType@471ddf17
2022-05-10 02:16:07.248 DEBUG 9516 --- [    Test worker] org.hibernate.type.BasicTypeRegistry     : Adding type registration wrapper-binary -> org.hibernate.type.WrapperBinaryType@6e7b23ff
2022-05-10 02:16:07.248 DEBUG 9516 --- [    Test worker] org.hibernate.type.BasicTypeRegistry     : Adding type registration Byte[] -> org.hibernate.type.WrapperBinaryType@6e7b23ff
2022-05-10 02:16:07.248 DEBUG 9516 --- [    Test worker] org.hibernate.type.BasicTypeRegistry     : Adding type registration [Ljava.lang.Byte; -> org.hibernate.type.WrapperBinaryType@6e7b23ff
2022-05-10 02:16:07.251 DEBUG 9516 --- [    Test worker] org.hibernate.type.BasicTypeRegistry     : Adding type registration row_version -> org.hibernate.type.RowVersionType@10f650a
2022-05-10 02:16:07.252 DEBUG 9516 --- [    Test worker] org.hibernate.type.BasicTypeRegistry     : Adding type registration image -> org.hibernate.type.ImageType@2caa9bd8
2022-05-10 02:16:07.254 DEBUG 9516 --- [    Test worker] org.hibernate.type.BasicTypeRegistry     : Adding type registration characters -> org.hibernate.type.CharArrayType@178ea1fa
2022-05-10 02:16:07.254 DEBUG 9516 --- [    Test worker] org.hibernate.type.BasicTypeRegistry     : Adding type registration char[] -> org.hibernate.type.CharArrayType@178ea1fa
2022-05-10 02:16:07.254 DEBUG 9516 --- [    Test worker] org.hibernate.type.BasicTypeRegistry     : Adding type registration [C -> org.hibernate.type.CharArrayType@178ea1fa
2022-05-10 02:16:07.256 DEBUG 9516 --- [    Test worker] org.hibernate.type.BasicTypeRegistry     : Adding type registration wrapper-characters -> org.hibernate.type.CharacterArrayType@62705b01
2022-05-10 02:16:07.256 DEBUG 9516 --- [    Test worker] org.hibernate.type.BasicTypeRegistry     : Adding type registration [Ljava.lang.Character; -> org.hibernate.type.CharacterArrayType@62705b01
2022-05-10 02:16:07.256 DEBUG 9516 --- [    Test worker] org.hibernate.type.BasicTypeRegistry     : Adding type registration Character[] -> org.hibernate.type.CharacterArrayType@62705b01
2022-05-10 02:16:07.257 DEBUG 9516 --- [    Test worker] org.hibernate.type.BasicTypeRegistry     : Adding type registration text -> org.hibernate.type.TextType@33ca1203
2022-05-10 02:16:07.258 DEBUG 9516 --- [    Test worker] org.hibernate.type.BasicTypeRegistry     : Adding type registration ntext -> org.hibernate.type.NTextType@3af81355
2022-05-10 02:16:07.262 DEBUG 9516 --- [    Test worker] org.hibernate.type.BasicTypeRegistry     : Adding type registration blob -> org.hibernate.type.BlobType@6f7c617
2022-05-10 02:16:07.262 DEBUG 9516 --- [    Test worker] org.hibernate.type.BasicTypeRegistry     : Adding type registration java.sql.Blob -> org.hibernate.type.BlobType@6f7c617
2022-05-10 02:16:07.263 DEBUG 9516 --- [    Test worker] org.hibernate.type.BasicTypeRegistry     : Adding type registration materialized_blob -> org.hibernate.type.MaterializedBlobType@a39f597
2022-05-10 02:16:07.266 DEBUG 9516 --- [    Test worker] org.hibernate.type.BasicTypeRegistry     : Adding type registration clob -> org.hibernate.type.ClobType@78fa65cd
2022-05-10 02:16:07.266 DEBUG 9516 --- [    Test worker] org.hibernate.type.BasicTypeRegistry     : Adding type registration java.sql.Clob -> org.hibernate.type.ClobType@78fa65cd
2022-05-10 02:16:07.269 DEBUG 9516 --- [    Test worker] org.hibernate.type.BasicTypeRegistry     : Adding type registration nclob -> org.hibernate.type.NClobType@56ac87c2
2022-05-10 02:16:07.269 DEBUG 9516 --- [    Test worker] org.hibernate.type.BasicTypeRegistry     : Adding type registration java.sql.NClob -> org.hibernate.type.NClobType@56ac87c2
2022-05-10 02:16:07.270 DEBUG 9516 --- [    Test worker] org.hibernate.type.BasicTypeRegistry     : Adding type registration materialized_clob -> org.hibernate.type.MaterializedClobType@28cb4b70
2022-05-10 02:16:07.271 DEBUG 9516 --- [    Test worker] org.hibernate.type.BasicTypeRegistry     : Adding type registration materialized_nclob -> org.hibernate.type.MaterializedNClobType@4b5d14aa
2022-05-10 02:16:07.274 DEBUG 9516 --- [    Test worker] org.hibernate.type.BasicTypeRegistry     : Adding type registration serializable -> org.hibernate.type.SerializableType@105befd7
2022-05-10 02:16:07.280 DEBUG 9516 --- [    Test worker] org.hibernate.type.BasicTypeRegistry     : Adding type registration object -> org.hibernate.type.ObjectType@2ef13702
2022-05-10 02:16:07.281 DEBUG 9516 --- [    Test worker] org.hibernate.type.BasicTypeRegistry     : Adding type registration java.lang.Object -> org.hibernate.type.ObjectType@2ef13702
2022-05-10 02:16:07.282 DEBUG 9516 --- [    Test worker] org.hibernate.type.BasicTypeRegistry     : Adding type registration imm_date -> org.hibernate.type.AdaptedImmutableType@2f9aedd1
2022-05-10 02:16:07.282 DEBUG 9516 --- [    Test worker] org.hibernate.type.BasicTypeRegistry     : Adding type registration imm_time -> org.hibernate.type.AdaptedImmutableType@8748607
2022-05-10 02:16:07.282 DEBUG 9516 --- [    Test worker] org.hibernate.type.BasicTypeRegistry     : Adding type registration imm_timestamp -> org.hibernate.type.AdaptedImmutableType@2f38d56f
2022-05-10 02:16:07.282 DEBUG 9516 --- [    Test worker] org.hibernate.type.BasicTypeRegistry     : Adding type registration imm_dbtimestamp -> org.hibernate.type.AdaptedImmutableType@db9ee2d
2022-05-10 02:16:07.283 DEBUG 9516 --- [    Test worker] org.hibernate.type.BasicTypeRegistry     : Adding type registration imm_calendar -> org.hibernate.type.AdaptedImmutableType@75b56e2e
2022-05-10 02:16:07.283 DEBUG 9516 --- [    Test worker] org.hibernate.type.BasicTypeRegistry     : Adding type registration imm_calendar_date -> org.hibernate.type.AdaptedImmutableType@59dd9a21
2022-05-10 02:16:07.283 DEBUG 9516 --- [    Test worker] org.hibernate.type.BasicTypeRegistry     : Adding type registration imm_binary -> org.hibernate.type.AdaptedImmutableType@30a7afd8
2022-05-10 02:16:07.283 DEBUG 9516 --- [    Test worker] org.hibernate.type.BasicTypeRegistry     : Adding type registration imm_serializable -> org.hibernate.type.AdaptedImmutableType@722df767
2022-05-10 02:16:07.708  INFO 9516 --- [    Test worker] org.hibernate.dialect.Dialect            : HHH000400: Using dialect: org.hibernate.dialect.MySQL5Dialect
2022-05-10 02:16:07.757 DEBUG 9516 --- [    Test worker] o.h.type.spi.TypeConfiguration$Scope     : Scoping TypeConfiguration [org.hibernate.type.spi.TypeConfiguration@158f8e69] to MetadataBuildingContext [org.hibernate.boot.internal.MetadataBuildingContextRootImpl@2e942fa4]
2022-05-10 02:16:08.115 DEBUG 9516 --- [    Test worker] o.h.type.spi.TypeConfiguration$Scope     : Scoping TypeConfiguration [org.hibernate.type.spi.TypeConfiguration@158f8e69] to SessionFactoryImpl [org.hibernate.internal.SessionFactoryImpl@223f4603]
2022-05-10 02:16:08.667 DEBUG 9516 --- [    Test worker] org.hibernate.SQL                        : drop table if exists certificate
2022-05-10 02:16:08.861 DEBUG 9516 --- [    Test worker] org.hibernate.SQL                        : drop table if exists certificate_Tag
2022-05-10 02:16:09.223 DEBUG 9516 --- [    Test worker] org.hibernate.SQL                        : drop table if exists purchase
2022-05-10 02:16:09.370 DEBUG 9516 --- [    Test worker] org.hibernate.SQL                        : drop table if exists Tag
2022-05-10 02:16:09.592 DEBUG 9516 --- [    Test worker] org.hibernate.SQL                        : drop table if exists user
2022-05-10 02:16:09.739 DEBUG 9516 --- [    Test worker] org.hibernate.SQL                        : drop table if exists user_purchase
2022-05-10 02:16:09.890 DEBUG 9516 --- [    Test worker] org.hibernate.SQL                        : create table certificate (id bigint not null auto_increment, createDate datetime, duration integer, lastUpdateDate datetime, name varchar(255), price integer, primary key (id)) engine=MyISAM
2022-05-10 02:16:10.021 DEBUG 9516 --- [    Test worker] org.hibernate.SQL                        : create table certificate_Tag (Certificate_id bigint not null, description_id bigint not null) engine=MyISAM
2022-05-10 02:16:10.168 DEBUG 9516 --- [    Test worker] org.hibernate.SQL                        : create table purchase (id bigint not null auto_increment, cost integer, timestamp datetime, certificate_id bigint, user_id bigint, primary key (id)) engine=MyISAM
2022-05-10 02:16:10.336 DEBUG 9516 --- [    Test worker] org.hibernate.SQL                        : create table Tag (id bigint not null auto_increment, name varchar(255), primary key (id)) engine=MyISAM
2022-05-10 02:16:10.525 DEBUG 9516 --- [    Test worker] org.hibernate.SQL                        : create table user (id bigint not null auto_increment, primary key (id)) engine=MyISAM
2022-05-10 02:16:10.649 DEBUG 9516 --- [    Test worker] org.hibernate.SQL                        : create table user_purchase (User_id bigint not null, purchases_id bigint not null) engine=MyISAM
2022-05-10 02:16:10.796 DEBUG 9516 --- [    Test worker] org.hibernate.SQL                        : alter table Tag add constraint UK_24642shpebunaq3ggshotv9hk unique (name)
2022-05-10 02:16:11.143 DEBUG 9516 --- [    Test worker] org.hibernate.SQL                        : alter table user_purchase add constraint UK_7rmpmviite1smah65caj672sc unique (purchases_id)
2022-05-10 02:16:11.411 DEBUG 9516 --- [    Test worker] org.hibernate.SQL                        : alter table certificate_Tag add constraint FK46o2fnhvhcjcyvny5lvdg6xbw foreign key (description_id) references Tag (id)
2022-05-10 02:16:11.724 DEBUG 9516 --- [    Test worker] org.hibernate.SQL                        : alter table certificate_Tag add constraint FKab4xfsgf58gvdvcw9k22ur01g foreign key (Certificate_id) references certificate (id)
2022-05-10 02:16:11.993 DEBUG 9516 --- [    Test worker] org.hibernate.SQL                        : alter table purchase add constraint FKhgxcp4wnvr6iyybhp261ia8ef foreign key (certificate_id) references certificate (id)
2022-05-10 02:16:12.283 DEBUG 9516 --- [    Test worker] org.hibernate.SQL                        : alter table purchase add constraint FK86i0stm7cqsglqptdvjij1k3m foreign key (user_id) references user (id)
2022-05-10 02:16:12.552 DEBUG 9516 --- [    Test worker] org.hibernate.SQL                        : alter table user_purchase add constraint FKeatioulucri54r6li94xquuuu foreign key (purchases_id) references purchase (id)
2022-05-10 02:16:12.853 DEBUG 9516 --- [    Test worker] org.hibernate.SQL                        : alter table user_purchase add constraint FK94yhegstbjg082lcx7fih70xc foreign key (User_id) references user (id)
2022-05-10 02:16:13.186  INFO 9516 --- [    Test worker] o.h.e.t.j.p.i.JtaPlatformInitiator       : HHH000490: Using JtaPlatform implementation: [org.hibernate.engine.transaction.jta.platform.internal.NoJtaPlatform]
2022-05-10 02:16:13.195 TRACE 9516 --- [    Test worker] o.h.type.spi.TypeConfiguration$Scope     : Handling #sessionFactoryCreated from [org.hibernate.internal.SessionFactoryImpl@223f4603] for TypeConfiguration
2022-05-10 02:16:13.196  INFO 9516 --- [    Test worker] j.LocalContainerEntityManagerFactoryBean : Initialized JPA EntityManagerFactory for persistence unit 'default'
2022-05-10 02:16:14.527  WARN 9516 --- [    Test worker] JpaBaseConfiguration$JpaWebConfiguration : spring.jpa.open-in-view is enabled by default. Therefore, database queries may be performed during view rendering. Explicitly configure spring.jpa.open-in-view to disable this warning
2022-05-10 02:16:20.650  INFO 9516 --- [    Test worker] o.s.b.a.e.web.EndpointLinksResolver      : Exposing 13 endpoint(s) beneath base path '/actuator'
2022-05-10 02:16:20.833  INFO 9516 --- [    Test worker] .c.a.i.CertificateControllerImplUnitTest : Started CertificateControllerImplUnitTest in 18.148 seconds (JVM running for 20.154)
2022-05-10 02:16:21.521  INFO 9516 --- [    Test worker] o.s.mock.web.MockServletContext          : Initializing Spring TestDispatcherServlet ''
2022-05-10 02:16:21.521  INFO 9516 --- [    Test worker] o.s.t.web.servlet.TestDispatcherServlet  : Initializing Servlet ''
2022-05-10 02:16:21.522  INFO 9516 --- [    Test worker] o.s.t.web.servlet.TestDispatcherServlet  : Completed initialization in 1 ms
2022-05-10 02:16:22.156  INFO 9516 --- [    Test worker] o.s.mock.web.MockServletContext          : Initializing Spring TestDispatcherServlet ''
2022-05-10 02:16:22.156  INFO 9516 --- [    Test worker] o.s.t.web.servlet.TestDispatcherServlet  : Initializing Servlet ''
2022-05-10 02:16:22.156  INFO 9516 --- [    Test worker] o.s.t.web.servlet.TestDispatcherServlet  : Completed initialization in 0 ms
2022-05-10 02:16:22.232  INFO 9516 --- [    Test worker] o.s.mock.web.MockServletContext          : Initializing Spring TestDispatcherServlet ''
2022-05-10 02:16:22.232  INFO 9516 --- [    Test worker] o.s.t.web.servlet.TestDispatcherServlet  : Initializing Servlet ''
2022-05-10 02:16:22.232  INFO 9516 --- [    Test worker] o.s.t.web.servlet.TestDispatcherServlet  : Completed initialization in 0 ms
2022-05-10 02:16:22.289  INFO 9516 --- [    Test worker] o.s.mock.web.MockServletContext          : Initializing Spring TestDispatcherServlet ''
2022-05-10 02:16:22.289  INFO 9516 --- [    Test worker] o.s.t.web.servlet.TestDispatcherServlet  : Initializing Servlet ''
2022-05-10 02:16:22.290  INFO 9516 --- [    Test worker] o.s.t.web.servlet.TestDispatcherServlet  : Completed initialization in 1 ms
2022-05-10 02:16:22.337  INFO 9516 --- [    Test worker] o.s.mock.web.MockServletContext          : Initializing Spring TestDispatcherServlet ''
2022-05-10 02:16:22.338  INFO 9516 --- [    Test worker] o.s.t.web.servlet.TestDispatcherServlet  : Initializing Servlet ''
2022-05-10 02:16:22.338  INFO 9516 --- [    Test worker] o.s.t.web.servlet.TestDispatcherServlet  : Completed initialization in 0 ms
2022-05-10 02:16:22.627  INFO 9516 --- [    Test worker] o.s.mock.web.MockServletContext          : Initializing Spring TestDispatcherServlet ''
2022-05-10 02:16:22.629  INFO 9516 --- [    Test worker] o.s.t.web.servlet.TestDispatcherServlet  : Initializing Servlet ''
2022-05-10 02:16:22.631  INFO 9516 --- [    Test worker] o.s.t.web.servlet.TestDispatcherServlet  : Completed initialization in 0 ms
]]></system-out>
  <system-err><![CDATA[]]></system-err>
</testsuite>
