<?xml version="1.0" encoding="UTF-8"?>
<testsuite name="com.epam.esm.controller.api.impl.CertificateSearchControllerImplTest" tests="4" skipped="0" failures="0" errors="0" timestamp="2022-05-14T21:39:12" hostname="DESKTOP-US0M6L4" time="0.075">
  <properties/>
  <testcase name="searchCertificatesByPartOfNameOrDescription_fail_badRequest_badOrderParamValue()" classname="com.epam.esm.controller.api.impl.CertificateSearchControllerImplTest" time="0.021"/>
  <testcase name="searchCertificatesByPartOfNameOrDescription_fail_badRequest_badSortByParamValue()" classname="com.epam.esm.controller.api.impl.CertificateSearchControllerImplTest" time="0.02"/>
  <testcase name="searchCertificatesByPartOfNameOrDescription_fail_badRequest_badParamName()" classname="com.epam.esm.controller.api.impl.CertificateSearchControllerImplTest" time="0.011"/>
  <testcase name="searchCertificatesByPartOfNameOrDescription_success()" classname="com.epam.esm.controller.api.impl.CertificateSearchControllerImplTest" time="0.02"/>
  <system-out><![CDATA[2022-05-15 00:39:12.253  INFO 7972 --- [    Test worker] o.s.mock.web.MockServletContext          : Initializing Spring TestDispatcherServlet ''
2022-05-15 00:39:12.253  INFO 7972 --- [    Test worker] o.s.t.web.servlet.TestDispatcherServlet  : Initializing Servlet ''
2022-05-15 00:39:12.254  INFO 7972 --- [    Test worker] o.s.t.web.servlet.TestDispatcherServlet  : Completed initialization in 1 ms
2022-05-15 00:39:12.281  INFO 7972 --- [    Test worker] o.s.mock.web.MockServletContext          : Initializing Spring TestDispatcherServlet ''
2022-05-15 00:39:12.281  INFO 7972 --- [    Test worker] o.s.t.web.servlet.TestDispatcherServlet  : Initializing Servlet ''
2022-05-15 00:39:12.281  INFO 7972 --- [    Test worker] o.s.t.web.servlet.TestDispatcherServlet  : Completed initialization in 0 ms
2022-05-15 00:39:12.295  INFO 7972 --- [    Test worker] o.s.mock.web.MockServletContext          : Initializing Spring TestDispatcherServlet ''
2022-05-15 00:39:12.296  INFO 7972 --- [    Test worker] o.s.t.web.servlet.TestDispatcherServlet  : Initializing Servlet ''
2022-05-15 00:39:12.296  INFO 7972 --- [    Test worker] o.s.t.web.servlet.TestDispatcherServlet  : Completed initialization in 0 ms
2022-05-15 00:39:12.306  INFO 7972 --- [    Test worker] o.s.mock.web.MockServletContext          : Initializing Spring TestDispatcherServlet ''
2022-05-15 00:39:12.306  INFO 7972 --- [    Test worker] o.s.t.web.servlet.TestDispatcherServlet  : Initializing Servlet ''
2022-05-15 00:39:12.306  INFO 7972 --- [    Test worker] o.s.t.web.servlet.TestDispatcherServlet  : Completed initialization in 0 ms
]]></system-out>
  <system-err><![CDATA[]]></system-err>
</testsuite>
